BLOCK00/SES002/SA002S12	SES002	1.80396	-48.6503	-50.4543
BLOCK00/SES002/SA002S13	SES002	2.69355	-47.8983	-50.5919
BLOCK00/SES002/SA002S23	SES002	2.26157	-47.8797	-50.1413
BLOCK00/SES002/SA002S26	SES002	2.94267	-47.4632	-50.4059
BLOCK00/SES002/SA002S28	SES002	1.77482	-48.9492	-50.724
BLOCK00/SES007/SA007S14	SES007	1.94749	-48.4644	-50.4119
BLOCK00/SES007/SA007S15	SES007	1.24234	-50.1983	-51.4407
BLOCK00/SES007/SA007S24	SES007	1.22848	-50.0092	-51.2376
BLOCK00/SES007/SA007S27	SES007	0.912254	-50.4722	-51.3845
BLOCK00/SES007/SA007S29	SES007	1.27557	-49.2196	-50.4952
BLOCK00/SES008/SA008S11	SES008	1.71975	-49.8099	-51.5296
BLOCK00/SES008/SA008S12	SES008	1.07888	-50.0303	-51.1091
BLOCK00/SES008/SA008S19	SES008	2.17043	-49.1892	-51.3596
BLOCK00/SES008/SA008S22	SES008	1.74095	-49.8877	-51.6287
BLOCK00/SES008/SA008S29	SES008	1.67591	-49.0547	-50.7306
BLOCK01/SES014/SA014S10	SES014	2.55471	-48.7914	-51.3461
BLOCK01/SES014/SA014S12	SES014	3.46526	-46.3597	-49.825
BLOCK01/SES014/SA014S24	SES014	2.14967	-48.4761	-50.6258
BLOCK01/SES014/SA014S26	SES014	3.37757	-45.9023	-49.2799
BLOCK01/SES014/SA014S28	SES014	3.55681	-46.762	-50.3188
BLOCK01/SES016/SA016S12	SES016	1.75032	-51.9384	-53.6888
BLOCK01/SES016/SA016S13	SES016	2.04945	-50.265	-52.3144
BLOCK01/SES016/SA016S22	SES016	1.27502	-50.9401	-52.2151
BLOCK01/SES016/SA016S25	SES016	2.09274	-48.1878	-50.2805
BLOCK01/SES016/SA016S27	SES016	1.9677	-48.8291	-50.7968
BLOCK01/SES019/SA019S13	SES019	3.18249	-49.0738	-52.2563
BLOCK01/SES019/SA019S14	SES019	2.43718	-49.1342	-51.5714
BLOCK01/SES019/SA019S22	SES019	2.93092	-48.747	-51.6779
BLOCK01/SES019/SA019S25	SES019	3.05857	-48.9549	-52.0135
BLOCK01/SES019/SA019S29	SES019	3.52813	-48.6231	-52.1512
BLOCK02/SES029/SA029S11	SES029	1.46235	-49.8297	-51.2921
BLOCK02/SES029/SA029S12	SES029	0.847912	-50.3376	-51.1855
BLOCK02/SES029/SA029S20	SES029	1.06096	-50.9049	-51.9659
BLOCK02/SES029/SA029S25	SES029	1.44801	-49.4961	-50.9441
BLOCK02/SES029/SA029S28	SES029	0.945946	-50.1943	-51.1403
BLOCK04/SES042/SA042S12	SES042	2.91783	-47.1327	-50.0506
BLOCK04/SES042/SA042S15	SES042	3.05908	-47.7693	-50.8284
BLOCK04/SES042/SA042S22	SES042	4.04332	-45.3411	-49.3844
BLOCK04/SES042/SA042S25	SES042	2.73508	-48.5266	-51.2617
BLOCK04/SES042/SA042S27	SES042	2.53983	-47.0281	-49.5679
BLOCK04/SES048/SA048S11	SES048	1.61361	-49.2407	-50.8543
BLOCK04/SES048/SA048S12	SES048	1.04183	-49.7464	-50.7882
BLOCK04/SES048/SA048S20	SES048	1.35985	-49.2234	-50.5832
BLOCK04/SES048/SA048S23	SES048	1.81937	-49.6582	-51.4776
BLOCK04/SES048/SA048S27	SES048	1.49681	-48.5434	-50.0402
BLOCK06/SES060/SA060S11	SES060	1.86845	-49.6252	-51.4937
BLOCK06/SES060/SA060S12	SES060	-0.138546	-51.9243	-51.7857
BLOCK06/SES060/SA060S22	SES060	0.519814	-51.7113	-52.2311
BLOCK06/SES060/SA060S24	SES060	1.46692	-49.6618	-51.1287
BLOCK06/SES060/SA060S28	SES060	2.05009	-47.7311	-49.7812
BLOCK06/SES062/SA062S10	SES062	1.62405	-49.3745	-50.9985
BLOCK06/SES062/SA062S11	SES062	2.04564	-49.0761	-51.1218
BLOCK06/SES062/SA062S21	SES062	2.46431	-47.2439	-49.7083
BLOCK06/SES062/SA062S26	SES062	1.02671	-48.9802	-50.0069
BLOCK06/SES062/SA062S29	SES062	1.83123	-48.2348	-50.066
BLOCK06/SES068/SA068S14	SES068	1.30419	-49.7918	-51.096
BLOCK06/SES068/SA068S15	SES068	1.37619	-48.6545	-50.0307
BLOCK06/SES068/SA068S23	SES068	1.13763	-50.3159	-51.4536
BLOCK06/SES068/SA068S27	SES068	2.07476	-48.7596	-50.8344
BLOCK06/SES068/SA068S29	SES068	1.38568	-49.3496	-50.7353
BLOCK08/SES082/SA082S12	SES082	1.47924	-50.2457	-51.725
BLOCK08/SES082/SA082S14	SES082	1.05607	-51.0219	-52.078
BLOCK08/SES082/SA082S21	SES082	1.52897	-50.0548	-51.5838
BLOCK08/SES082/SA082S24	SES082	1.33659	-49.7437	-51.0803
BLOCK08/SES082/SA082S28	SES082	1.23991	-50.1333	-51.3732
BLOCK08/SES083/SA083S14	SES083	0.0130463	-50.8649	-50.8779
BLOCK08/SES083/SA083S15	SES083	0.401234	-49.9289	-50.3302
BLOCK08/SES083/SA083S24	SES083	0.398827	-50.6099	-51.0087
BLOCK08/SES083/SA083S26	SES083	1.18839	-49.7566	-50.945
BLOCK08/SES083/SA083S29	SES083	0.105957	-50.6544	-50.7603
BLOCK08/SES085/SA085S10	SES085	0.722729	-50.0227	-50.7455
BLOCK08/SES085/SA085S13	SES085	1.15129	-50.4296	-51.5808
BLOCK08/SES085/SA085S22	SES085	-2.26391	-53.7954	-51.5315
BLOCK08/SES085/SA085S26	SES085	0.0414925	-50.938	-50.9795
BLOCK08/SES085/SA085S28	SES085	1.16498	-49.7781	-50.9431
BLOCK08/SES087/SA087S15	SES087	2.18891	-48.9623	-51.1513
BLOCK08/SES087/SA087S16	SES087	2.16427	-48.5515	-50.7158
BLOCK08/SES087/SA087S24	SES087	2.06155	-48.6069	-50.6685
BLOCK08/SES087/SA087S26	SES087	1.75256	-47.6783	-49.4309
BLOCK08/SES087/SA087S29	SES087	2.37183	-48.7064	-51.0782
BLOCK09/SES099/SA099S15	SES099	1.94503	-49.5113	-51.4564
BLOCK09/SES099/SA099S16	SES099	2.01024	-49.0414	-51.0516
BLOCK09/SES099/SA099S24	SES099	2.18175	-48.3658	-50.5475
BLOCK09/SES099/SA099S26	SES099	1.92819	-48.6249	-50.5531
BLOCK09/SES099/SA099S29	SES099	2.14672	-48.6129	-50.7596
BLOCK10/SES101/SA101S11	SES101	0.635921	-49.7967	-50.4326
BLOCK10/SES101/SA101S13	SES101	1.68872	-49.0296	-50.7183
BLOCK10/SES101/SA101S22	SES101	1.21946	-50.4609	-51.6804
BLOCK10/SES101/SA101S24	SES101	1.71079	-49.7132	-51.424
BLOCK10/SES101/SA101S28	SES101	0.394989	-51.2182	-51.6131
BLOCK10/SES104/SA104S11	SES104	1.16335	-48.4422	-49.6055
BLOCK10/SES104/SA104S12	SES104	2.15088	-48.0534	-50.2043
BLOCK10/SES104/SA104S21	SES104	1.39069	-49.3582	-50.7489
BLOCK10/SES104/SA104S24	SES104	0.993931	-49.6631	-50.6571
BLOCK10/SES104/SA104S28	SES104	1.88081	-48.7911	-50.6719
BLOCK10/SES105/SA105S12	SES105	1.26991	-50.7988	-52.0687
BLOCK10/SES105/SA105S13	SES105	1.36559	-50.2735	-51.6391
BLOCK10/SES105/SA105S22	SES105	0.930851	-51.3376	-52.2685
BLOCK10/SES105/SA105S26	SES105	1.65456	-50.3083	-51.9628
BLOCK10/SES105/SA105S29	SES105	1.11995	-50.5043	-51.6243
BLOCK10/SES106/SA106S09	SES106	1.91635	-50.2376	-52.1539
BLOCK10/SES106/SA106S11	SES106	1.96544	-48.3222	-50.2876
BLOCK10/SES106/SA106S22	SES106	3.11835	-48.6305	-51.7489
BLOCK10/SES106/SA106S27	SES106	1.49805	-49.3911	-50.8892
BLOCK10/SES106/SA106S29	SES106	1.52308	-48.8963	-50.4193
BLOCK11/SES117/SA117S12	SES117	0.264259	-51.6823	-51.9465
BLOCK11/SES117/SA117S13	SES117	0.524681	-50.5946	-51.1193
BLOCK11/SES117/SA117S23	SES117	1.61632	-51.9988	-53.6151
BLOCK11/SES117/SA117S25	SES117	1.73703	-50.909	-52.6461
BLOCK11/SES117/SA117S28	SES117	1.23134	-51.461	-52.6924
BLOCK12/SES120/SA120S08	SES120	1.94807	-51.0884	-53.0365
BLOCK12/SES120/SA120S11	SES120	1.38347	-52.4918	-53.8753
BLOCK12/SES120/SA120S22	SES120	0.733276	-50.3786	-51.1119
BLOCK12/SES120/SA120S24	SES120	0.778542	-50.6635	-51.4421
BLOCK12/SES120/SA120S28	SES120	0.833035	-51.9225	-52.7555
BLOCK12/SES125/SA125S13	SES125	2.57688	-47.8218	-50.3987
BLOCK12/SES125/SA125S14	SES125	1.78287	-48.8515	-50.6344
BLOCK12/SES125/SA125S25	SES125	2.31862	-48.1385	-50.4571
BLOCK12/SES125/SA125S27	SES125	2.4287	-47.4991	-49.9278
BLOCK12/SES125/SA125S29	SES125	2.13246	-48.1902	-50.3227
BLOCK12/SES127/SA127S11	SES127	1.39041	-50.118	-51.5085
BLOCK12/SES127/SA127S12	SES127	0.252102	-50.2263	-50.4784
BLOCK12/SES127/SA127S23	SES127	1.20975	-50.0745	-51.2842
BLOCK12/SES127/SA127S25	SES127	1.02412	-50.8023	-51.8265
BLOCK12/SES127/SA127S27	SES127	1.68481	-49.5676	-51.2524
BLOCK12/SES129/SA129S11	SES129	2.00101	-49.2235	-51.2245
BLOCK12/SES129/SA129S12	SES129	1.63334	-49.0607	-50.694
BLOCK12/SES129/SA129S22	SES129	1.46627	-49.4926	-50.9589
BLOCK12/SES129/SA129S27	SES129	2.30185	-48.2652	-50.567
BLOCK12/SES129/SA129S29	SES129	2.35358	-48.3849	-50.7385
BLOCK14/SES142/SA142S11	SES142	2.85686	-49.6646	-52.5214
BLOCK14/SES142/SA142S12	SES142	2.05024	-50.6174	-52.6676
BLOCK14/SES142/SA142S24	SES142	3.03826	-49.3166	-52.3548
BLOCK14/SES142/SA142S27	SES142	2.95507	-49.0912	-52.0463
BLOCK14/SES142/SA142S29	SES142	3.25975	-48.3815	-51.6413
BLOCK14/SES143/SA143S12	SES143	1.46726	-50.5664	-52.0336
BLOCK14/SES143/SA143S13	SES143	0.961548	-50.8435	-51.805
BLOCK14/SES143/SA143S23	SES143	1.66182	-50.5952	-52.2571
BLOCK14/SES143/SA143S25	SES143	1.36555	-50.279	-51.6445
BLOCK14/SES143/SA143S28	SES143	1.44773	-49.5736	-51.0214
BLOCK14/SES144/SA144S09	SES144	1.10735	-50.464	-51.5713
BLOCK14/SES144/SA144S11	SES144	1.55151	-51.0865	-52.638
BLOCK14/SES144/SA144S21	SES144	0.735828	-50.889	-51.6249
BLOCK14/SES144/SA144S25	SES144	0.944599	-51.1344	-52.079
BLOCK14/SES144/SA144S29	SES144	0.267403	-51.0311	-51.2985
BLOCK14/SES146/SA146S14	SES146	1.0079	-50.9548	-51.9627
BLOCK14/SES146/SA146S15	SES146	0.883499	-50.6178	-51.5013
BLOCK14/SES146/SA146S24	SES146	1.11339	-50.5874	-51.7008
BLOCK14/SES146/SA146S26	SES146	1.52092	-50.885	-52.4059
BLOCK14/SES146/SA146S29	SES146	1.15696	-51.3661	-52.5231
BLOCK14/SES147/SA147S11	SES147	2.00668	-50.89	-52.8967
BLOCK14/SES147/SA147S13	SES147	2.50506	-49.0749	-51.58
BLOCK14/SES147/SA147S23	SES147	2.18627	-50.826	-53.0123
BLOCK14/SES147/SA147S26	SES147	2.10183	-50.4932	-52.5951
BLOCK14/SES147/SA147S28	SES147	2.21227	-49.718	-51.9303
BLOCK14/SES148/SA148S10	SES148	1.46626	-49.4321	-50.8984
BLOCK14/SES148/SA148S12	SES148	0.72047	-50.8457	-51.5662
BLOCK14/SES148/SA148S22	SES148	1.15582	-48.8844	-50.0402
BLOCK14/SES148/SA148S26	SES148	1.13065	-49.6621	-50.7928
BLOCK14/SES148/SA148S29	SES148	0.578156	-50.6368	-51.215
BLOCK14/SES149/SA149S13	SES149	0.349308	-50.5498	-50.8991
BLOCK14/SES149/SA149S14	SES149	0.790024	-50.1046	-50.8946
BLOCK14/SES149/SA149S24	SES149	1.92389	-49.2796	-51.2035
BLOCK14/SES149/SA149S26	SES149	2.29406	-48.8068	-51.1008
BLOCK14/SES149/SA149S28	SES149	3.20431	-47.8466	-51.0509
BLOCK15/SES158/SA158S13	SES158	1.51644	-49.8582	-51.3746
BLOCK15/SES158/SA158S14	SES158	2.74429	-49.1891	-51.9334
BLOCK15/SES158/SA158S23	SES158	1.68046	-49.2398	-50.9202
BLOCK15/SES158/SA158S26	SES158	2.21892	-48.9853	-51.2043
BLOCK15/SES158/SA158S28	SES158	2.07479	-49.6337	-51.7085
BLOCK16/SES162/SA162S10	SES162	1.01263	-51.1453	-52.1579
BLOCK16/SES162/SA162S11	SES162	1.61505	-49.9581	-51.5732
BLOCK16/SES162/SA162S21	SES162	2.13222	-49.77	-51.9022
BLOCK16/SES162/SA162S24	SES162	1.60771	-50.2448	-51.8525
BLOCK16/SES162/SA162S27	SES162	2.27427	-50.3322	-52.6064
BLOCK16/SES167/SA167S14	SES167	1.55621	-49.0429	-50.5991
BLOCK16/SES167/SA167S15	SES167	1.8334	-49.6547	-51.4881
BLOCK16/SES167/SA167S21	SES167	1.49825	-48.9668	-50.465
BLOCK16/SES167/SA167S25	SES167	2.06331	-50.1062	-52.1695
BLOCK16/SES167/SA167S29	SES167	2.58018	-48.1503	-50.7304
BLOCK17/SES172/SA172S12	SES172	2.11538	-49.4358	-51.5512
BLOCK17/SES172/SA172S13	SES172	2.2721	-49.9445	-52.2166
BLOCK17/SES172/SA172S23	SES172	1.02203	-49.3501	-50.3721
BLOCK17/SES172/SA172S27	SES172	1.20405	-50.4683	-51.6724
BLOCK17/SES172/SA172S29	SES172	2.32037	-49.1734	-51.4938
BLOCK17/SES175/SA175S11	SES175	2.26884	-49.5549	-51.8237
BLOCK17/SES175/SA175S13	SES175	1.44599	-49.7405	-51.1865
BLOCK17/SES175/SA175S23	SES175	2.04227	-49.7567	-51.799
BLOCK17/SES175/SA175S25	SES175	0.974445	-51.6465	-52.6209
BLOCK17/SES175/SA175S28	SES175	2.10245	-49.2985	-51.4009
BLOCK17/SES177/SA177S15	SES177	0.568039	-50.6366	-51.2047
BLOCK17/SES177/SA177S17	SES177	0.985485	-50.1888	-51.1743
BLOCK17/SES177/SA177S23	SES177	0.653992	-50.8181	-51.4721
BLOCK17/SES177/SA177S26	SES177	1.24841	-48.5721	-49.8205
BLOCK17/SES177/SA177S28	SES177	1.19326	-49.2935	-50.4868
BLOCK18/SES180/SA180S13	SES180	1.19164	-49.949	-51.1407
BLOCK18/SES180/SA180S15	SES180	1.26514	-50.5078	-51.7729
BLOCK18/SES180/SA180S24	SES180	1.51166	-48.8336	-50.3453
BLOCK18/SES180/SA180S26	SES180	1.52148	-49.4256	-50.9471
BLOCK18/SES180/SA180S29	SES180	1.5009	-50.368	-51.8689
BLOCK18/SES183/SA183S13	SES183	1.54473	-50.6762	-52.2209
BLOCK18/SES183/SA183S14	SES183	0.407131	-51.2547	-51.6618
BLOCK18/SES183/SA183S24	SES183	1.53156	-50.901	-52.4325
BLOCK18/SES183/SA183S27	SES183	1.57121	-50.2295	-51.8007
BLOCK18/SES183/SA183S29	SES183	1.58062	-49.9311	-51.5117
BLOCK18/SES187/SA187S13	SES187	1.07377	-51.1703	-52.2441
BLOCK18/SES187/SA187S14	SES187	1.20935	-51.0432	-52.2525
BLOCK18/SES187/SA187S24	SES187	1.12884	-50.7246	-51.8534
BLOCK18/SES187/SA187S27	SES187	1.44322	-50.5268	-51.97
BLOCK18/SES187/SA187S29	SES187	0.841618	-51.1698	-52.0114
BLOCK18/SES189/SA189S10	SES189	2.22527	-52.0301	-54.2553
BLOCK18/SES189/SA189S13	SES189	2.80256	-52.0106	-54.8131
BLOCK18/SES189/SA189S24	SES189	2.771	-51.2477	-54.0187
BLOCK18/SES189/SA189S26	SES189	1.57705	-51.3761	-52.9532
BLOCK18/SES189/SA189S29	SES189	2.78904	-50.7169	-53.5059
BLOCK20/SES202/SA202S12	SES202	1.65059	-50.8213	-52.4719
BLOCK20/SES202/SA202S14	SES202	3.06715	-48.5064	-51.5735
BLOCK20/SES202/SA202S24	SES202	1.4139	-50.5466	-51.9605
BLOCK20/SES202/SA202S27	SES202	2.04207	-48.5518	-50.5939
BLOCK20/SES202/SA202S29	SES202	2.62042	-48.5382	-51.1586
BLOCK20/SES206/SA206S15	SES206	0.711006	-48.9507	-49.6617
BLOCK20/SES206/SA206S17	SES206	2.18661	-47.8357	-50.0223
BLOCK20/SES206/SA206S24	SES206	1.66108	-48.1719	-49.833
BLOCK20/SES206/SA206S27	SES206	2.08139	-48.7603	-50.8417
BLOCK20/SES206/SA206S29	SES206	1.72131	-47.6799	-49.4012
BLOCK22/SES226/SA226S12	SES226	2.06914	-49.6943	-51.7634
BLOCK22/SES226/SA226S13	SES226	-0.206421	-50.9745	-50.768
BLOCK22/SES226/SA226S20	SES226	1.79694	-49.5643	-51.3613
BLOCK22/SES226/SA226S23	SES226	2.02456	-49.0696	-51.0941
BLOCK22/SES226/SA226S28	SES226	2.4621	-48.6566	-51.1187
BLOCK25/SES259/SA259S13	SES259	3.80555	-47.2112	-51.0168
BLOCK25/SES259/SA259S14	SES259	2.41527	-48.2819	-50.6972
BLOCK25/SES259/SA259S22	SES259	2.08388	-48.5558	-50.6397
BLOCK25/SES259/SA259S24	SES259	2.38234	-47.5547	-49.937
BLOCK25/SES259/SA259S28	SES259	2.20347	-47.8103	-50.0138
BLOCK27/SES270/SA270S14	SES270	2.47385	-49.4287	-51.9025
BLOCK27/SES270/SA270S16	SES270	1.20598	-49.8005	-51.0064
BLOCK27/SES270/SA270S22	SES270	2.90598	-48.6538	-51.5597
BLOCK27/SES270/SA270S26	SES270	2.03123	-50.2556	-52.2868
BLOCK27/SES270/SA270S28	SES270	1.8445	-49.0679	-50.9124
BLOCK27/SES275/SA275S17	SES275	1.56822	-50.4148	-51.983
BLOCK27/SES275/SA275S18	SES275	1.16637	-50.5592	-51.7256
BLOCK27/SES275/SA275S24	SES275	1.2036	-51.7636	-52.9672
BLOCK27/SES275/SA275S26	SES275	1.64514	-49.8863	-51.5315
BLOCK27/SES275/SA275S28	SES275	0.713497	-50.3868	-51.1003
BLOCK29/SES292/SA292S10	SES292	1.06913	-50.5304	-51.5995
BLOCK29/SES292/SA292S12	SES292	0.885521	-51.3991	-52.2846
BLOCK29/SES292/SA292S22	SES292	1.67103	-49.6962	-51.3672
BLOCK29/SES292/SA292S24	SES292	1.1112	-50.1297	-51.2409
BLOCK29/SES292/SA292S27	SES292	0.457291	-50.0343	-50.4916
BLOCK00/SES001/SA001S14	SES062	-0.513908	-52.3571	-51.8432
BLOCK00/SES001/SA001S14	SES082	-1.98569	-53.8289	-51.8432
BLOCK00/SES001/SA001S14	SES106	-3.39777	-55.241	-51.8432
BLOCK00/SES001/SA001S14	SES206	-3.95182	-55.795	-51.8432
BLOCK00/SES001/SA001S15	SES062	-1.57732	-52.1301	-50.5528
BLOCK00/SES001/SA001S15	SES104	-2.86768	-53.4205	-50.5528
BLOCK00/SES001/SA001S15	SES106	-2.80157	-53.3543	-50.5528
BLOCK00/SES001/SA001S15	SES206	-3.24378	-53.7965	-50.5528
BLOCK00/SES001/SA001S24	SES062	-2.07264	-53.9876	-51.915
BLOCK00/SES001/SA001S24	SES082	-2.44657	-54.3615	-51.915
BLOCK00/SES001/SA001S24	SES087	-3.37717	-55.2921	-51.915
BLOCK00/SES001/SA001S24	SES206	-2.09723	-54.0122	-51.915
BLOCK00/SES001/SA001S27	SES062	-1.49141	-52.0406	-50.5492
BLOCK00/SES001/SA001S27	SES082	-2.23927	-52.7884	-50.5492
BLOCK00/SES001/SA001S27	SES087	-3.33504	-53.8842	-50.5492
BLOCK00/SES001/SA001S27	SES206	-3.30524	-53.8544	-50.5492
BLOCK00/SES001/SA001S29	SES062	-1.32467	-53.2358	-51.9111
BLOCK00/SES001/SA001S29	SES082	-1.45497	-53.3661	-51.9111
BLOCK00/SES001/SA001S29	SES158	-1.09297	-53.0041	-51.9111
BLOCK00/SES001/SA001S29	SES206	-3.43537	-55.3465	-51.9111
BLOCK00/SES003/SA003S11	SES002	-1.91753	-53.0762	-51.1587
BLOCK00/SES003/SA003S11	SES019	-1.06396	-52.2226	-51.1587
BLOCK00/SES003/SA003S11	SES082	0.302155	-50.8565	-51.1587
BLOCK00/SES003/SA003S11	SES125	-1.16584	-52.3245	-51.1587
BLOCK00/SES003/SA003S15	SES016	-4.30836	-55.2887	-50.9803
BLOCK00/SES003/SA003S15	SES019	-1.07167	-52.052	-50.9803
BLOCK00/SES003/SA003S15	SES062	-2.42382	-53.4042	-50.9803
BLOCK00/SES003/SA003S15	SES206	-1.5192	-52.4995	-50.9803
BLOCK00/SES003/SA003S22	SES002	-3.11135	-53.8396	-50.7283
BLOCK00/SES003/SA003S22	SES062	-1.44038	-52.1687	-50.7283
BLOCK00/SES003/SA003S22	SES082	-0.530575	-51.2589	-50.7283
BLOCK00/SES003/SA003S22	SES087	-1.62425	-52.3525	-50.7283
BLOCK00/SES003/SA003S25	SES062	-1.5552	-53.4289	-51.8737
BLOCK00/SES003/SA003S25	SES082	0.423634	-51.4501	-51.8737
BLOCK00/SES003/SA003S25	SES087	-1.12495	-52.9987	-51.8737
BLOCK00/SES003/SA003S25	SES206	-1.2569	-53.1306	-51.8737
BLOCK00/SES003/SA003S29	SES002	-3.04011	-54.3866	-51.3465
BLOCK00/SES003/SA003S29	SES062	-1.83337	-53.1798	-51.3465
BLOCK00/SES003/SA003S29	SES082	-0.194187	-51.5407	-51.3465
BLOCK00/SES003/SA003S29	SES087	-1.48123	-52.8277	-51.3465
BLOCK00/SES004/SA004S12	SES083	-1.05566	-53.5035	-52.4478
BLOCK00/SES004/SA004S12	SES148	-1.33098	-53.7788	-52.4478
BLOCK00/SES004/SA004S12	SES172	-1.13534	-53.5832	-52.4478
BLOCK00/SES004/SA004S12	SES292	-0.944855	-53.3927	-52.4478
BLOCK00/SES004/SA004S17	SES083	-1.54679	-53.7027	-52.1559
BLOCK00/SES004/SA004S17	SES162	-0.884735	-53.0406	-52.1559
BLOCK00/SES004/SA004S17	SES172	-1.30105	-53.4569	-52.1559
BLOCK00/SES004/SA004S17	SES292	-1.38205	-53.5379	-52.1559
BLOCK00/SES004/SA004S24	SES083	-1.28984	-52.9632	-51.6734
BLOCK00/SES004/SA004S24	SES148	-1.32922	-53.0026	-51.6734
BLOCK00/SES004/SA004S24	SES172	-0.454994	-52.1284	-51.6734
BLOCK00/SES004/SA004S24	SES292	-1.17067	-52.8441	-51.6734
BLOCK00/SES004/SA004S26	SES083	-0.646698	-52.0577	-51.411
BLOCK00/SES004/SA004S26	SES127	-1.23983	-52.6509	-51.411
BLOCK00/SES004/SA004S26	SES148	-1.98552	-53.3966	-51.411
BLOCK00/SES004/SA004S26	SES292	-1.1157	-52.5267	-51.411
BLOCK00/SES004/SA004S28	SES083	-1.20227	-52.4581	-51.2558
BLOCK00/SES004/SA004S28	SES127	-1.20373	-52.4595	-51.2558
BLOCK00/SES004/SA004S28	SES187	-1.12374	-52.3795	-51.2558
BLOCK00/SES004/SA004S28	SES292	-1.72243	-52.9782	-51.2558
BLOCK00/SES006/SA006S10	SES014	-2.94115	-55.794	-52.8529
BLOCK00/SES006/SA006S10	SES158	-0.84193	-53.6948	-52.8529
BLOCK00/SES006/SA006S10	SES226	-3.53757	-56.3904	-52.8529
BLOCK00/SES006/SA006S10	SES270	-0.57571	-53.4286	-52.8529
BLOCK00/SES006/SA006S11	SES158	-0.51149	-53.5611	-53.0496
BLOCK00/SES006/SA006S11	SES226	-2.6007	-55.6503	-53.0496
BLOCK00/SES006/SA006S11	SES270	0.00502777	-53.0446	-53.0496
BLOCK00/SES006/SA006S11	SES275	-3.37094	-56.4206	-53.0496
BLOCK00/SES006/SA006S23	SES062	-1.7154	-53.6498	-51.9344
BLOCK00/SES006/SA006S23	SES105	-2.10247	-54.0368	-51.9344
BLOCK00/SES006/SA006S23	SES158	-0.693459	-52.6278	-51.9344
BLOCK00/SES006/SA006S23	SES275	-2.63424	-54.5686	-51.9344
BLOCK00/SES006/SA006S26	SES104	-1.43329	-53.0401	-51.6068
BLOCK00/SES006/SA006S26	SES158	0.0412216	-51.5655	-51.6068
BLOCK00/SES006/SA006S26	SES270	-0.152	-51.7588	-51.6068
BLOCK00/SES006/SA006S26	SES275	-3.9474	-55.5542	-51.6068
BLOCK00/SES006/SA006S28	SES007	-2.92764	-55.7863	-52.8586
BLOCK00/SES006/SA006S28	SES105	-2.58705	-55.4457	-52.8586
BLOCK00/SES006/SA006S28	SES158	-0.694893	-53.5535	-52.8586
BLOCK00/SES006/SA006S28	SES275	-3.59365	-56.4523	-52.8586
BLOCK00/SES009/SA009S12	SES083	-1.678	-52.9164	-51.2384
BLOCK00/SES009/SA009S12	SES148	-1.17426	-52.4126	-51.2384
BLOCK00/SES009/SA009S12	SES177	-2.35551	-53.5939	-51.2384
BLOCK00/SES009/SA009S12	SES292	-0.515068	-51.7534	-51.2384
BLOCK00/SES009/SA009S15	SES007	0.626202	-49.7326	-50.3588
BLOCK00/SES009/SA009S15	SES099	-9.16071	-59.5195	-50.3588
BLOCK00/SES009/SA009S15	SES148	-1.76121	-52.12	-50.3588
BLOCK00/SES009/SA009S15	SES172	-0.877625	-51.2364	-50.3588
BLOCK00/SES009/SA009S24	SES146	-0.666325	-51.4072	-50.7409
BLOCK00/SES009/SA009S24	SES148	-1.08442	-51.8253	-50.7409
BLOCK00/SES009/SA009S24	SES177	-1.7939	-52.5348	-50.7409
BLOCK00/SES009/SA009S24	SES292	-0.468208	-51.2091	-50.7409
BLOCK00/SES009/SA009S26	SES083	-1.80838	-53.2275	-51.4191
BLOCK00/SES009/SA009S26	SES101	-1.49187	-52.911	-51.4191
BLOCK00/SES009/SA009S26	SES120	-1.13028	-52.5494	-51.4191
BLOCK00/SES009/SA009S26	SES177	-2.52847	-53.9476	-51.4191
BLOCK00/SES009/SA009S29	SES083	-1.13785	-51.9942	-50.8563
BLOCK00/SES009/SA009S29	SES101	-0.895325	-51.7516	-50.8563
BLOCK00/SES009/SA009S29	SES177	-2.33083	-53.1871	-50.8563
BLOCK00/SES009/SA009S29	SES292	-0.53183	-51.3881	-50.8563
BLOCK01/SES011/SA011S10	SES019	-0.639225	-52.0689	-51.4297
BLOCK01/SES011/SA011S10	SES042	0.287109	-51.1426	-51.4297
BLOCK01/SES011/SA011S10	SES082	-1.40281	-52.8325	-51.4297
BLOCK01/SES011/SA011S10	SES206	-0.356976	-51.7866	-51.4297
BLOCK01/SES011/SA011S11	SES019	-0.474068	-52.8272	-52.3531
BLOCK01/SES011/SA011S11	SES042	-0.520107	-52.8733	-52.3531
BLOCK01/SES011/SA011S11	SES082	-1.52227	-53.8754	-52.3531
BLOCK01/SES011/SA011S11	SES206	-0.161137	-52.5143	-52.3531
BLOCK01/SES011/SA011S22	SES019	-0.175148	-52.0649	-51.8897
BLOCK01/SES011/SA011S22	SES042	-0.382267	-52.272	-51.8897
BLOCK01/SES011/SA011S22	SES082	-0.689026	-52.5788	-51.8897
BLOCK01/SES011/SA011S22	SES206	-0.0811691	-51.9709	-51.8897
BLOCK01/SES011/SA011S24	SES019	-0.33036	-51.2022	-50.8719
BLOCK01/SES011/SA011S24	SES042	-0.0900993	-50.962	-50.8719
BLOCK01/SES011/SA011S24	SES104	-1.25843	-52.1303	-50.8719
BLOCK01/SES011/SA011S24	SES206	0.249828	-50.622	-50.8719
BLOCK01/SES011/SA011S27	SES082	0.425873	-50.284	-50.7099
BLOCK01/SES011/SA011S27	SES087	-1.0211	-51.731	-50.7099
BLOCK01/SES011/SA011S27	SES125	-0.0770035	-50.7869	-50.7099
BLOCK01/SES011/SA011S27	SES206	0.196487	-50.5134	-50.7099
BLOCK01/SES012/SA012S11	SES007	-2.38471	-51.9585	-49.5738
BLOCK01/SES012/SA012S11	SES082	-0.914204	-50.488	-49.5738
BLOCK01/SES012/SA012S11	SES083	-2.94981	-52.5236	-49.5738
BLOCK01/SES012/SA012S11	SES206	-0.372364	-49.9461	-49.5738
BLOCK01/SES012/SA012S14	SES082	-0.915451	-51.2753	-50.3599
BLOCK01/SES012/SA012S14	SES087	-1.58715	-51.947	-50.3599
BLOCK01/SES012/SA012S14	SES206	-0.859253	-51.2191	-50.3599
BLOCK01/SES012/SA012S14	SES292	-3.33995	-53.6998	-50.3599
BLOCK01/SES012/SA012S24	SES082	0.353264	-50.9011	-51.2544
BLOCK01/SES012/SA012S24	SES087	-0.759449	-52.0138	-51.2544
BLOCK01/SES012/SA012S24	SES120	-4.12385	-55.3782	-51.2544
BLOCK01/SES012/SA012S24	SES206	0.0330315	-51.2213	-51.2544
BLOCK01/SES012/SA012S26	SES019	-1.96666	-52.4664	-50.4997
BLOCK01/SES012/SA012S26	SES082	-1.72789	-52.2276	-50.4997
BLOCK01/SES012/SA012S26	SES206	-0.0501747	-50.5499	-50.4997
BLOCK01/SES012/SA012S26	SES292	-3.27413	-53.7738	-50.4997
BLOCK01/SES012/SA012S29	SES062	-2.02977	-52.0694	-50.0396
BLOCK01/SES012/SA012S29	SES082	-0.740944	-50.7805	-50.0396
BLOCK01/SES012/SA012S29	SES083	-2.18387	-52.2235	-50.0396
BLOCK01/SES012/SA012S29	SES206	-0.317619	-50.3572	-50.0396
BLOCK01/SES013/SA013S16	SES062	-3.80987	-54.8847	-51.0748
BLOCK01/SES013/SA013S16	SES106	-0.343788	-51.4186	-51.0748
BLOCK01/SES013/SA013S16	SES206	-0.331612	-51.4064	-51.0748
BLOCK01/SES013/SA013S16	SES226	0.00239944	-51.0724	-51.0748
BLOCK01/SES013/SA013S17	SES062	-3.91714	-54.1897	-50.2726
BLOCK01/SES013/SA013S17	SES106	-1.08738	-51.3599	-50.2726
BLOCK01/SES013/SA013S17	SES206	0.394779	-49.8778	-50.2726
BLOCK01/SES013/SA013S17	SES226	-0.057766	-50.3303	-50.2726
BLOCK01/SES013/SA013S23	SES104	-1.0569	-52.0171	-50.9602
BLOCK01/SES013/SA013S23	SES106	-0.59164	-51.5518	-50.9602
BLOCK01/SES013/SA013S23	SES206	-0.727005	-51.6872	-50.9602
BLOCK01/SES013/SA013S23	SES270	-0.131817	-51.092	-50.9602
BLOCK01/SES013/SA013S25	SES042	-1.52666	-52.0431	-50.5164
BLOCK01/SES013/SA013S25	SES104	-0.722343	-51.2388	-50.5164
BLOCK01/SES013/SA013S25	SES106	-0.114143	-50.6306	-50.5164
BLOCK01/SES013/SA013S25	SES206	-0.692478	-51.2089	-50.5164
BLOCK01/SES013/SA013S29	SES062	-4.12746	-55.0439	-50.9164
BLOCK01/SES013/SA013S29	SES104	-0.656689	-51.5731	-50.9164
BLOCK01/SES013/SA013S29	SES106	-0.239853	-51.1563	-50.9164
BLOCK01/SES013/SA013S29	SES206	-0.997196	-51.9136	-50.9164
BLOCK02/SES021/SA021S13	SES016	-5.15108	-55.3516	-50.2005
BLOCK02/SES021/SA021S13	SES029	-4.44333	-54.6438	-50.2005
BLOCK02/SES021/SA021S13	SES087	-1.39583	-51.5963	-50.2005
BLOCK02/SES021/SA021S13	SES206	-0.706699	-50.9072	-50.2005
BLOCK02/SES021/SA021S15	SES087	-1.06921	-50.2592	-49.19
BLOCK02/SES021/SA021S15	SES125	-0.30085	-49.4908	-49.19
BLOCK02/SES021/SA021S15	SES206	-0.438976	-49.6289	-49.19
BLOCK02/SES021/SA021S15	SES226	-0.640934	-49.8309	-49.19
BLOCK02/SES021/SA021S23	SES062	-2.62346	-54.0322	-51.4087
BLOCK02/SES021/SA021S23	SES087	-1.69471	-53.1035	-51.4087
BLOCK02/SES021/SA021S23	SES206	-1.15522	-52.564	-51.4087
BLOCK02/SES021/SA021S23	SES226	-0.193081	-51.6018	-51.4087
BLOCK02/SES021/SA021S27	SES002	-1.6465	-51.6894	-50.0429
BLOCK02/SES021/SA021S27	SES016	-4.19958	-54.2425	-50.0429
BLOCK02/SES021/SA021S27	SES019	-1.31305	-51.3559	-50.0429
BLOCK02/SES021/SA021S27	SES062	-1.13489	-51.1778	-50.0429
BLOCK02/SES021/SA021S29	SES087	-1.59792	-51.5201	-49.9221
BLOCK02/SES021/SA021S29	SES125	-0.680286	-50.6024	-49.9221
BLOCK02/SES021/SA021S29	SES206	-0.680031	-50.6022	-49.9221
BLOCK02/SES021/SA021S29	SES226	-0.0346336	-49.9568	-49.9221
BLOCK04/SES043/SA043S09	SES083	-1.24885	-53.8063	-52.5575
BLOCK04/SES043/SA043S09	SES101	-2.26079	-54.8183	-52.5575
BLOCK04/SES043/SA043S09	SES144	-0.267178	-52.8247	-52.5575
BLOCK04/SES043/SA043S09	SES172	-3.04432	-55.6018	-52.5575
BLOCK04/SES043/SA043S11	SES083	-0.309139	-51.429	-51.1199
BLOCK04/SES043/SA043S11	SES101	-1.3299	-52.4497	-51.1199
BLOCK04/SES043/SA043S11	SES144	-0.17305	-51.2929	-51.1199
BLOCK04/SES043/SA043S11	SES172	-1.38562	-52.5055	-51.1199
BLOCK04/SES043/SA043S23	SES083	0.0339661	-51.4632	-51.4972
BLOCK04/SES043/SA043S23	SES144	0.271286	-51.2259	-51.4972
BLOCK04/SES043/SA043S23	SES177	-2.53124	-54.0284	-51.4972
BLOCK04/SES043/SA043S23	SES275	0.0594254	-51.4377	-51.4972
BLOCK04/SES043/SA043S26	SES083	-0.484241	-52.0823	-51.598
BLOCK04/SES043/SA043S26	SES101	-1.18633	-52.7843	-51.598
BLOCK04/SES043/SA043S26	SES144	-0.0328369	-51.6309	-51.598
BLOCK04/SES043/SA043S26	SES177	-1.96617	-53.5642	-51.598
BLOCK04/SES043/SA043S28	SES016	-1.62109	-52.2451	-50.6241
BLOCK04/SES043/SA043S28	SES083	-0.311554	-50.9356	-50.6241
BLOCK04/SES043/SA043S28	SES101	-1.03771	-51.6618	-50.6241
BLOCK04/SES043/SA043S28	SES144	-0.493782	-51.1178	-50.6241
BLOCK04/SES044/SA044S10	SES127	-2.17276	-56.1944	-54.0217
BLOCK04/SES044/SA044S10	SES144	-0.622234	-54.6439	-54.0217
BLOCK04/SES044/SA044S10	SES147	-3.44347	-57.4651	-54.0217
BLOCK04/SES044/SA044S10	SES148	-2.99242	-57.0141	-54.0217
BLOCK04/SES044/SA044S11	SES101	-1.44045	-54.5685	-53.1281
BLOCK04/SES044/SA044S11	SES144	0.269718	-52.8584	-53.1281
BLOCK04/SES044/SA044S11	SES147	-2.80225	-55.9303	-53.1281
BLOCK04/SES044/SA044S11	SES177	-1.9136	-55.0417	-53.1281
BLOCK04/SES044/SA044S24	SES007	-2.38845	-54.6796	-52.2911
BLOCK04/SES044/SA044S24	SES101	-1.0618	-53.3529	-52.2911
BLOCK04/SES044/SA044S24	SES147	-4.37481	-56.6659	-52.2911
BLOCK04/SES044/SA044S24	SES177	-2.4543	-54.7454	-52.2911
BLOCK04/SES044/SA044S26	SES007	-1.69641	-53.8097	-52.1133
BLOCK04/SES044/SA044S26	SES016	-0.396732	-52.51	-52.1133
BLOCK04/SES044/SA044S26	SES101	-0.766453	-52.8797	-52.1133
BLOCK04/SES044/SA044S26	SES147	-1.65092	-53.7642	-52.1133
BLOCK04/SES044/SA044S29	SES007	-1.69323	-53.0452	-51.352
BLOCK04/SES044/SA044S29	SES101	-0.720562	-52.0725	-51.352
BLOCK04/SES044/SA044S29	SES147	-1.74817	-53.1002	-51.352
BLOCK04/SES044/SA044S29	SES177	-2.2282	-53.5802	-51.352
BLOCK04/SES046/SA046S13	SES101	-2.79809	-55.1863	-52.3882
BLOCK04/SES046/SA046S13	SES144	-0.629883	-53.0181	-52.3882
BLOCK04/SES046/SA046S13	SES147	-2.15147	-54.5397	-52.3882
BLOCK04/SES046/SA046S13	SES177	-0.655655	-53.0439	-52.3882
BLOCK04/SES046/SA046S15	SES048	-2.39718	-53.6206	-51.2234
BLOCK04/SES046/SA046S15	SES083	-0.69165	-51.915	-51.2234
BLOCK04/SES046/SA046S15	SES120	-2.2009	-53.4243	-51.2234
BLOCK04/SES046/SA046S15	SES148	-1.03194	-52.2553	-51.2234
BLOCK04/SES046/SA046S22	SES101	-0.874969	-52.792	-51.917
BLOCK04/SES046/SA046S22	SES144	-0.696716	-52.6138	-51.917
BLOCK04/SES046/SA046S22	SES147	-1.69069	-53.6077	-51.917
BLOCK04/SES046/SA046S22	SES172	-1.57521	-53.4922	-51.917
BLOCK04/SES046/SA046S25	SES083	-1.26264	-52.7668	-51.5041
BLOCK04/SES046/SA046S25	SES127	-1.32073	-52.8249	-51.5041
BLOCK04/SES046/SA046S25	SES144	-1.40129	-52.9054	-51.5041
BLOCK04/SES046/SA046S25	SES148	-1.32206	-52.8262	-51.5041
BLOCK04/SES046/SA046S28	SES007	-3.95715	-56.3528	-52.3957
BLOCK04/SES046/SA046S28	SES105	-1.86357	-54.2592	-52.3957
BLOCK04/SES046/SA046S28	SES147	-2.95493	-55.3506	-52.3957
BLOCK04/SES046/SA046S28	SES148	-0.952003	-53.3477	-52.3957
BLOCK04/SES049/SA049S16	SES104	-0.895718	-53.0661	-52.1704
BLOCK04/SES049/SA049S16	SES106	-0.987003	-53.1574	-52.1704
BLOCK04/SES049/SA049S16	SES120	-3.21256	-55.3829	-52.1704
BLOCK04/SES049/SA049S16	SES206	-0.576134	-52.7465	-52.1704
BLOCK04/SES049/SA049S18	SES099	-0.565262	-53.4143	-52.849
BLOCK04/SES049/SA049S18	SES104	-1.57011	-54.4191	-52.849
BLOCK04/SES049/SA049S18	SES125	-1.80166	-54.6507	-52.849
BLOCK04/SES049/SA049S18	SES206	-1.69633	-54.5454	-52.849
BLOCK04/SES049/SA049S25	SES087	-0.612831	-52.3947	-51.7818
BLOCK04/SES049/SA049S25	SES104	-0.411579	-52.1934	-51.7818
BLOCK04/SES049/SA049S25	SES125	-1.37283	-53.1547	-51.7818
BLOCK04/SES049/SA049S25	SES206	-0.3368	-52.1186	-51.7818
BLOCK04/SES049/SA049S27	SES099	-0.713589	-52.0894	-51.3758
BLOCK04/SES049/SA049S27	SES104	-0.0679245	-51.4438	-51.3758
BLOCK04/SES049/SA049S27	SES125	-1.23697	-52.6128	-51.3758
BLOCK04/SES049/SA049S27	SES206	-0.661438	-52.0373	-51.3758
BLOCK04/SES049/SA049S29	SES099	-0.664246	-51.1137	-50.4495
BLOCK04/SES049/SA049S29	SES104	-0.0473557	-50.4968	-50.4495
BLOCK04/SES049/SA049S29	SES125	-1.01934	-51.4688	-50.4495
BLOCK04/SES049/SA049S29	SES206	-0.051445	-50.5009	-50.4495
BLOCK06/SES063/SA063S09	SES068	-1.61655	-52.9725	-51.356
BLOCK06/SES063/SA063S09	SES083	-0.252045	-51.608	-51.356
BLOCK06/SES063/SA063S09	SES177	-0.822151	-52.1781	-51.356
BLOCK06/SES063/SA063S09	SES187	-1.18538	-52.5414	-51.356
BLOCK06/SES063/SA063S10	SES068	-1.70617	-53.5104	-51.8043
BLOCK06/SES063/SA063S10	SES083	0.0321465	-51.7721	-51.8043
BLOCK06/SES063/SA063S10	SES172	-0.0631065	-51.8674	-51.8043
BLOCK06/SES063/SA063S10	SES187	-1.2626	-53.0669	-51.8043
BLOCK06/SES063/SA063S20	SES068	-2.74115	-54.5162	-51.7751
BLOCK06/SES063/SA063S20	SES083	-0.270786	-52.0459	-51.7751
BLOCK06/SES063/SA063S20	SES172	-0.848576	-52.6236	-51.7751
BLOCK06/SES063/SA063S20	SES187	-0.390427	-52.1655	-51.7751
BLOCK06/SES063/SA063S24	SES029	-1.53944	-52.2452	-50.7058
BLOCK06/SES063/SA063S24	SES083	-0.361664	-51.0674	-50.7058
BLOCK06/SES063/SA063S24	SES177	-1.1787	-51.8845	-50.7058
BLOCK06/SES063/SA063S24	SES189	-1.16368	-51.8695	-50.7058
BLOCK06/SES063/SA063S27	SES083	-0.0838165	-52.2507	-52.1669
BLOCK06/SES063/SA063S27	SES172	-0.837013	-53.0039	-52.1669
BLOCK06/SES063/SA063S27	SES187	-1.07169	-53.2386	-52.1669
BLOCK06/SES063/SA063S27	SES292	-1.38391	-53.5508	-52.1669
BLOCK06/SES067/SA067S12	SES083	-1.46237	-52.4945	-51.0321
BLOCK06/SES067/SA067S12	SES172	-2.86232	-53.8944	-51.0321
BLOCK06/SES067/SA067S12	SES202	0.399555	-50.6325	-51.0321
BLOCK06/SES067/SA067S12	SES292	-1.57222	-52.6043	-51.0321
BLOCK06/SES067/SA067S14	SES085	-1.0247	-51.4628	-50.4381
BLOCK06/SES067/SA067S14	SES177	-1.347	-51.7851	-50.4381
BLOCK06/SES067/SA067S14	SES183	-1.45283	-51.8909	-50.4381
BLOCK06/SES067/SA067S14	SES202	-0.250286	-50.6884	-50.4381
BLOCK06/SES067/SA067S21	SES144	-0.33606	-52.7088	-52.3728
BLOCK06/SES067/SA067S21	SES177	-0.28529	-52.658	-52.3728
BLOCK06/SES067/SA067S21	SES183	-3.39505	-55.7678	-52.3728
BLOCK06/SES067/SA067S21	SES189	-0.0483932	-52.4211	-52.3728
BLOCK06/SES067/SA067S25	SES085	-0.165497	-51.5394	-51.3739
BLOCK06/SES067/SA067S25	SES177	-0.872101	-52.246	-51.3739
BLOCK06/SES067/SA067S25	SES183	-1.65501	-53.0289	-51.3739
BLOCK06/SES067/SA067S25	SES202	0.18644	-51.1874	-51.3739
BLOCK06/SES067/SA067S29	SES085	-1.00151	-52.6088	-51.6073
BLOCK06/SES067/SA067S29	SES177	-1.58751	-53.1948	-51.6073
BLOCK06/SES067/SA067S29	SES183	-1.16219	-52.7695	-51.6073
BLOCK06/SES067/SA067S29	SES202	0.728241	-50.8791	-51.6073
BLOCK06/SES069/SA069S12	SES029	-2.95513	-53.9367	-50.9816
BLOCK06/SES069/SA069S12	SES082	-0.191303	-51.1729	-50.9816
BLOCK06/SES069/SA069S12	SES087	-1.44011	-52.4217	-50.9816
BLOCK06/SES069/SA069S12	SES206	-1.33812	-52.3197	-50.9816
BLOCK06/SES069/SA069S13	SES029	-3.06061	-54.0469	-50.9863
BLOCK06/SES069/SA069S13	SES087	-1.80721	-52.7935	-50.9863
BLOCK06/SES069/SA069S13	SES206	-1.91438	-52.9007	-50.9863
BLOCK06/SES069/SA069S13	SES226	-1.50991	-52.4962	-50.9863
BLOCK06/SES069/SA069S23	SES029	-1.78907	-51.3575	-49.5684
BLOCK06/SES069/SA069S23	SES087	-1.66876	-51.2372	-49.5684
BLOCK06/SES069/SA069S23	SES206	-2.00183	-51.5702	-49.5684
BLOCK06/SES069/SA069S23	SES226	-0.251514	-49.8199	-49.5684
BLOCK06/SES069/SA069S25	SES087	-1.20586	-50.9444	-49.7385
BLOCK06/SES069/SA069S25	SES206	-1.67805	-51.4166	-49.7385
BLOCK06/SES069/SA069S25	SES226	-0.775623	-50.5141	-49.7385
BLOCK06/SES069/SA069S25	SES270	-1.202	-50.9405	-49.7385
BLOCK06/SES069/SA069S27	SES087	-1.66427	-51.8828	-50.2185
BLOCK06/SES069/SA069S27	SES206	-0.7318	-50.9503	-50.2185
BLOCK06/SES069/SA069S27	SES226	-0.0235634	-50.2421	-50.2185
BLOCK06/SES069/SA069S27	SES270	-0.968811	-51.1873	-50.2185
BLOCK08/SES081/SA081S11	SES060	-0.928791	-52.326	-51.3972
BLOCK08/SES081/SA081S11	SES062	-2.44095	-53.8382	-51.3972
BLOCK08/SES081/SA081S11	SES117	-1.97742	-53.3747	-51.3972
BLOCK08/SES081/SA081S11	SES162	-1.10386	-52.5011	-51.3972
BLOCK08/SES081/SA081S13	SES016	-0.586586	-51.0491	-50.4625
BLOCK08/SES081/SA081S13	SES060	0.290855	-50.1717	-50.4625
BLOCK08/SES081/SA081S13	SES068	-0.316105	-50.7786	-50.4625
BLOCK08/SES081/SA081S13	SES129	-1.52556	-51.9881	-50.4625
BLOCK08/SES081/SA081S24	SES060	-0.12114	-51.1536	-51.0325
BLOCK08/SES081/SA081S24	SES068	-0.911411	-51.9439	-51.0325
BLOCK08/SES081/SA081S24	SES117	-1.42028	-52.4527	-51.0325
BLOCK08/SES081/SA081S24	SES275	-1.82716	-52.8596	-51.0325
BLOCK08/SES081/SA081S27	SES007	-1.86141	-52.8609	-50.9995
BLOCK08/SES081/SA081S27	SES060	-0.819897	-51.8194	-50.9995
BLOCK08/SES081/SA081S27	SES117	-0.534588	-51.5341	-50.9995
BLOCK08/SES081/SA081S27	SES275	-1.65355	-52.653	-50.9995
BLOCK08/SES081/SA081S29	SES007	-1.49968	-52.2365	-50.7368
BLOCK08/SES081/SA081S29	SES060	-0.413296	-51.1501	-50.7368
BLOCK08/SES081/SA081S29	SES117	-1.34626	-52.0831	-50.7368
BLOCK08/SES081/SA081S29	SES275	-1.79206	-52.5289	-50.7368
BLOCK08/SES086/SA086S11	SES029	-4.90939	-57.4356	-52.5262
BLOCK08/SES086/SA086S11	SES082	-1.39538	-53.9216	-52.5262
BLOCK08/SES086/SA086S11	SES087	-0.089859	-52.6161	-52.5262
BLOCK08/SES086/SA086S11	SES206	-1.22023	-53.7465	-52.5262
BLOCK08/SES086/SA086S12	SES029	-4.50981	-56.3757	-51.8659
BLOCK08/SES086/SA086S12	SES082	-1.05874	-52.9246	-51.8659
BLOCK08/SES086/SA086S12	SES087	0.911526	-50.9544	-51.8659
BLOCK08/SES086/SA086S12	SES206	-0.396439	-52.2623	-51.8659
BLOCK08/SES086/SA086S20	SES029	-4.38675	-54.7432	-50.3564
BLOCK08/SES086/SA086S20	SES082	-1.26764	-51.6241	-50.3564
BLOCK08/SES086/SA086S20	SES087	0.76405	-49.5924	-50.3564
BLOCK08/SES086/SA086S20	SES206	0.250309	-50.1061	-50.3564
BLOCK08/SES086/SA086S24	SES087	0.557308	-50.7849	-51.3422
BLOCK08/SES086/SA086S24	SES104	-0.90823	-52.2504	-51.3422
BLOCK08/SES086/SA086S24	SES120	-3.74989	-55.0921	-51.3422
BLOCK08/SES086/SA086S24	SES206	0.402607	-50.9396	-51.3422
BLOCK08/SES086/SA086S28	SES029	-3.69123	-54.183	-50.4918
BLOCK08/SES086/SA086S28	SES082	-0.877281	-51.3691	-50.4918
BLOCK08/SES086/SA086S28	SES087	0.520592	-49.9712	-50.4918
BLOCK08/SES086/SA086S28	SES206	-0.186676	-50.6785	-50.4918
BLOCK08/SES089/SA089S13	SES087	-1.45387	-52.8152	-51.3614
BLOCK08/SES089/SA089S13	SES206	-1.68394	-53.0453	-51.3614
BLOCK08/SES089/SA089S13	SES226	-0.867744	-52.2291	-51.3614
BLOCK08/SES089/SA089S13	SES270	-2.82015	-54.1815	-51.3614
BLOCK08/SES089/SA089S14	SES062	-1.72003	-52.8949	-51.1749
BLOCK08/SES089/SA089S14	SES087	-0.454266	-51.6292	-51.1749
BLOCK08/SES089/SA089S14	SES206	-0.746181	-51.9211	-51.1749
BLOCK08/SES089/SA089S14	SES226	0.340889	-50.834	-51.1749
BLOCK08/SES089/SA089S23	SES087	-1.48449	-53.5088	-52.0243
BLOCK08/SES089/SA089S23	SES206	-0.987053	-53.0114	-52.0243
BLOCK08/SES089/SA089S23	SES226	-0.903198	-52.9275	-52.0243
BLOCK08/SES089/SA089S23	SES270	-2.77275	-54.7971	-52.0243
BLOCK08/SES089/SA089S25	SES062	-2.21823	-53.5332	-51.315
BLOCK08/SES089/SA089S25	SES087	-0.346962	-51.662	-51.315
BLOCK08/SES089/SA089S25	SES206	-1.22495	-52.5399	-51.315
BLOCK08/SES089/SA089S25	SES226	0.680519	-50.6345	-51.315
BLOCK08/SES089/SA089S28	SES062	-1.55206	-52.8959	-51.3438
BLOCK08/SES089/SA089S28	SES087	-0.777679	-52.1215	-51.3438
BLOCK08/SES089/SA089S28	SES206	-0.488407	-51.8322	-51.3438
BLOCK08/SES089/SA089S28	SES226	0.417656	-50.9262	-51.3438
BLOCK09/SES097/SA097S11	SES099	0.0311089	-51.6022	-51.6333
BLOCK09/SES097/SA097S11	SES125	-1.57691	-53.2103	-51.6333
BLOCK09/SES097/SA097S11	SES206	-0.703869	-52.3372	-51.6333
BLOCK09/SES097/SA097S11	SES226	-0.0586548	-51.692	-51.6333
BLOCK09/SES097/SA097S14	SES062	-3.28949	-54.6952	-51.4057
BLOCK09/SES097/SA097S14	SES099	-1.40505	-52.8107	-51.4057
BLOCK09/SES097/SA097S14	SES104	-0.754318	-52.16	-51.4057
BLOCK09/SES097/SA097S14	SES206	-1.29804	-52.7037	-51.4057
BLOCK09/SES097/SA097S22	SES099	-0.241474	-51.6889	-51.4475
BLOCK09/SES097/SA097S22	SES206	-0.589634	-52.0371	-51.4475
BLOCK09/SES097/SA097S22	SES226	-0.430836	-51.8783	-51.4475
BLOCK09/SES097/SA097S22	SES270	0.284	-51.1635	-51.4475
BLOCK09/SES097/SA097S26	SES099	-0.565887	-51.6693	-51.1034
BLOCK09/SES097/SA097S26	SES120	-3.65363	-54.757	-51.1034
BLOCK09/SES097/SA097S26	SES206	-0.953053	-52.0565	-51.1034
BLOCK09/SES097/SA097S26	SES226	-0.715233	-51.8186	-51.1034
BLOCK09/SES097/SA097S28	SES099	-1.02771	-52.1571	-51.1294
BLOCK09/SES097/SA097S28	SES120	-2.53615	-53.6656	-51.1294
BLOCK09/SES097/SA097S28	SES206	-1.31094	-52.4404	-51.1294
BLOCK09/SES097/SA097S28	SES226	-0.840443	-51.9699	-51.1294
BLOCK09/SES098/SA098S11	SES127	-1.75539	-55.0048	-53.2494
BLOCK09/SES098/SA098S11	SES144	-1.15307	-54.4025	-53.2494
BLOCK09/SES098/SA098S11	SES147	-0.148357	-53.3978	-53.2494
BLOCK09/SES098/SA098S11	SES148	-2.62763	-55.8771	-53.2494
BLOCK09/SES098/SA098S12	SES127	-2.51641	-56.9834	-54.467
BLOCK09/SES098/SA098S12	SES144	-1.45834	-55.9253	-54.467
BLOCK09/SES098/SA098S12	SES147	-0.98204	-55.449	-54.467
BLOCK09/SES098/SA098S12	SES189	-0.422066	-54.889	-54.467
BLOCK09/SES098/SA098S20	SES127	-2.80228	-56.4436	-53.6413
BLOCK09/SES098/SA098S20	SES147	-0.366283	-54.0076	-53.6413
BLOCK09/SES098/SA098S20	SES148	-3.26155	-56.9028	-53.6413
BLOCK09/SES098/SA098S20	SES292	-3.8738	-57.5151	-53.6413
BLOCK09/SES098/SA098S23	SES127	-1.70134	-54.2675	-52.5662
BLOCK09/SES098/SA098S23	SES147	-0.617523	-53.1837	-52.5662
BLOCK09/SES098/SA098S23	SES187	-0.933754	-53.5	-52.5662
BLOCK09/SES098/SA098S23	SES292	-2.70609	-55.2723	-52.5662
BLOCK09/SES098/SA098S27	SES127	-2.16515	-55.1949	-53.0297
BLOCK09/SES098/SA098S27	SES147	-1.25244	-54.2822	-53.0297
BLOCK09/SES098/SA098S27	SES148	-3.33628	-56.366	-53.0297
BLOCK09/SES098/SA098S27	SES292	-2.2993	-55.329	-53.0297
BLOCK10/SES102/SA102S13	SES101	-0.630905	-52.7811	-52.1502
BLOCK10/SES102/SA102S13	SES105	-1.33192	-53.4821	-52.1502
BLOCK10/SES102/SA102S13	SES120	-1.25046	-53.4006	-52.1502
BLOCK10/SES102/SA102S13	SES158	-6.96098	-59.1112	-52.1502
BLOCK10/SES102/SA102S14	SES007	0.0979462	-50.7709	-50.8688
BLOCK10/SES102/SA102S14	SES101	0.114967	-50.7538	-50.8688
BLOCK10/SES102/SA102S14	SES105	-0.14439	-51.0132	-50.8688
BLOCK10/SES102/SA102S14	SES147	-3.65005	-54.5189	-50.8688
BLOCK10/SES102/SA102S22	SES007	-0.888737	-51.7481	-50.8594
BLOCK10/SES102/SA102S22	SES101	0.201893	-50.6575	-50.8594
BLOCK10/SES102/SA102S22	SES105	-0.22604	-51.0854	-50.8594
BLOCK10/SES102/SA102S22	SES158	-4.16629	-55.0257	-50.8594
BLOCK10/SES102/SA102S25	SES007	-0.320629	-51.5529	-51.2323
BLOCK10/SES102/SA102S25	SES101	-0.00799561	-51.2403	-51.2323
BLOCK10/SES102/SA102S25	SES105	-0.193863	-51.4261	-51.2323
BLOCK10/SES102/SA102S25	SES147	-4.43224	-55.6645	-51.2323
BLOCK10/SES102/SA102S27	SES007	-1.10649	-52.8695	-51.763
BLOCK10/SES102/SA102S27	SES101	-0.157925	-51.9209	-51.763
BLOCK10/SES102/SA102S27	SES105	-0.420544	-52.1835	-51.763
BLOCK10/SES102/SA102S27	SES147	-2.81111	-54.5741	-51.763
BLOCK10/SES103/SA103S14	SES105	-3.28523	-55.6133	-52.328
BLOCK10/SES103/SA103S14	SES106	-0.417454	-52.7455	-52.328
BLOCK10/SES103/SA103S14	SES120	-3.87553	-56.2036	-52.328
BLOCK10/SES103/SA103S14	SES206	-1.07488	-53.4029	-52.328
BLOCK10/SES103/SA103S15	SES099	-0.662739	-53.5581	-52.8954
BLOCK10/SES103/SA103S15	SES101	-5.03183	-57.9272	-52.8954
BLOCK10/SES103/SA103S15	SES104	-0.943844	-53.8392	-52.8954
BLOCK10/SES103/SA103S15	SES125	-0.897141	-53.7925	-52.8954
BLOCK10/SES103/SA103S24	SES104	-1.14325	-52.7164	-51.5731
BLOCK10/SES103/SA103S24	SES125	-0.862663	-52.4358	-51.5731
BLOCK10/SES103/SA103S24	SES148	-4.03075	-55.6039	-51.5731
BLOCK10/SES103/SA103S24	SES158	-0.213322	-51.7864	-51.5731
BLOCK10/SES103/SA103S26	SES104	-1.44736	-53.6097	-52.1623
BLOCK10/SES103/SA103S26	SES106	-0.529072	-52.6914	-52.1623
BLOCK10/SES103/SA103S26	SES125	-0.860138	-53.0224	-52.1623
BLOCK10/SES103/SA103S26	SES148	-3.78407	-55.9464	-52.1623
BLOCK10/SES103/SA103S28	SES104	-1.83569	-54.7792	-52.9435
BLOCK10/SES103/SA103S28	SES106	-0.721436	-53.6649	-52.9435
BLOCK10/SES103/SA103S28	SES125	-1.77946	-54.7229	-52.9435
BLOCK10/SES103/SA103S28	SES206	-2.71001	-55.6535	-52.9435
BLOCK12/SES121/SA121S12	SES042	-2.33829	-55.7146	-53.3763
BLOCK12/SES121/SA121S12	SES087	-1.42973	-54.8061	-53.3763
BLOCK12/SES121/SA121S12	SES105	-2.1442	-55.5205	-53.3763
BLOCK12/SES121/SA121S12	SES206	-1.08675	-54.4631	-53.3763
BLOCK12/SES121/SA121S14	SES007	-3.81202	-57.6602	-53.8482
BLOCK12/SES121/SA121S14	SES105	-3.4124	-57.2606	-53.8482
BLOCK12/SES121/SA121S14	SES106	-1.63191	-55.4801	-53.8482
BLOCK12/SES121/SA121S14	SES206	-1.55862	-55.4068	-53.8482
BLOCK12/SES121/SA121S23	SES105	-2.90017	-56.8432	-53.9431
BLOCK12/SES121/SA121S23	SES106	-1.13097	-55.074	-53.9431
BLOCK12/SES121/SA121S23	SES120	-3.09536	-57.0384	-53.9431
BLOCK12/SES121/SA121S23	SES206	-1.45271	-55.3958	-53.9431
BLOCK12/SES121/SA121S25	SES007	-4.24653	-58.6713	-54.4248
BLOCK12/SES121/SA121S25	SES105	-4.17659	-58.6014	-54.4248
BLOCK12/SES121/SA121S25	SES106	-1.49508	-55.9198	-54.4248
BLOCK12/SES121/SA121S25	SES206	-2.09972	-56.5245	-54.4248
BLOCK12/SES121/SA121S27	SES087	-0.692471	-53.5559	-52.8634
BLOCK12/SES121/SA121S27	SES105	-5.11541	-57.9789	-52.8634
BLOCK12/SES121/SA121S27	SES120	-3.42592	-56.2894	-52.8634
BLOCK12/SES121/SA121S27	SES206	-1.58234	-54.4458	-52.8634
BLOCK12/SES124/SA124S16	SES042	-0.768402	-52.2412	-51.4728
BLOCK12/SES124/SA124S16	SES082	-0.67308	-52.1459	-51.4728
BLOCK12/SES124/SA124S16	SES183	-4.40583	-55.8787	-51.4728
BLOCK12/SES124/SA124S16	SES206	-1.05464	-52.5275	-51.4728
BLOCK12/SES124/SA124S17	SES105	-3.21422	-55.4212	-52.207
BLOCK12/SES124/SA124S17	SES149	-2.03154	-54.2385	-52.207
BLOCK12/SES124/SA124S17	SES158	-2.16182	-54.3688	-52.207
BLOCK12/SES124/SA124S17	SES275	-3.78978	-55.9968	-52.207
BLOCK12/SES124/SA124S23	SES105	-3.30281	-52.8417	-49.5389
BLOCK12/SES124/SA124S23	SES125	0.503838	-49.0351	-49.5389
BLOCK12/SES124/SA124S23	SES129	-4.3908	-53.9297	-49.5389
BLOCK12/SES124/SA124S23	SES158	-0.310555	-49.8495	-49.5389
BLOCK12/SES124/SA124S26	SES105	-4.01852	-54.5402	-50.5216
BLOCK12/SES124/SA124S26	SES125	0.378754	-50.1429	-50.5216
BLOCK12/SES124/SA124S26	SES129	-4.8518	-55.3734	-50.5216
BLOCK12/SES124/SA124S26	SES158	-1.31421	-51.8359	-50.5216
BLOCK12/SES124/SA124S28	SES104	-0.174236	-50.477	-50.3028
BLOCK12/SES124/SA124S28	SES106	-0.402882	-50.7057	-50.3028
BLOCK12/SES124/SA124S28	SES125	0.409019	-49.8938	-50.3028
BLOCK12/SES124/SA124S28	SES275	-4.80692	-55.1097	-50.3028
BLOCK12/SES126/SA126S13	SES007	-3.13424	-56.4012	-53.2669
BLOCK12/SES126/SA126S13	SES162	-1.20615	-54.4731	-53.2669
BLOCK12/SES126/SA126S13	SES177	-0.768394	-54.0353	-53.2669
BLOCK12/SES126/SA126S13	SES180	-1.77746	-55.0444	-53.2669
BLOCK12/SES126/SA126S14	SES144	-0.799061	-52.6017	-51.8026
BLOCK12/SES126/SA126S14	SES148	-1.63763	-53.4402	-51.8026
BLOCK12/SES126/SA126S14	SES177	-0.0656662	-51.8683	-51.8026
BLOCK12/SES126/SA126S14	SES180	-0.372223	-52.1748	-51.8026
BLOCK12/SES126/SA126S20	SES007	-2.59929	-54.6109	-52.0116
BLOCK12/SES126/SA126S20	SES162	-1.40766	-53.4193	-52.0116
BLOCK12/SES126/SA126S20	SES172	-4.03668	-56.0483	-52.0116
BLOCK12/SES126/SA126S20	SES180	-1.69598	-53.7076	-52.0116
BLOCK12/SES126/SA126S24	SES120	-0.338181	-52.0466	-51.7084
BLOCK12/SES126/SA126S24	SES162	-0.925037	-52.6335	-51.7084
BLOCK12/SES126/SA126S24	SES177	-0.613422	-52.3219	-51.7084
BLOCK12/SES126/SA126S24	SES180	-0.373074	-52.0815	-51.7084
BLOCK12/SES126/SA126S26	SES120	-0.304062	-52.8474	-52.5434
BLOCK12/SES126/SA126S26	SES177	-0.958885	-53.5023	-52.5434
BLOCK12/SES126/SA126S26	SES180	-0.738594	-53.282	-52.5434
BLOCK12/SES126/SA126S26	SES202	-2.25626	-54.7996	-52.5434
BLOCK12/SES128/SA128S10	SES087	-2.02343	-53.3835	-51.36
BLOCK12/SES128/SA128S10	SES206	-1.31776	-52.6778	-51.36
BLOCK12/SES128/SA128S10	SES226	-0.656944	-52.017	-51.36
BLOCK12/SES128/SA128S10	SES270	-1.09118	-52.4512	-51.36
BLOCK12/SES128/SA128S12	SES120	-2.59316	-53.9335	-51.3404
BLOCK12/SES128/SA128S12	SES158	-0.693157	-52.0335	-51.3404
BLOCK12/SES128/SA128S12	SES206	-0.802479	-52.1429	-51.3404
BLOCK12/SES128/SA128S12	SES226	-1.29073	-52.6311	-51.3404
BLOCK12/SES128/SA128S21	SES106	-2.87313	-55.6009	-52.7277
BLOCK12/SES128/SA128S21	SES120	-1.36486	-54.0926	-52.7277
BLOCK12/SES128/SA128S21	SES206	-3.20945	-55.9372	-52.7277
BLOCK12/SES128/SA128S21	SES226	-2.18314	-54.9109	-52.7277
BLOCK12/SES128/SA128S24	SES087	-2.4807	-54.8057	-52.325
BLOCK12/SES128/SA128S24	SES120	-1.10579	-53.4308	-52.325
BLOCK12/SES128/SA128S24	SES206	-2.83986	-55.1649	-52.325
BLOCK12/SES128/SA128S24	SES226	-1.80582	-54.1308	-52.325
BLOCK12/SES128/SA128S27	SES099	-1.45703	-52.7369	-51.2798
BLOCK12/SES128/SA128S27	SES120	-1.94873	-53.2286	-51.2798
BLOCK12/SES128/SA128S27	SES206	-2.02321	-53.3031	-51.2798
BLOCK12/SES128/SA128S27	SES226	-1.06358	-52.3434	-51.2798
BLOCK13/SES130/SA130S13	SES143	-2.20498	-55.9686	-53.7636
BLOCK13/SES130/SA130S13	SES144	0.284637	-53.4789	-53.7636
BLOCK13/SES130/SA130S13	SES146	0.0470695	-53.7165	-53.7636
BLOCK13/SES130/SA130S13	SES275	-1.90752	-55.6711	-53.7636
BLOCK13/SES130/SA130S15	SES143	-1.91223	-54.1463	-52.2341
BLOCK13/SES130/SA130S15	SES144	-0.186817	-52.4209	-52.2341
BLOCK13/SES130/SA130S15	SES146	0.0819321	-52.1521	-52.2341
BLOCK13/SES130/SA130S15	SES275	-0.916313	-53.1504	-52.2341
BLOCK13/SES130/SA130S23	SES127	-2.77007	-56.5576	-53.7876
BLOCK13/SES130/SA130S23	SES144	-0.905239	-54.6928	-53.7876
BLOCK13/SES130/SA130S23	SES146	-0.185146	-53.9727	-53.7876
BLOCK13/SES130/SA130S23	SES162	-0.985825	-54.7734	-53.7876
BLOCK13/SES130/SA130S25	SES127	-2.07475	-53.7809	-51.7061
BLOCK13/SES130/SA130S25	SES144	-0.294956	-52.0011	-51.7061
BLOCK13/SES130/SA130S25	SES146	-0.116379	-51.8225	-51.7061
BLOCK13/SES130/SA130S25	SES275	-0.691551	-52.3977	-51.7061
BLOCK13/SES130/SA130S28	SES127	-1.75344	-53.6614	-51.9079
BLOCK13/SES130/SA130S28	SES144	-0.274532	-52.1825	-51.9079
BLOCK13/SES130/SA130S28	SES146	-0.650032	-52.558	-51.9079
BLOCK13/SES130/SA130S28	SES275	-0.47488	-52.3828	-51.9079
BLOCK13/SES131/SA131S13	SES002	-2.58466	-55.7004	-53.1157
BLOCK13/SES131/SA131S13	SES007	-4.68816	-57.8039	-53.1157
BLOCK13/SES131/SA131S13	SES099	-2.13171	-55.2474	-53.1157
BLOCK13/SES131/SA131S13	SES105	-3.22197	-56.3377	-53.1157
BLOCK13/SES131/SA131S14	SES104	-0.839497	-52.3757	-51.5362
BLOCK13/SES131/SA131S14	SES106	-0.417259	-51.9534	-51.5362
BLOCK13/SES131/SA131S14	SES125	-1.27787	-52.814	-51.5362
BLOCK13/SES131/SA131S14	SES148	-2.66593	-54.2021	-51.5362
BLOCK13/SES131/SA131S20	SES104	-1.33144	-54.0399	-52.7084
BLOCK13/SES131/SA131S20	SES106	-0.427601	-53.136	-52.7084
BLOCK13/SES131/SA131S20	SES125	-1.33938	-54.0478	-52.7084
BLOCK13/SES131/SA131S20	SES148	-4.50439	-57.2128	-52.7084
BLOCK13/SES131/SA131S22	SES099	-1.17617	-53.2225	-52.0464
BLOCK13/SES131/SA131S22	SES104	-1.4809	-53.5273	-52.0464
BLOCK13/SES131/SA131S22	SES125	-1.21165	-53.258	-52.0464
BLOCK13/SES131/SA131S22	SES206	-1.47226	-53.5186	-52.0464
BLOCK13/SES131/SA131S29	SES087	-0.883274	-53.5724	-52.6891
BLOCK13/SES131/SA131S29	SES104	-1.97528	-54.6644	-52.6891
BLOCK13/SES131/SA131S29	SES125	-1.7315	-54.4206	-52.6891
BLOCK13/SES131/SA131S29	SES206	-1.7072	-54.3963	-52.6891
BLOCK13/SES132/SA132S11	SES083	-1.63395	-52.9071	-51.2732
BLOCK13/SES132/SA132S11	SES120	0.320885	-50.9523	-51.2732
BLOCK13/SES132/SA132S11	SES127	-0.766548	-52.0397	-51.2732
BLOCK13/SES132/SA132S11	SES275	-1.23153	-52.5047	-51.2732
BLOCK13/SES132/SA132S12	SES083	-1.33277	-52.1969	-50.8641
BLOCK13/SES132/SA132S12	SES143	-1.37122	-52.2353	-50.8641
BLOCK13/SES132/SA132S12	SES144	-0.920982	-51.7851	-50.8641
BLOCK13/SES132/SA132S12	SES148	-1.17101	-52.0351	-50.8641
BLOCK13/SES132/SA132S22	SES062	-0.794617	-52.2219	-51.4273
BLOCK13/SES132/SA132S22	SES083	-0.978233	-52.4055	-51.4273
BLOCK13/SES132/SA132S22	SES127	-0.507198	-51.9345	-51.4273
BLOCK13/SES132/SA132S22	SES275	-1.07095	-52.4982	-51.4273
BLOCK13/SES132/SA132S24	SES007	-0.168861	-51.4128	-51.244
BLOCK13/SES132/SA132S24	SES083	-1.09267	-52.3366	-51.244
BLOCK13/SES132/SA132S24	SES127	-1.12769	-52.3716	-51.244
BLOCK13/SES132/SA132S24	SES275	-1.16321	-52.4072	-51.244
BLOCK13/SES132/SA132S27	SES083	-1.93675	-53.644	-51.7072
BLOCK13/SES132/SA132S27	SES120	0.0736313	-51.6336	-51.7072
BLOCK13/SES132/SA132S27	SES127	-1.40383	-53.1111	-51.7072
BLOCK13/SES132/SA132S27	SES275	-1.63577	-53.343	-51.7072
BLOCK14/SES141/SA141S09	SES143	-0.576481	-52.4918	-51.9153
BLOCK14/SES141/SA141S09	SES144	-0.61224	-52.5275	-51.9153
BLOCK14/SES141/SA141S09	SES162	-0.357666	-52.273	-51.9153
BLOCK14/SES141/SA141S09	SES180	-0.990719	-52.906	-51.9153
BLOCK14/SES141/SA141S15	SES127	-0.702309	-52.462	-51.7597
BLOCK14/SES141/SA141S15	SES144	-0.737816	-52.4975	-51.7597
BLOCK14/SES141/SA141S15	SES162	-0.508144	-52.2678	-51.7597
BLOCK14/SES141/SA141S15	SES180	-0.961479	-52.7212	-51.7597
BLOCK14/SES141/SA141S24	SES127	-0.0221825	-51.9806	-51.9585
BLOCK14/SES141/SA141S24	SES144	-1.07734	-53.0358	-51.9585
BLOCK14/SES141/SA141S24	SES162	0.358719	-51.5997	-51.9585
BLOCK14/SES141/SA141S24	SES183	-1.67542	-53.6339	-51.9585
BLOCK14/SES141/SA141S26	SES142	-1.96682	-54.2715	-52.3047
BLOCK14/SES141/SA141S26	SES144	-1.50168	-53.8064	-52.3047
BLOCK14/SES141/SA141S26	SES172	-1.44547	-53.7502	-52.3047
BLOCK14/SES141/SA141S26	SES180	-0.807381	-53.1121	-52.3047
BLOCK14/SES141/SA141S29	SES127	-0.261868	-51.5543	-51.2924
BLOCK14/SES141/SA141S29	SES142	0.0463943	-51.246	-51.2924
BLOCK14/SES141/SA141S29	SES144	-1.17553	-52.4679	-51.2924
BLOCK14/SES141/SA141S29	SES180	-0.0563622	-51.3488	-51.2924
BLOCK15/SES157/SA157S08	SES083	-1.93587	-53.881	-51.9451
BLOCK15/SES157/SA157S08	SES127	-2.47142	-54.4166	-51.9451
BLOCK15/SES157/SA157S08	SES148	-0.638359	-52.5835	-51.9451
BLOCK15/SES157/SA157S08	SES292	-1.82992	-53.7751	-51.9451
BLOCK15/SES157/SA157S11	SES083	-1.99808	-53.656	-51.658
BLOCK15/SES157/SA157S11	SES127	-2.68758	-54.3456	-51.658
BLOCK15/SES157/SA157S11	SES148	-1.47025	-53.1282	-51.658
BLOCK15/SES157/SA157S11	SES292	-1.50266	-53.1606	-51.658
BLOCK15/SES157/SA157S21	SES127	-3.20057	-54.5345	-51.3339
BLOCK15/SES157/SA157S21	SES148	-1.21297	-52.5469	-51.3339
BLOCK15/SES157/SA157S21	SES158	-5.02208	-56.356	-51.3339
BLOCK15/SES157/SA157S21	SES292	-1.46736	-52.8013	-51.3339
BLOCK15/SES157/SA157S24	SES127	-3.21426	-54.6619	-51.4477
BLOCK15/SES157/SA157S24	SES148	-0.860729	-52.3084	-51.4477
BLOCK15/SES157/SA157S24	SES183	-1.59906	-53.0467	-51.4477
BLOCK15/SES157/SA157S24	SES292	-1.41665	-52.8643	-51.4477
BLOCK15/SES157/SA157S26	SES007	-0.433933	-52.137	-51.7031
BLOCK15/SES157/SA157S26	SES127	-1.3951	-53.0982	-51.7031
BLOCK15/SES157/SA157S26	SES147	-4.28183	-55.9849	-51.7031
BLOCK15/SES157/SA157S26	SES148	-0.456196	-52.1593	-51.7031
BLOCK16/SES161/SA161S10	SES007	-2.30095	-55.3025	-53.0016
BLOCK16/SES161/SA161S10	SES105	-1.42254	-54.4241	-53.0016
BLOCK16/SES161/SA161S10	SES158	-2.24088	-55.2424	-53.0016
BLOCK16/SES161/SA161S10	SES275	-1.99685	-54.9984	-53.0016
BLOCK16/SES161/SA161S12	SES007	-1.86161	-54.4247	-52.5631
BLOCK16/SES161/SA161S12	SES105	-1.97949	-54.5426	-52.5631
BLOCK16/SES161/SA161S12	SES158	-1.49441	-54.0575	-52.5631
BLOCK16/SES161/SA161S12	SES275	-1.66748	-54.2306	-52.5631
BLOCK16/SES161/SA161S20	SES007	-2.20761	-56.0562	-53.8486
BLOCK16/SES161/SA161S20	SES105	-2.59789	-56.4465	-53.8486
BLOCK16/SES161/SA161S20	SES158	-2.41643	-56.265	-53.8486
BLOCK16/SES161/SA161S20	SES275	-2.31207	-56.1606	-53.8486
BLOCK16/SES161/SA161S23	SES007	-2.27493	-54.4463	-52.1714
BLOCK16/SES161/SA161S23	SES105	-1.57927	-53.7507	-52.1714
BLOCK16/SES161/SA161S23	SES148	-2.73817	-54.9096	-52.1714
BLOCK16/SES161/SA161S23	SES158	-1.11234	-53.2838	-52.1714
BLOCK16/SES161/SA161S28	SES007	-3.43545	-56.2008	-52.7654
BLOCK16/SES161/SA161S28	SES105	-2.66075	-55.4261	-52.7654
BLOCK16/SES161/SA161S28	SES158	-0.950756	-53.7162	-52.7654
BLOCK16/SES161/SA161S28	SES206	-2.16787	-54.9333	-52.7654
BLOCK16/SES164/SA164S11	SES104	-1.69675	-52.3258	-50.629
BLOCK16/SES164/SA164S11	SES125	-0.487968	-51.117	-50.629
BLOCK16/SES164/SA164S11	SES158	-0.491718	-51.1208	-50.629
BLOCK16/SES164/SA164S11	SES206	-1.33792	-51.967	-50.629
BLOCK16/SES164/SA164S13	SES099	-1.04331	-52.8648	-51.8215
BLOCK16/SES164/SA164S13	SES104	-1.56925	-53.3908	-51.8215
BLOCK16/SES164/SA164S13	SES125	-1.07552	-52.8971	-51.8215
BLOCK16/SES164/SA164S13	SES206	-1.42565	-53.2472	-51.8215
BLOCK16/SES164/SA164S24	SES002	-0.452545	-51.4657	-51.0131
BLOCK16/SES164/SA164S24	SES099	-0.228657	-51.2418	-51.0131
BLOCK16/SES164/SA164S24	SES125	-1.72467	-52.7378	-51.0131
BLOCK16/SES164/SA164S24	SES226	-1.29555	-52.3087	-51.0131
BLOCK16/SES164/SA164S27	SES087	-1.62066	-53.0515	-51.4308
BLOCK16/SES164/SA164S27	SES125	-1.02168	-52.4525	-51.4308
BLOCK16/SES164/SA164S27	SES206	-1.17152	-52.6023	-51.4308
BLOCK16/SES164/SA164S27	SES226	-1.90027	-53.3311	-51.4308
BLOCK16/SES164/SA164S29	SES002	0.195408	-50.9364	-51.1318
BLOCK16/SES164/SA164S29	SES019	-1.60226	-52.7341	-51.1318
BLOCK16/SES164/SA164S29	SES125	-1.30162	-52.4335	-51.1318
BLOCK16/SES164/SA164S29	SES226	-1.33405	-52.4659	-51.1318
BLOCK16/SES169/SA169S13	SES117	-2.43614	-54.2606	-51.8245
BLOCK16/SES169/SA169S13	SES144	-0.871624	-52.6961	-51.8245
BLOCK16/SES169/SA169S13	SES146	-1.1866	-53.0111	-51.8245
BLOCK16/SES169/SA169S13	SES162	-2.18617	-54.0107	-51.8245
BLOCK16/SES169/SA169S14	SES144	-0.511032	-51.2436	-50.7326
BLOCK16/SES169/SA169S14	SES148	-0.904903	-51.6375	-50.7326
BLOCK16/SES169/SA169S14	SES177	-1.47186	-52.2045	-50.7326
BLOCK16/SES169/SA169S14	SES180	-3.12134	-53.854	-50.7326
BLOCK16/SES169/SA169S24	SES117	-2.06929	-54.5061	-52.4368
BLOCK16/SES169/SA169S24	SES144	-0.555702	-52.9925	-52.4368
BLOCK16/SES169/SA169S24	SES146	-1.15233	-53.5892	-52.4368
BLOCK16/SES169/SA169S24	SES162	-2.12677	-54.5636	-52.4368
BLOCK16/SES169/SA169S27	SES127	-1.5953	-53.391	-51.7957
BLOCK16/SES169/SA169S27	SES129	-1.10938	-52.9051	-51.7957
BLOCK16/SES169/SA169S27	SES144	-1.04323	-52.8389	-51.7957
BLOCK16/SES169/SA169S27	SES146	-0.689697	-52.4854	-51.7957
BLOCK16/SES169/SA169S29	SES144	-0.547993	-51.771	-51.223
BLOCK16/SES169/SA169S29	SES162	-1.47732	-52.7004	-51.223
BLOCK16/SES169/SA169S29	SES177	-2.85591	-54.0789	-51.223
BLOCK16/SES169/SA169S29	SES180	-2.01144	-53.2345	-51.223
BLOCK17/SES171/SA171S12	SES083	-0.997971	-53.1678	-52.1698
BLOCK17/SES171/SA171S12	SES148	-1.47837	-53.6482	-52.1698
BLOCK17/SES171/SA171S12	SES172	-1.31244	-53.4823	-52.1698
BLOCK17/SES171/SA171S12	SES292	-1.93016	-54.1	-52.1698
BLOCK17/SES171/SA171S15	SES148	-0.920082	-53.5801	-52.66
BLOCK17/SES171/SA171S15	SES177	-0.904327	-53.5643	-52.66
BLOCK17/SES171/SA171S15	SES180	-2.32592	-54.9859	-52.66
BLOCK17/SES171/SA171S15	SES292	-2.71879	-55.3788	-52.66
BLOCK17/SES171/SA171S22	SES007	-1.59332	-53.122	-51.5287
BLOCK17/SES171/SA171S22	SES148	-0.917686	-52.4464	-51.5287
BLOCK17/SES171/SA171S22	SES177	-0.266739	-51.7954	-51.5287
BLOCK17/SES171/SA171S22	SES180	-1.72628	-53.255	-51.5287
BLOCK17/SES171/SA171S25	SES101	-2.23053	-55.1228	-52.8923
BLOCK17/SES171/SA171S25	SES120	-1.85101	-54.7433	-52.8923
BLOCK17/SES171/SA171S25	SES177	-0.588596	-53.4809	-52.8923
BLOCK17/SES171/SA171S25	SES180	-1.89525	-54.7875	-52.8923
BLOCK17/SES171/SA171S27	SES177	-0.131203	-52.4037	-52.2725
BLOCK17/SES171/SA171S27	SES180	-1.89708	-54.1696	-52.2725
BLOCK17/SES171/SA171S27	SES189	-0.366863	-52.6394	-52.2725
BLOCK17/SES171/SA171S27	SES292	-2.38386	-54.6564	-52.2725
BLOCK17/SES173/SA173S13	SES162	-1.47511	-54.8669	-53.3918
BLOCK17/SES173/SA173S13	SES177	-1.1632	-54.555	-53.3918
BLOCK17/SES173/SA173S13	SES180	-1.87079	-55.2626	-53.3918
BLOCK17/SES173/SA173S13	SES292	-1.43375	-54.8256	-53.3918
BLOCK17/SES173/SA173S14	SES007	-4.09921	-57.5755	-53.4763
BLOCK17/SES173/SA173S14	SES162	-1.25325	-54.7295	-53.4763
BLOCK17/SES173/SA173S14	SES177	-0.451038	-53.9273	-53.4763
BLOCK17/SES173/SA173S14	SES180	-2.10583	-55.5821	-53.4763
BLOCK17/SES173/SA173S24	SES144	-0.561783	-54.8708	-54.309
BLOCK17/SES173/SA173S24	SES162	-1.49301	-55.802	-54.309
BLOCK17/SES173/SA173S24	SES177	-0.947788	-55.2568	-54.309
BLOCK17/SES173/SA173S24	SES180	-1.65553	-55.9646	-54.309
BLOCK17/SES173/SA173S27	SES162	-2.12263	-55.3222	-53.1996
BLOCK17/SES173/SA173S27	SES177	-0.622025	-53.8216	-53.1996
BLOCK17/SES173/SA173S27	SES180	-1.88344	-55.083	-53.1996
BLOCK17/SES173/SA173S27	SES292	-1.77619	-54.9758	-53.1996
BLOCK17/SES173/SA173S29	SES162	-1.01073	-54.5833	-53.5726
BLOCK17/SES173/SA173S29	SES175	-0.185978	-53.7586	-53.5726
BLOCK17/SES173/SA173S29	SES177	-0.839958	-54.4125	-53.5726
BLOCK17/SES173/SA173S29	SES292	-2.14602	-55.7186	-53.5726
BLOCK18/SES182/SA182S10	SES144	-0.842712	-52.5629	-51.7202
BLOCK18/SES182/SA182S10	SES177	-1.0932	-52.8134	-51.7202
BLOCK18/SES182/SA182S10	SES180	-1.95174	-53.672	-51.7202
BLOCK18/SES182/SA182S10	SES275	-0.664978	-52.3852	-51.7202
BLOCK18/SES182/SA182S12	SES144	-0.411827	-51.5977	-51.1859
BLOCK18/SES182/SA182S12	SES177	-0.900139	-52.086	-51.1859
BLOCK18/SES182/SA182S12	SES180	-1.36945	-52.5553	-51.1859
BLOCK18/SES182/SA182S12	SES275	-1.46103	-52.6469	-51.1859
BLOCK18/SES182/SA182S21	SES117	-0.819794	-53.3515	-52.5317
BLOCK18/SES182/SA182S21	SES144	-1.04004	-53.5717	-52.5317
BLOCK18/SES182/SA182S21	SES162	-0.312572	-52.8443	-52.5317
BLOCK18/SES182/SA182S21	SES180	-1.7635	-54.2952	-52.5317
BLOCK18/SES182/SA182S23	SES117	-0.95694	-53.0867	-52.1297
BLOCK18/SES182/SA182S23	SES144	-1.34956	-53.4793	-52.1297
BLOCK18/SES182/SA182S23	SES180	-1.65821	-53.7879	-52.1297
BLOCK18/SES182/SA182S23	SES275	-1.20694	-53.3367	-52.1297
BLOCK18/SES182/SA182S25	SES007	-0.558231	-52.6446	-52.0864
BLOCK18/SES182/SA182S25	SES162	-0.213894	-52.3003	-52.0864
BLOCK18/SES182/SA182S25	SES177	-0.191032	-52.2774	-52.0864
BLOCK18/SES182/SA182S25	SES180	-1.04673	-53.1331	-52.0864
BLOCK18/SES184/SA184S12	SES177	-0.94561	-53.2533	-52.3077
BLOCK18/SES184/SA184S12	SES180	-0.619396	-52.9271	-52.3077
BLOCK18/SES184/SA184S12	SES189	-2.42751	-54.7352	-52.3077
BLOCK18/SES184/SA184S12	SES292	-1.36576	-53.6735	-52.3077
BLOCK18/SES184/SA184S13	SES101	-1.41873	-53.3296	-51.9108
BLOCK18/SES184/SA184S13	SES177	-1.29659	-53.2074	-51.9108
BLOCK18/SES184/SA184S13	SES180	-1.30239	-53.2132	-51.9108
BLOCK18/SES184/SA184S13	SES292	-1.15603	-53.0669	-51.9108
BLOCK18/SES184/SA184S22	SES177	-0.555733	-52.0362	-51.4805
BLOCK18/SES184/SA184S22	SES180	-0.936195	-52.4167	-51.4805
BLOCK18/SES184/SA184S22	SES189	-2.25955	-53.74	-51.4805
BLOCK18/SES184/SA184S22	SES292	-1.05357	-52.534	-51.4805
BLOCK18/SES184/SA184S25	SES101	-0.82024	-51.4543	-50.6341
BLOCK18/SES184/SA184S25	SES177	-1.18052	-51.8146	-50.6341
BLOCK18/SES184/SA184S25	SES180	-1.00586	-51.6399	-50.6341
BLOCK18/SES184/SA184S25	SES292	-0.71064	-51.3447	-50.6341
BLOCK18/SES184/SA184S27	SES083	-1.4672	-52.4758	-51.0086
BLOCK18/SES184/SA184S27	SES177	-1.21739	-52.226	-51.0086
BLOCK18/SES184/SA184S27	SES202	-3.84832	-54.857	-51.0086
BLOCK18/SES184/SA184S27	SES292	-1.26765	-52.2763	-51.0086
BLOCK20/SES204/SA204S12	SES062	-2.01564	-52.8763	-50.8606
BLOCK20/SES204/SA204S12	SES083	-2.2865	-53.1471	-50.8606
BLOCK20/SES204/SA204S12	SES206	-0.440258	-51.3009	-50.8606
BLOCK20/SES204/SA204S12	SES226	-0.880287	-51.7409	-50.8606
BLOCK20/SES204/SA204S14	SES068	-3.5155	-53.5479	-50.0324
BLOCK20/SES204/SA204S14	SES087	0.117287	-49.9151	-50.0324
BLOCK20/SES204/SA204S14	SES206	-1.11951	-51.1519	-50.0324
BLOCK20/SES204/SA204S14	SES226	-1.1072	-51.1396	-50.0324
BLOCK20/SES204/SA204S22	SES068	-4.00435	-54.936	-50.9316
BLOCK20/SES204/SA204S22	SES082	-2.47982	-53.4115	-50.9316
BLOCK20/SES204/SA204S22	SES083	-3.18696	-54.1186	-50.9316
BLOCK20/SES204/SA204S22	SES206	-1.23334	-52.165	-50.9316
BLOCK20/SES204/SA204S25	SES062	-3.13269	-54.0156	-50.8829
BLOCK20/SES204/SA204S25	SES083	-3.12313	-54.006	-50.8829
BLOCK20/SES204/SA204S25	SES206	-0.691921	-51.5748	-50.8829
BLOCK20/SES204/SA204S25	SES226	-1.32452	-52.2074	-50.8829
BLOCK20/SES204/SA204S27	SES068	-4.58372	-55.5657	-50.9819
BLOCK20/SES204/SA204S27	SES082	-1.8401	-52.822	-50.9819
BLOCK20/SES204/SA204S27	SES087	-0.27861	-51.2605	-50.9819
BLOCK20/SES204/SA204S27	SES206	-0.50383	-51.4858	-50.9819
BLOCK20/SES207/SA207S10	SES127	-0.7631	-52.6138	-51.8507
BLOCK20/SES207/SA207S10	SES183	-1.2148	-53.0655	-51.8507
BLOCK20/SES207/SA207S10	SES189	-0.839241	-52.6899	-51.8507
BLOCK20/SES207/SA207S10	SES292	-1.23698	-53.0876	-51.8507
BLOCK20/SES207/SA207S11	SES127	-2.05817	-53.8224	-51.7643
BLOCK20/SES207/SA207S11	SES183	-1.50669	-53.271	-51.7643
BLOCK20/SES207/SA207S11	SES187	-1.17023	-52.9345	-51.7643
BLOCK20/SES207/SA207S11	SES292	-0.952129	-52.7164	-51.7643
BLOCK20/SES207/SA207S25	SES068	-1.58977	-53.9825	-52.3927
BLOCK20/SES207/SA207S25	SES083	-2.00585	-54.3986	-52.3927
BLOCK20/SES207/SA207S25	SES127	-0.520985	-52.9137	-52.3927
BLOCK20/SES207/SA207S25	SES187	-0.184738	-52.5775	-52.3927
BLOCK20/SES207/SA207S27	SES127	-1.03055	-53.4851	-52.4545
BLOCK20/SES207/SA207S27	SES183	-0.661415	-53.1159	-52.4545
BLOCK20/SES207/SA207S27	SES187	-0.707905	-53.1624	-52.4545
BLOCK20/SES207/SA207S27	SES292	-1.78625	-54.2408	-52.4545
BLOCK20/SES207/SA207S29	SES083	-1.43204	-52.9759	-51.5439
BLOCK20/SES207/SA207S29	SES085	-0.83189	-52.3758	-51.5439
BLOCK20/SES207/SA207S29	SES172	-1.52172	-53.0656	-51.5439
BLOCK20/SES207/SA207S29	SES189	-1.36491	-52.9088	-51.5439
BLOCK22/SES221/SA221S12	SES068	-1.80388	-53.5618	-51.7579
BLOCK22/SES221/SA221S12	SES143	-1.40836	-53.1663	-51.7579
BLOCK22/SES221/SA221S12	SES175	-0.49881	-52.2567	-51.7579
BLOCK22/SES221/SA221S12	SES202	-0.261097	-52.019	-51.7579
BLOCK22/SES221/SA221S15	SES085	-2.60027	-55.8124	-53.2121
BLOCK22/SES221/SA221S15	SES143	-1.97923	-55.1914	-53.2121
BLOCK22/SES221/SA221S15	SES175	-0.308266	-53.5204	-53.2121
BLOCK22/SES221/SA221S15	SES187	-0.493755	-53.7059	-53.2121
BLOCK22/SES221/SA221S23	SES068	-2.19343	-54.2975	-52.1041
BLOCK22/SES221/SA221S23	SES143	-1.83277	-53.9369	-52.1041
BLOCK22/SES221/SA221S23	SES175	-0.253315	-52.3574	-52.1041
BLOCK22/SES221/SA221S23	SES189	0.655937	-51.4482	-52.1041
BLOCK22/SES221/SA221S27	SES085	-3.77375	-55.919	-52.1452
BLOCK22/SES221/SA221S27	SES143	-1.24204	-53.3873	-52.1452
BLOCK22/SES221/SA221S27	SES175	-0.850624	-52.9958	-52.1452
BLOCK22/SES221/SA221S27	SES189	0.905212	-51.24	-52.1452
BLOCK22/SES221/SA221S29	SES085	-4.68847	-58.5453	-53.8568
BLOCK22/SES221/SA221S29	SES143	-1.29684	-55.1536	-53.8568
BLOCK22/SES221/SA221S29	SES175	0.162086	-53.6947	-53.8568
BLOCK22/SES221/SA221S29	SES187	0.674892	-53.1819	-53.8568
BLOCK22/SES223/SA223S11	SES143	-0.826717	-53.9533	-53.1266
BLOCK22/SES223/SA223S11	SES144	-1.38525	-54.5118	-53.1266
BLOCK22/SES223/SA223S11	SES175	-0.676201	-53.8028	-53.1266
BLOCK22/SES223/SA223S11	SES187	-0.525661	-53.6522	-53.1266
BLOCK22/SES223/SA223S13	SES068	-1.74712	-55.5976	-53.8504
BLOCK22/SES223/SA223S13	SES143	-1.98869	-55.8391	-53.8504
BLOCK22/SES223/SA223S13	SES146	-2.23811	-56.0885	-53.8504
BLOCK22/SES223/SA223S13	SES202	-1.28379	-55.1342	-53.8504
BLOCK22/SES223/SA223S22	SES143	-0.848549	-53.8118	-52.9632
BLOCK22/SES223/SA223S22	SES144	-1.76093	-54.7241	-52.9632
BLOCK22/SES223/SA223S22	SES175	-0.770622	-53.7338	-52.9632
BLOCK22/SES223/SA223S22	SES187	-0.422226	-53.3854	-52.9632
BLOCK22/SES223/SA223S25	SES068	-1.79165	-54.9087	-53.1171
BLOCK22/SES223/SA223S25	SES143	-1.98173	-55.0988	-53.1171
BLOCK22/SES223/SA223S25	SES175	-0.952679	-54.0698	-53.1171
BLOCK22/SES223/SA223S25	SES187	-0.34647	-53.4636	-53.1171
BLOCK22/SES223/SA223S27	SES143	-1.19567	-54.0609	-52.8652
BLOCK22/SES223/SA223S27	SES146	-1.10031	-53.9655	-52.8652
BLOCK22/SES223/SA223S27	SES187	-0.246902	-53.1121	-52.8652
BLOCK22/SES223/SA223S27	SES292	-1.73394	-54.5992	-52.8652
BLOCK27/SES273/SA273S12	SES099	-0.281944	-49.8097	-49.5277
BLOCK27/SES273/SA273S12	SES104	0.178204	-49.3495	-49.5277
BLOCK27/SES273/SA273S12	SES125	-0.227859	-49.7556	-49.5277
BLOCK27/SES273/SA273S12	SES206	0.15873	-49.369	-49.5277
BLOCK27/SES273/SA273S13	SES099	-0.789989	-50.103	-49.313
BLOCK27/SES273/SA273S13	SES104	0.0909119	-49.2221	-49.313
BLOCK27/SES273/SA273S13	SES206	-0.476601	-49.7896	-49.313
BLOCK27/SES273/SA273S13	SES292	-3.49835	-52.8114	-49.313
BLOCK27/SES273/SA273S21	SES099	0.185959	-49.7394	-49.9254
BLOCK27/SES273/SA273S21	SES148	-3.20483	-53.1302	-49.9254
BLOCK27/SES273/SA273S21	SES149	-0.482861	-50.4082	-49.9254
BLOCK27/SES273/SA273S21	SES177	-4.73407	-54.6594	-49.9254
BLOCK27/SES273/SA273S25	SES104	-0.0778465	-49.6454	-49.5676
BLOCK27/SES273/SA273S25	SES125	-1.01833	-50.5859	-49.5676
BLOCK27/SES273/SA273S25	SES158	-0.360332	-49.9279	-49.5676
BLOCK27/SES273/SA273S25	SES206	0.307194	-49.2604	-49.5676
BLOCK27/SES273/SA273S27	SES099	-0.390095	-49.991	-49.6009
BLOCK27/SES273/SA273S27	SES104	-0.563465	-50.1643	-49.6009
BLOCK27/SES273/SA273S27	SES149	-0.935257	-50.5361	-49.6009
BLOCK27/SES273/SA273S27	SES275	-2.28413	-51.885	-49.6009
BLOCK27/SES274/SA274S10	SES105	-2.24541	-52.7909	-50.5455
BLOCK27/SES274/SA274S10	SES125	-0.234524	-50.78	-50.5455
BLOCK27/SES274/SA274S10	SES129	-1.47725	-52.0227	-50.5455
BLOCK27/SES274/SA274S10	SES158	-1.44754	-51.993	-50.5455
BLOCK27/SES274/SA274S11	SES105	-2.79548	-53.3441	-50.5487
BLOCK27/SES274/SA274S11	SES149	-1.01047	-51.5591	-50.5487
BLOCK27/SES274/SA274S11	SES158	-0.980053	-51.5287	-50.5487
BLOCK27/SES274/SA274S11	SES275	-2.72879	-53.2775	-50.5487
BLOCK27/SES274/SA274S21	SES105	-2.90686	-53.8868	-50.9799
BLOCK27/SES274/SA274S21	SES129	-2.26779	-53.2477	-50.9799
BLOCK27/SES274/SA274S21	SES149	-0.634178	-51.6141	-50.9799
BLOCK27/SES274/SA274S21	SES158	-1.70156	-52.6815	-50.9799
BLOCK27/SES274/SA274S24	SES105	-2.76088	-53.4076	-50.6467
BLOCK27/SES274/SA274S24	SES129	-2.56242	-53.2091	-50.6467
BLOCK27/SES274/SA274S24	SES149	-1.10456	-51.7513	-50.6467
BLOCK27/SES274/SA274S24	SES158	-1.89074	-52.5375	-50.6467
BLOCK27/SES274/SA274S29	SES105	-2.61854	-53.0036	-50.385
BLOCK27/SES274/SA274S29	SES106	-1.64901	-52.034	-50.385
BLOCK27/SES274/SA274S29	SES120	-2.29066	-52.6757	-50.385
BLOCK27/SES274/SA274S29	SES275	-2.63155	-53.0166	-50.385
BLOCK27/SES276/SA276S16	SES148	-1.34549	-53.6102	-52.2647
BLOCK27/SES276/SA276S16	SES172	-1.78046	-54.0451	-52.2647
BLOCK27/SES276/SA276S16	SES180	-3.45865	-55.7233	-52.2647
BLOCK27/SES276/SA276S16	SES292	-0.260834	-52.5255	-52.2647
BLOCK27/SES276/SA276S17	SES101	-1.33996	-53.1623	-51.8223
BLOCK27/SES276/SA276S17	SES177	-1.93015	-53.7525	-51.8223
BLOCK27/SES276/SA276S17	SES180	-1.91974	-53.7421	-51.8223
BLOCK27/SES276/SA276S17	SES292	-0.970974	-52.7933	-51.8223
BLOCK27/SES276/SA276S24	SES101	-0.73188	-51.5514	-50.8195
BLOCK27/SES276/SA276S24	SES177	-1.31396	-52.1335	-50.8195
BLOCK27/SES276/SA276S24	SES180	-2.20552	-53.0251	-50.8195
BLOCK27/SES276/SA276S24	SES292	-1.25908	-52.0786	-50.8195
BLOCK27/SES276/SA276S26	SES101	-1.59652	-53.0424	-51.4459
BLOCK27/SES276/SA276S26	SES177	-1.15755	-52.6034	-51.4459
BLOCK27/SES276/SA276S26	SES180	-0.73996	-52.1858	-51.4459
BLOCK27/SES276/SA276S26	SES292	-0.27961	-51.7255	-51.4459
BLOCK27/SES276/SA276S28	SES101	-1.54124	-53.4064	-51.8652
BLOCK27/SES276/SA276S28	SES177	-1.84481	-53.71	-51.8652
BLOCK27/SES276/SA276S28	SES180	-0.987625	-52.8528	-51.8652
BLOCK27/SES276/SA276S28	SES292	-0.370808	-52.236	-51.8652
BLOCK27/SES277/SA277S12	SES101	-0.639042	-53.4412	-52.8022
BLOCK27/SES277/SA277S12	SES177	-2.07129	-54.8735	-52.8022
BLOCK27/SES277/SA277S12	SES180	-1.80885	-54.611	-52.8022
BLOCK27/SES277/SA277S12	SES292	-2.81081	-55.613	-52.8022
BLOCK27/SES277/SA277S14	SES177	-0.86488	-53.7545	-52.8896
BLOCK27/SES277/SA277S14	SES180	-1.53106	-54.4207	-52.8896
BLOCK27/SES277/SA277S14	SES189	-0.256622	-53.1463	-52.8896
BLOCK27/SES277/SA277S14	SES292	-2.46494	-55.3546	-52.8896
BLOCK27/SES277/SA277S21	SES177	-0.337715	-51.9549	-51.6172
BLOCK27/SES277/SA277S21	SES180	-1.88493	-53.5021	-51.6172
BLOCK27/SES277/SA277S21	SES189	-1.25706	-52.8743	-51.6172
BLOCK27/SES277/SA277S21	SES292	-2.34565	-53.9628	-51.6172
BLOCK27/SES277/SA277S24	SES144	-1.14191	-54.1633	-53.0214
BLOCK27/SES277/SA277S24	SES177	-1.03413	-54.0555	-53.0214
BLOCK27/SES277/SA277S24	SES180	-1.56961	-54.591	-53.0214
BLOCK27/SES277/SA277S24	SES189	-0.595734	-53.6171	-53.0214
BLOCK27/SES277/SA277S29	SES177	-0.385418	-51.3071	-50.9217
BLOCK27/SES277/SA277S29	SES180	-0.921036	-51.8428	-50.9217
BLOCK27/SES277/SA277S29	SES202	-1.2657	-52.1874	-50.9217
BLOCK27/SES277/SA277S29	SES292	-1.52824	-52.45	-50.9217
BLOCK27/SES279/SA279S09	SES120	-1.2418	-52.4041	-51.1623
BLOCK27/SES279/SA279S09	SES146	-1.13435	-52.2967	-51.1623
BLOCK27/SES279/SA279S09	SES206	-2.26445	-53.4268	-51.1623
BLOCK27/SES279/SA279S09	SES226	-2.53131	-53.6936	-51.1623
BLOCK27/SES279/SA279S10	SES099	-2.19216	-53.2996	-51.1075
BLOCK27/SES279/SA279S10	SES206	-1.85241	-52.9599	-51.1075
BLOCK27/SES279/SA279S10	SES226	-1.80504	-52.9125	-51.1075
BLOCK27/SES279/SA279S10	SES292	-0.850555	-51.958	-51.1075
BLOCK27/SES279/SA279S20	SES099	-3.1256	-54.7286	-51.603
BLOCK27/SES279/SA279S20	SES206	-1.82773	-53.4308	-51.603
BLOCK27/SES279/SA279S20	SES226	-2.30447	-53.9075	-51.603
BLOCK27/SES279/SA279S20	SES292	-0.0154839	-51.6185	-51.603
BLOCK27/SES279/SA279S26	SES099	-2.81398	-54.5021	-51.6881
BLOCK27/SES279/SA279S26	SES206	-1.45959	-53.1477	-51.6881
BLOCK27/SES279/SA279S26	SES226	-1.2849	-52.973	-51.6881
BLOCK27/SES279/SA279S26	SES292	-0.62178	-52.3099	-51.6881
BLOCK27/SES279/SA279S28	SES099	-2.73684	-52.7346	-49.9977
BLOCK27/SES279/SA279S28	SES120	-1.15859	-51.1563	-49.9977
BLOCK27/SES279/SA279S28	SES177	-3.8707	-53.8684	-49.9977
BLOCK27/SES279/SA279S28	SES206	-2.09774	-52.0955	-49.9977
BLOCK29/SES290/SA290S12	SES162	-1.4914	-52.7747	-51.2833
BLOCK29/SES290/SA290S12	SES177	-0.896835	-52.1801	-51.2833
BLOCK29/SES290/SA290S12	SES180	-1.7844	-53.0677	-51.2833
BLOCK29/SES290/SA290S12	SES292	-1.82327	-53.1066	-51.2833
BLOCK29/SES290/SA290S13	SES007	-3.56581	-56.0279	-52.4621
BLOCK29/SES290/SA290S13	SES162	-1.82492	-54.287	-52.4621
BLOCK29/SES290/SA290S13	SES177	-0.181702	-52.6438	-52.4621
BLOCK29/SES290/SA290S13	SES180	-1.06933	-53.5314	-52.4621
BLOCK29/SES290/SA290S22	SES177	-0.362251	-52.2584	-51.8962
BLOCK29/SES290/SA290S22	SES180	-0.385593	-52.2818	-51.8962
BLOCK29/SES290/SA290S22	SES202	-1.29288	-53.189	-51.8962
BLOCK29/SES290/SA290S22	SES292	-2.01768	-53.9138	-51.8962
BLOCK29/SES290/SA290S25	SES162	-1.23328	-52.3065	-51.0733
BLOCK29/SES290/SA290S25	SES177	-0.765408	-51.8387	-51.0733
BLOCK29/SES290/SA290S25	SES180	-1.10022	-52.1735	-51.0733
BLOCK29/SES290/SA290S25	SES292	-1.7314	-52.8047	-51.0733
BLOCK29/SES290/SA290S29	SES177	0.108501	-51.0029	-51.1114
BLOCK29/SES290/SA290S29	SES180	-0.151844	-51.2632	-51.1114
BLOCK29/SES290/SA290S29	SES275	-1.40224	-52.5136	-51.1114
BLOCK29/SES290/SA290S29	SES292	-1.41015	-52.5215	-51.1114
BLOCK29/SES291/SA291S11	SES105	-3.72951	-55.1474	-51.4179
BLOCK29/SES291/SA291S11	SES125	-0.603493	-52.0214	-51.4179
BLOCK29/SES291/SA291S11	SES158	-1.16786	-52.5858	-51.4179
BLOCK29/SES291/SA291S11	SES275	-4.72122	-56.1391	-51.4179
BLOCK29/SES291/SA291S12	SES158	-0.57188	-51.1302	-50.5583
BLOCK29/SES291/SA291S12	SES226	-1.6026	-52.1609	-50.5583
BLOCK29/SES291/SA291S12	SES270	0.15023	-50.4081	-50.5583
BLOCK29/SES291/SA291S12	SES275	-5.55005	-56.1084	-50.5583
BLOCK29/SES291/SA291S22	SES082	-0.991234	-51.6572	-50.666
BLOCK29/SES291/SA291S22	SES158	-0.79361	-51.4596	-50.666
BLOCK29/SES291/SA291S22	SES259	-0.966763	-51.6327	-50.666
BLOCK29/SES291/SA291S22	SES275	-4.04584	-54.7118	-50.666
BLOCK29/SES291/SA291S24	SES104	-0.322433	-49.7287	-49.4062
BLOCK29/SES291/SA291S24	SES125	0.0876083	-49.3186	-49.4062
BLOCK29/SES291/SA291S24	SES158	-0.888245	-50.2945	-49.4062
BLOCK29/SES291/SA291S24	SES275	-4.73564	-54.1419	-49.4062
BLOCK29/SES291/SA291S27	SES158	0.0302391	-49.8624	-49.8927
BLOCK29/SES291/SA291S27	SES172	-4.729	-54.6217	-49.8927
BLOCK29/SES291/SA291S27	SES275	-4.70948	-54.6021	-49.8927
BLOCK29/SES291/SA291S27	SES292	-3.83067	-53.7233	-49.8927
