BLOCK00/SES002/SA002S12	SES002	1.41205	4.30207	2.89003
BLOCK00/SES002/SA002S13	SES002	2.01376	4.26346	2.2497
BLOCK00/SES002/SA002S23	SES002	1.26166	4.11095	2.84929
BLOCK00/SES002/SA002S26	SES002	1.58377	4.42672	2.84296
BLOCK00/SES002/SA002S28	SES002	1.17475	4.89468	3.71992
BLOCK00/SES007/SA007S14	SES007	1.15016	6.24841	5.09824
BLOCK00/SES007/SA007S15	SES007	0.451756	5.14122	4.68947
BLOCK00/SES007/SA007S24	SES007	0.934516	5.18133	4.24682
BLOCK00/SES007/SA007S27	SES007	0.6513	4.24552	3.59422
BLOCK00/SES007/SA007S29	SES007	-0.102777	5.29849	5.40126
BLOCK00/SES008/SA008S11	SES008	1.51313	5.39597	3.88284
BLOCK00/SES008/SA008S12	SES008	0.409396	4.57057	4.16118
BLOCK00/SES008/SA008S19	SES008	1.87255	6.61538	4.74283
BLOCK00/SES008/SA008S22	SES008	0.88602	4.47407	3.58805
BLOCK00/SES008/SA008S29	SES008	1.74732	6.0989	4.35158
BLOCK01/SES014/SA014S10	SES014	1.64819	5.54973	3.90154
BLOCK01/SES014/SA014S12	SES014	2.3189	7.03409	4.71519
BLOCK01/SES014/SA014S24	SES014	1.49309	5.33844	3.84534
BLOCK01/SES014/SA014S26	SES014	2.06749	6.89752	4.83003
BLOCK01/SES014/SA014S28	SES014	3.3465	7.70127	4.35477
BLOCK01/SES016/SA016S12	SES016	1.53128	3.94327	2.41199
BLOCK01/SES016/SA016S13	SES016	1.5496	5.67689	4.12728
BLOCK01/SES016/SA016S22	SES016	1.53752	6.01176	4.47424
BLOCK01/SES016/SA016S25	SES016	1.53484	7.18058	5.64574
BLOCK01/SES016/SA016S27	SES016	1.60197	6.6051	5.00313
BLOCK01/SES019/SA019S13	SES019	3.22114	4.75132	1.53018
BLOCK01/SES019/SA019S14	SES019	1.88963	3.93016	2.04053
BLOCK01/SES019/SA019S22	SES019	3.06673	4.47635	1.40963
BLOCK01/SES019/SA019S25	SES019	3.07667	4.60374	1.52706
BLOCK01/SES019/SA019S29	SES019	3.69061	4.88736	1.19675
BLOCK02/SES029/SA029S11	SES029	1.42733	6.66938	5.24205
BLOCK02/SES029/SA029S12	SES029	1.09809	6.09841	5.00032
BLOCK02/SES029/SA029S20	SES029	1.03974	6.12319	5.08344
BLOCK02/SES029/SA029S25	SES029	0.738561	5.65498	4.91642
BLOCK02/SES029/SA029S28	SES029	0.701504	5.49034	4.78884
BLOCK04/SES042/SA042S12	SES042	1.67307	5.82797	4.15489
BLOCK04/SES042/SA042S15	SES042	2.1139	6.75215	4.63825
BLOCK04/SES042/SA042S22	SES042	2.45635	6.90817	4.45182
BLOCK04/SES042/SA042S25	SES042	0.920655	4.24239	3.32173
BLOCK04/SES042/SA042S27	SES042	1.44047	5.63381	4.19334
BLOCK04/SES048/SA048S11	SES048	1.05198	5.71737	4.6654
BLOCK04/SES048/SA048S12	SES048	0.62965	4.54589	3.91624
BLOCK04/SES048/SA048S20	SES048	0.376148	5.70791	5.33176
BLOCK04/SES048/SA048S23	SES048	1.1285	5.03988	3.91138
BLOCK04/SES048/SA048S27	SES048	0.543478	5.76832	5.22484
BLOCK06/SES060/SA060S11	SES060	1.69446	5.78591	4.09145
BLOCK06/SES060/SA060S12	SES060	0.514257	5.20823	4.69397
BLOCK06/SES060/SA060S22	SES060	-0.143409	3.93388	4.07729
BLOCK06/SES060/SA060S24	SES060	1.71824	6.6032	4.88496
BLOCK06/SES060/SA060S28	SES060	1.34422	6.77985	5.43563
BLOCK06/SES062/SA062S10	SES062	0.0820942	4.96956	4.88747
BLOCK06/SES062/SA062S11	SES062	0.991117	5.77755	4.78644
BLOCK06/SES062/SA062S21	SES062	1.27215	7.48365	6.2115
BLOCK06/SES062/SA062S26	SES062	0.937763	6.20273	5.26497
BLOCK06/SES062/SA062S29	SES062	1.07009	6.66198	5.5919
BLOCK06/SES068/SA068S14	SES068	0.774497	5.00124	4.22674
BLOCK06/SES068/SA068S15	SES068	1.10648	5.95564	4.84915
BLOCK06/SES068/SA068S23	SES068	1.27567	5.57768	4.30201
BLOCK06/SES068/SA068S27	SES068	2.11124	6.11321	4.00197
BLOCK06/SES068/SA068S29	SES068	1.18121	5.67167	4.49046
BLOCK08/SES082/SA082S12	SES082	0.301944	3.58158	3.27964
BLOCK08/SES082/SA082S14	SES082	1.04619	3.77392	2.72774
BLOCK08/SES082/SA082S21	SES082	0.661223	4.20124	3.54001
BLOCK08/SES082/SA082S24	SES082	0.536691	4.46595	3.92926
BLOCK08/SES082/SA082S28	SES082	1.03999	4.38537	3.34538
BLOCK08/SES083/SA083S14	SES083	0.705407	5.52836	4.82296
BLOCK08/SES083/SA083S15	SES083	1.09461	5.74059	4.64598
BLOCK08/SES083/SA083S24	SES083	0.649802	5.0639	4.4141
BLOCK08/SES083/SA083S26	SES083	1.07844	4.84665	3.76821
BLOCK08/SES083/SA083S29	SES083	0.416267	5.19601	4.77974
BLOCK08/SES085/SA085S10	SES085	0.880927	5.94885	5.06793
BLOCK08/SES085/SA085S13	SES085	0.823769	5.42589	4.60212
BLOCK08/SES085/SA085S22	SES085	0.60379	5.07985	4.47606
BLOCK08/SES085/SA085S26	SES085	0.595548	5.62467	5.02912
BLOCK08/SES085/SA085S28	SES085	1.57904	6.425	4.84595
BLOCK08/SES087/SA087S15	SES087	1.52037	5.76888	4.24852
BLOCK08/SES087/SA087S16	SES087	1.35689	4.56321	3.20632
BLOCK08/SES087/SA087S24	SES087	2.06665	5.85256	3.7859
BLOCK08/SES087/SA087S26	SES087	1.00841	6.12298	5.11457
BLOCK08/SES087/SA087S29	SES087	1.764	5.97264	4.20864
BLOCK09/SES099/SA099S15	SES099	1.28947	4.23823	2.94876
BLOCK09/SES099/SA099S16	SES099	1.30529	4.31372	3.00844
BLOCK09/SES099/SA099S24	SES099	1.34087	5.04616	3.70529
BLOCK09/SES099/SA099S26	SES099	1.30293	5.1596	3.85667
BLOCK09/SES099/SA099S29	SES099	1.35467	4.96384	3.60917
BLOCK10/SES101/SA101S11	SES101	0.953885	5.50019	4.5463
BLOCK10/SES101/SA101S13	SES101	1.09718	6.28838	5.1912
BLOCK10/SES101/SA101S22	SES101	1.53333	4.72396	3.19063
BLOCK10/SES101/SA101S24	SES101	1.96876	5.6437	3.67494
BLOCK10/SES101/SA101S28	SES101	0.799272	5.14543	4.34616
BLOCK10/SES104/SA104S11	SES104	1.81645	6.28855	4.47211
BLOCK10/SES104/SA104S12	SES104	1.27781	5.56169	4.28388
BLOCK10/SES104/SA104S21	SES104	1.07288	4.69259	3.61971
BLOCK10/SES104/SA104S24	SES104	1.4437	4.76378	3.32008
BLOCK10/SES104/SA104S28	SES104	1.00258	5.08765	4.08507
BLOCK10/SES105/SA105S12	SES105	0.646833	3.8302	3.18337
BLOCK10/SES105/SA105S13	SES105	0.535831	4.29537	3.75954
BLOCK10/SES105/SA105S22	SES105	0.292221	3.07698	2.78476
BLOCK10/SES105/SA105S26	SES105	1.3989	4.84822	3.44932
BLOCK10/SES105/SA105S29	SES105	1.38228	5.42722	4.04494
BLOCK10/SES106/SA106S09	SES106	1.72644	3.93334	2.2069
BLOCK10/SES106/SA106S11	SES106	1.04031	4.63511	3.59479
BLOCK10/SES106/SA106S22	SES106	2.77856	4.11158	1.33302
BLOCK10/SES106/SA106S27	SES106	1.17854	4.80025	3.6217
BLOCK10/SES106/SA106S29	SES106	0.875587	4.93908	4.06349
BLOCK11/SES117/SA117S12	SES117	1.44329	4.76883	3.32554
BLOCK11/SES117/SA117S13	SES117	0.700183	5.41692	4.71673
BLOCK11/SES117/SA117S23	SES117	1.42362	4.46912	3.04549
BLOCK11/SES117/SA117S25	SES117	1.34314	3.88066	2.53752
BLOCK11/SES117/SA117S28	SES117	1.21257	4.41922	3.20666
BLOCK12/SES120/SA120S08	SES120	1.2473	4.28415	3.03685
BLOCK12/SES120/SA120S11	SES120	1.38319	3.0576	1.67441
BLOCK12/SES120/SA120S22	SES120	0.631413	5.10031	4.46889
BLOCK12/SES120/SA120S24	SES120	0.472062	3.89188	3.41982
BLOCK12/SES120/SA120S28	SES120	-0.314694	2.9016	3.2163
BLOCK12/SES125/SA125S13	SES125	1.7244	5.93232	4.20791
BLOCK12/SES125/SA125S14	SES125	1.12032	4.80391	3.68359
BLOCK12/SES125/SA125S25	SES125	1.85666	5.56953	3.71287
BLOCK12/SES125/SA125S27	SES125	2.25252	6.84792	4.59541
BLOCK12/SES125/SA125S29	SES125	1.18999	5.53048	4.3405
BLOCK12/SES127/SA127S11	SES127	0.667441	4.60493	3.93749
BLOCK12/SES127/SA127S12	SES127	0.128588	5.9748	5.84621
BLOCK12/SES127/SA127S23	SES127	0.527915	5.17617	4.64826
BLOCK12/SES127/SA127S25	SES127	0.335771	4.33235	3.99658
BLOCK12/SES127/SA127S27	SES127	1.01974	4.97519	3.95546
BLOCK12/SES129/SA129S11	SES129	1.90422	6.75904	4.85483
BLOCK12/SES129/SA129S12	SES129	1.37137	6.03022	4.65885
BLOCK12/SES129/SA129S22	SES129	2.19502	6.00511	3.81009
BLOCK12/SES129/SA129S27	SES129	1.57154	5.82948	4.25795
BLOCK12/SES129/SA129S29	SES129	1.44108	6.13396	4.69287
BLOCK14/SES142/SA142S11	SES142	1.08105	5.32502	4.24397
BLOCK14/SES142/SA142S12	SES142	0.940299	5.57727	4.63697
BLOCK14/SES142/SA142S24	SES142	0.913398	5.91735	5.00395
BLOCK14/SES142/SA142S27	SES142	1.10717	6.20891	5.10174
BLOCK14/SES142/SA142S29	SES142	1.47836	6.57552	5.09716
BLOCK14/SES143/SA143S12	SES143	0.832296	4.88703	4.05473
BLOCK14/SES143/SA143S13	SES143	0.811014	4.80747	3.99646
BLOCK14/SES143/SA143S23	SES143	1.06928	5.65504	4.58577
BLOCK14/SES143/SA143S25	SES143	1.26924	5.97455	4.70531
BLOCK14/SES143/SA143S28	SES143	0.749184	5.23035	4.48116
BLOCK14/SES144/SA144S09	SES144	1.08385	5.50774	4.42389
BLOCK14/SES144/SA144S11	SES144	0.799422	5.10388	4.30446
BLOCK14/SES144/SA144S21	SES144	0.105581	3.97549	3.86991
BLOCK14/SES144/SA144S25	SES144	0.546572	5.07054	4.52397
BLOCK14/SES144/SA144S29	SES144	0.0776553	4.10538	4.02772
BLOCK14/SES146/SA146S14	SES146	0.627908	4.43242	3.80451
BLOCK14/SES146/SA146S15	SES146	0.0831122	4.30447	4.22136
BLOCK14/SES146/SA146S24	SES146	0.714455	4.44	3.72554
BLOCK14/SES146/SA146S26	SES146	0.922179	4.79042	3.86824
BLOCK14/SES146/SA146S29	SES146	0.354935	3.75816	3.40323
BLOCK14/SES147/SA147S11	SES147	1.20946	5.44846	4.23899
BLOCK14/SES147/SA147S13	SES147	1.34829	6.40905	5.06076
BLOCK14/SES147/SA147S23	SES147	0.614254	4.68713	4.07287
BLOCK14/SES147/SA147S26	SES147	0.807209	4.46166	3.65445
BLOCK14/SES147/SA147S28	SES147	0.748761	4.93115	4.18239
BLOCK14/SES148/SA148S10	SES148	0.91437	5.97845	5.06408
BLOCK14/SES148/SA148S12	SES148	0.709059	4.09796	3.3889
BLOCK14/SES148/SA148S22	SES148	1.08954	6.18106	5.09153
BLOCK14/SES148/SA148S26	SES148	0.486903	5.47354	4.98664
BLOCK14/SES148/SA148S29	SES148	0.301044	4.91181	4.61077
BLOCK14/SES149/SA149S13	SES149	0.200957	3.62505	3.42409
BLOCK14/SES149/SA149S14	SES149	0.738668	5.30977	4.57111
BLOCK14/SES149/SA149S24	SES149	1.42132	5.72035	4.29904
BLOCK14/SES149/SA149S26	SES149	1.7173	6.61879	4.90149
BLOCK14/SES149/SA149S28	SES149	2.03424	6.73352	4.69928
BLOCK15/SES158/SA158S13	SES158	1.05191	4.15172	3.09981
BLOCK15/SES158/SA158S14	SES158	1.65192	4.22049	2.56857
BLOCK15/SES158/SA158S23	SES158	1.46818	5.22254	3.75437
BLOCK15/SES158/SA158S26	SES158	1.80054	3.92444	2.1239
BLOCK15/SES158/SA158S28	SES158	0.645447	3.99158	3.34613
BLOCK16/SES162/SA162S10	SES162	0.899849	4.92792	4.02807
BLOCK16/SES162/SA162S11	SES162	1.40952	5.77807	4.36855
BLOCK16/SES162/SA162S21	SES162	1.64299	5.70424	4.06125
BLOCK16/SES162/SA162S24	SES162	1.0007	4.98354	3.98284
BLOCK16/SES162/SA162S27	SES162	1.42147	4.65195	3.23048
BLOCK16/SES167/SA167S14	SES167	1.09269	6.72906	5.63637
BLOCK16/SES167/SA167S15	SES167	1.24743	6.60425	5.35682
BLOCK16/SES167/SA167S21	SES167	1.28131	6.76366	5.48234
BLOCK16/SES167/SA167S25	SES167	2.3956	7.00851	4.61291
BLOCK16/SES167/SA167S29	SES167	2.41176	7.60747	5.19571
BLOCK17/SES172/SA172S12	SES172	1.63049	4.76645	3.13596
BLOCK17/SES172/SA172S13	SES172	1.72576	5.36606	3.64029
BLOCK17/SES172/SA172S23	SES172	1.14065	5.83507	4.69442
BLOCK17/SES172/SA172S27	SES172	0.848775	4.98772	4.13895
BLOCK17/SES172/SA172S29	SES172	2.07199	5.98421	3.91222
BLOCK17/SES175/SA175S11	SES175	0.601599	5.41546	4.81386
BLOCK17/SES175/SA175S13	SES175	0.853136	6.10123	5.24809
BLOCK17/SES175/SA175S23	SES175	0.674537	5.75347	5.07893
BLOCK17/SES175/SA175S25	SES175	0.77314	4.05533	3.28219
BLOCK17/SES175/SA175S28	SES175	0.344384	5.67476	5.33037
BLOCK17/SES177/SA177S15	SES177	0.655104	4.73509	4.07999
BLOCK17/SES177/SA177S17	SES177	0.610302	4.3345	3.72419
BLOCK17/SES177/SA177S23	SES177	-0.31592	3.5046	3.82052
BLOCK17/SES177/SA177S26	SES177	1.04867	6.37976	5.33109
BLOCK17/SES177/SA177S28	SES177	0.753637	4.76685	4.01321
BLOCK18/SES180/SA180S13	SES180	0.0402584	4.3039	4.26364
BLOCK18/SES180/SA180S15	SES180	0.806748	4.69598	3.88923
BLOCK18/SES180/SA180S24	SES180	1.02993	6.0937	5.06377
BLOCK18/SES180/SA180S26	SES180	1.06984	5.17495	4.10511
BLOCK18/SES180/SA180S29	SES180	1.23735	5.57554	4.33819
BLOCK18/SES183/SA183S13	SES183	1.59502	4.88722	3.2922
BLOCK18/SES183/SA183S14	SES183	0.500248	4.19411	3.69386
BLOCK18/SES183/SA183S24	SES183	1.75398	4.33861	2.58463
BLOCK18/SES183/SA183S27	SES183	1.59644	4.93133	3.33489
BLOCK18/SES183/SA183S29	SES183	1.02732	4.51104	3.48372
BLOCK18/SES187/SA187S13	SES187	0.229758	4.14884	3.91908
BLOCK18/SES187/SA187S14	SES187	0.513888	4.13045	3.61656
BLOCK18/SES187/SA187S24	SES187	1.37271	4.93692	3.56421
BLOCK18/SES187/SA187S27	SES187	1.53725	4.59435	3.0571
BLOCK18/SES187/SA187S29	SES187	1.07769	4.28305	3.20536
BLOCK18/SES189/SA189S10	SES189	1.56296	4.94627	3.38331
BLOCK18/SES189/SA189S13	SES189	1.02321	4.05582	3.03261
BLOCK18/SES189/SA189S24	SES189	0.923723	5.7177	4.79398
BLOCK18/SES189/SA189S26	SES189	1.21885	6.19755	4.9787
BLOCK18/SES189/SA189S29	SES189	1.44165	5.50361	4.06196
BLOCK20/SES202/SA202S12	SES202	1.2082	5.78919	4.58098
BLOCK20/SES202/SA202S14	SES202	1.79853	5.90106	4.10253
BLOCK20/SES202/SA202S24	SES202	0.922504	5.31371	4.39121
BLOCK20/SES202/SA202S27	SES202	1.12713	6.36188	5.23475
BLOCK20/SES202/SA202S29	SES202	1.20731	6.62687	5.41956
BLOCK20/SES206/SA206S15	SES206	0.193342	4.4243	4.23096
BLOCK20/SES206/SA206S17	SES206	1.74477	5.2596	3.51482
BLOCK20/SES206/SA206S24	SES206	2.12094	6.59749	4.47655
BLOCK20/SES206/SA206S27	SES206	1.80567	4.7535	2.94783
BLOCK20/SES206/SA206S29	SES206	1.51633	6.20133	4.68501
BLOCK22/SES226/SA226S12	SES226	1.40894	4.55276	3.14383
BLOCK22/SES226/SA226S13	SES226	0.417187	3.45002	3.03284
BLOCK22/SES226/SA226S20	SES226	1.6589	4.579	2.9201
BLOCK22/SES226/SA226S23	SES226	1.78503	5.34504	3.56001
BLOCK22/SES226/SA226S28	SES226	2.58275	6.06373	3.48099
BLOCK25/SES259/SA259S13	SES259	2.83728	6.21126	3.37398
BLOCK25/SES259/SA259S14	SES259	1.81659	5.28412	3.46753
BLOCK25/SES259/SA259S22	SES259	2.04317	5.86005	3.81687
BLOCK25/SES259/SA259S24	SES259	1.67415	5.63102	3.95688
BLOCK25/SES259/SA259S28	SES259	2.02197	5.74949	3.72752
BLOCK27/SES270/SA270S14	SES270	2.94279	3.64007	0.697281
BLOCK27/SES270/SA270S16	SES270	0.752941	3.91614	3.1632
BLOCK27/SES270/SA270S22	SES270	2.65257	4.63573	1.98316
BLOCK27/SES270/SA270S26	SES270	1.41777	3.38548	1.96771
BLOCK27/SES270/SA270S28	SES270	1.30251	3.86901	2.5665
BLOCK27/SES275/SA275S17	SES275	0.801976	5.43731	4.63533
BLOCK27/SES275/SA275S18	SES275	-0.0652118	4.61507	4.68028
BLOCK27/SES275/SA275S24	SES275	0.555694	3.9648	3.4091
BLOCK27/SES275/SA275S26	SES275	0.82507	5.34316	4.51809
BLOCK27/SES275/SA275S28	SES275	0.694762	4.84184	4.14708
BLOCK29/SES292/SA292S10	SES292	0.247349	5.3886	5.14126
BLOCK29/SES292/SA292S12	SES292	0.522933	4.07859	3.55566
BLOCK29/SES292/SA292S22	SES292	0.696443	5.25174	4.5553
BLOCK29/SES292/SA292S24	SES292	0.664344	4.97879	4.31445
BLOCK29/SES292/SA292S27	SES292	0.0878191	4.57661	4.48879
BLOCK00/SES001/SA001S14	SES062	-1.65437	2.7175	4.37186
BLOCK00/SES001/SA001S14	SES082	-0.790527	3.58134	4.37186
BLOCK00/SES001/SA001S14	SES106	-1.1007	3.27117	4.37186
BLOCK00/SES001/SA001S14	SES206	-1.53808	2.83379	4.37186
BLOCK00/SES001/SA001S15	SES062	-1.5361	3.5036	5.03971
BLOCK00/SES001/SA001S15	SES104	-2.25599	2.78371	5.03971
BLOCK00/SES001/SA001S15	SES106	-1.60798	3.43173	5.03971
BLOCK00/SES001/SA001S15	SES206	-1.14596	3.89375	5.03971
BLOCK00/SES001/SA001S24	SES062	-1.36968	2.45826	3.82794
BLOCK00/SES001/SA001S24	SES082	-0.0256476	3.80229	3.82794
BLOCK00/SES001/SA001S24	SES087	-1.00784	2.8201	3.82794
BLOCK00/SES001/SA001S24	SES206	0.025373	3.85331	3.82794
BLOCK00/SES001/SA001S27	SES062	-1.12736	4.13413	5.26149
BLOCK00/SES001/SA001S27	SES082	-0.585102	4.67639	5.26149
BLOCK00/SES001/SA001S27	SES087	-0.315966	4.94553	5.26149
BLOCK00/SES001/SA001S27	SES206	-0.283889	4.9776	5.26149
BLOCK00/SES001/SA001S29	SES062	-2.07951	2.06541	4.14492
BLOCK00/SES001/SA001S29	SES082	-0.614916	3.53	4.14492
BLOCK00/SES001/SA001S29	SES158	-0.279673	3.86525	4.14492
BLOCK00/SES001/SA001S29	SES206	-1.30916	2.83576	4.14492
BLOCK00/SES003/SA003S11	SES002	-0.221385	2.57899	2.80038
BLOCK00/SES003/SA003S11	SES019	-0.746164	2.05421	2.80038
BLOCK00/SES003/SA003S11	SES082	-0.444476	2.3559	2.80038
BLOCK00/SES003/SA003S11	SES125	-0.916138	1.88424	2.80038
BLOCK00/SES003/SA003S15	SES016	-1.19752	3.07341	4.27093
BLOCK00/SES003/SA003S15	SES019	-1.27802	2.99291	4.27093
BLOCK00/SES003/SA003S15	SES062	0.279159	4.55009	4.27093
BLOCK00/SES003/SA003S15	SES206	-1.084	3.18693	4.27093
BLOCK00/SES003/SA003S22	SES002	-1.4734	2.36539	3.83879
BLOCK00/SES003/SA003S22	SES062	-0.368694	3.4701	3.83879
BLOCK00/SES003/SA003S22	SES082	-1.64341	2.19538	3.83879
BLOCK00/SES003/SA003S22	SES087	-1.02073	2.81807	3.83879
BLOCK00/SES003/SA003S25	SES062	-2.11527	1.345	3.46027
BLOCK00/SES003/SA003S25	SES082	-1.28375	2.17653	3.46027
BLOCK00/SES003/SA003S25	SES087	-0.698296	2.76198	3.46027
BLOCK00/SES003/SA003S25	SES206	-0.745688	2.71458	3.46027
BLOCK00/SES003/SA003S29	SES002	-1.68119	1.69678	3.37797
BLOCK00/SES003/SA003S29	SES062	-1.41012	1.96784	3.37797
BLOCK00/SES003/SA003S29	SES082	-1.48207	1.8959	3.37797
BLOCK00/SES003/SA003S29	SES087	-1.88683	1.49114	3.37797
BLOCK00/SES004/SA004S12	SES083	-0.836781	3.63025	4.46703
BLOCK00/SES004/SA004S12	SES148	-1.58502	2.88201	4.46703
BLOCK00/SES004/SA004S12	SES172	0.63862	5.10565	4.46703
BLOCK00/SES004/SA004S12	SES292	-1.17719	3.28983	4.46703
BLOCK00/SES004/SA004S17	SES083	-0.751058	3.65277	4.40383
BLOCK00/SES004/SA004S17	SES162	-0.641786	3.76205	4.40383
BLOCK00/SES004/SA004S17	SES172	0.0631757	4.46701	4.40383
BLOCK00/SES004/SA004S17	SES292	-1.35846	3.04537	4.40383
BLOCK00/SES004/SA004S24	SES083	-1.11743	3.82693	4.94436
BLOCK00/SES004/SA004S24	SES148	-1.80137	3.14299	4.94436
BLOCK00/SES004/SA004S24	SES172	0.0384526	4.98282	4.94436
BLOCK00/SES004/SA004S24	SES292	-1.10491	3.83946	4.94436
BLOCK00/SES004/SA004S26	SES083	-1.02012	2.96314	3.98325
BLOCK00/SES004/SA004S26	SES127	-0.588805	3.39445	3.98325
BLOCK00/SES004/SA004S26	SES148	-2.08657	1.89668	3.98325
BLOCK00/SES004/SA004S26	SES292	-1.40013	2.58313	3.98325
BLOCK00/SES004/SA004S28	SES083	-0.818073	3.53951	4.35758
BLOCK00/SES004/SA004S28	SES127	-0.80513	3.55245	4.35758
BLOCK00/SES004/SA004S28	SES187	-0.157241	4.20034	4.35758
BLOCK00/SES004/SA004S28	SES292	-1.79247	2.5651	4.35758
BLOCK00/SES006/SA006S10	SES014	-1.94099	-0.438901	1.50209
BLOCK00/SES006/SA006S10	SES158	-1.2088	0.293291	1.50209
BLOCK00/SES006/SA006S10	SES226	-3.34933	-1.84724	1.50209
BLOCK00/SES006/SA006S10	SES270	0.412293	1.91439	1.50209
BLOCK00/SES006/SA006S11	SES158	-1.0159	0.684451	1.70035
BLOCK00/SES006/SA006S11	SES226	-1.74474	-0.0443955	1.70035
BLOCK00/SES006/SA006S11	SES270	0.152811	1.85316	1.70035
BLOCK00/SES006/SA006S11	SES275	-2.62978	-0.929433	1.70035
BLOCK00/SES006/SA006S23	SES062	-2.87368	-0.374383	2.4993
BLOCK00/SES006/SA006S23	SES105	-2.91932	-0.42002	2.4993
BLOCK00/SES006/SA006S23	SES158	-0.717316	1.78198	2.4993
BLOCK00/SES006/SA006S23	SES275	-2.10659	0.39271	2.4993
BLOCK00/SES006/SA006S26	SES104	-2.66072	-0.100091	2.56063
BLOCK00/SES006/SA006S26	SES158	-1.28324	1.27739	2.56063
BLOCK00/SES006/SA006S26	SES270	0.416554	2.97718	2.56063
BLOCK00/SES006/SA006S26	SES275	-2.41901	0.141614	2.56063
BLOCK00/SES006/SA006S28	SES007	-3.03595	-1.29682	1.73913
BLOCK00/SES006/SA006S28	SES105	-2.62275	-0.88362	1.73913
BLOCK00/SES006/SA006S28	SES158	-2.38739	-0.648257	1.73913
BLOCK00/SES006/SA006S28	SES275	-2.532	-0.792866	1.73913
BLOCK00/SES009/SA009S12	SES083	-2.69662	1.67003	4.36666
BLOCK00/SES009/SA009S12	SES148	-1.4088	2.95786	4.36666
BLOCK00/SES009/SA009S12	SES177	-0.333895	4.03276	4.36666
BLOCK00/SES009/SA009S12	SES292	-1.29213	3.07453	4.36666
BLOCK00/SES009/SA009S15	SES007	-0.107151	5.31035	5.4175
BLOCK00/SES009/SA009S15	SES099	-3.52384	1.89366	5.4175
BLOCK00/SES009/SA009S15	SES148	-1.93984	3.47766	5.4175
BLOCK00/SES009/SA009S15	SES172	-1.10546	4.31203	5.4175
BLOCK00/SES009/SA009S24	SES146	-0.726058	4.00133	4.72739
BLOCK00/SES009/SA009S24	SES148	-2.18417	2.54322	4.72739
BLOCK00/SES009/SA009S24	SES177	-0.0563512	4.67104	4.72739
BLOCK00/SES009/SA009S24	SES292	-1.40472	3.32267	4.72739
BLOCK00/SES009/SA009S26	SES083	-2.00751	1.65694	3.66444
BLOCK00/SES009/SA009S26	SES101	-2.24661	1.41784	3.66444
BLOCK00/SES009/SA009S26	SES120	-0.544058	3.12038	3.66444
BLOCK00/SES009/SA009S26	SES177	-0.363403	3.30104	3.66444
BLOCK00/SES009/SA009S29	SES083	-1.6381	3.03541	4.67352
BLOCK00/SES009/SA009S29	SES101	-1.39186	3.28165	4.67352
BLOCK00/SES009/SA009S29	SES177	-0.274287	4.39923	4.67352
BLOCK00/SES009/SA009S29	SES292	-1.31391	3.3596	4.67352
BLOCK01/SES011/SA011S10	SES019	-0.882151	1.48704	2.3692
BLOCK01/SES011/SA011S10	SES042	1.52219	3.89139	2.3692
BLOCK01/SES011/SA011S10	SES082	-2.15767	0.211525	2.3692
BLOCK01/SES011/SA011S10	SES206	-0.150034	2.21916	2.3692
BLOCK01/SES011/SA011S11	SES019	-0.499376	1.81571	2.31508
BLOCK01/SES011/SA011S11	SES042	0.875253	3.19034	2.31508
BLOCK01/SES011/SA011S11	SES082	-1.34913	0.965955	2.31508
BLOCK01/SES011/SA011S11	SES206	-0.132077	2.18301	2.31508
BLOCK01/SES011/SA011S22	SES019	-0.292948	2.14899	2.44194
BLOCK01/SES011/SA011S22	SES042	1.04008	3.48202	2.44194
BLOCK01/SES011/SA011S22	SES082	-1.31949	1.12245	2.44194
BLOCK01/SES011/SA011S22	SES206	-0.789561	1.65238	2.44194
BLOCK01/SES011/SA011S24	SES019	-1.14551	2.07984	3.22535
BLOCK01/SES011/SA011S24	SES042	1.60595	4.8313	3.22535
BLOCK01/SES011/SA011S24	SES104	-0.963773	2.26158	3.22535
BLOCK01/SES011/SA011S24	SES206	0.177866	3.40322	3.22535
BLOCK01/SES011/SA011S27	SES082	0.00528717	3.53716	3.53187
BLOCK01/SES011/SA011S27	SES087	-0.956088	2.57578	3.53187
BLOCK01/SES011/SA011S27	SES125	0.196107	3.72798	3.53187
BLOCK01/SES011/SA011S27	SES206	0.0732877	3.60516	3.53187
BLOCK01/SES012/SA012S11	SES007	-0.229293	4.71094	4.94023
BLOCK01/SES012/SA012S11	SES082	-1.21476	3.72547	4.94023
BLOCK01/SES012/SA012S11	SES083	-1.93091	3.00932	4.94023
BLOCK01/SES012/SA012S11	SES206	-1.64534	3.29489	4.94023
BLOCK01/SES012/SA012S14	SES082	-0.29385	3.86216	4.15601
BLOCK01/SES012/SA012S14	SES087	-1.31826	2.83775	4.15601
BLOCK01/SES012/SA012S14	SES206	-0.945495	3.21051	4.15601
BLOCK01/SES012/SA012S14	SES292	-1.11825	3.03776	4.15601
BLOCK01/SES012/SA012S24	SES082	-0.670285	2.71596	3.38625
BLOCK01/SES012/SA012S24	SES087	-2.00172	1.38452	3.38625
BLOCK01/SES012/SA012S24	SES120	-2.16848	1.21777	3.38625
BLOCK01/SES012/SA012S24	SES206	-1.19249	2.19376	3.38625
BLOCK01/SES012/SA012S26	SES019	-3.58306	0.231534	3.81459
BLOCK01/SES012/SA012S26	SES082	-1.93633	1.87826	3.81459
BLOCK01/SES012/SA012S26	SES206	-0.470241	3.34435	3.81459
BLOCK01/SES012/SA012S26	SES292	-0.796647	3.01794	3.81459
BLOCK01/SES012/SA012S29	SES062	-0.626248	3.22809	3.85434
BLOCK01/SES012/SA012S29	SES082	-0.572184	3.28216	3.85434
BLOCK01/SES012/SA012S29	SES083	-2.84254	1.0118	3.85434
BLOCK01/SES012/SA012S29	SES206	-1.30698	2.54736	3.85434
BLOCK01/SES013/SA013S16	SES062	-2.3497	0.0727311	2.42243
BLOCK01/SES013/SA013S16	SES106	-0.204851	2.21758	2.42243
BLOCK01/SES013/SA013S16	SES206	-0.402735	2.01969	2.42243
BLOCK01/SES013/SA013S16	SES226	-0.23248	2.18995	2.42243
BLOCK01/SES013/SA013S17	SES062	-1.5097	2.42438	3.93408
BLOCK01/SES013/SA013S17	SES106	-1.13721	2.79687	3.93408
BLOCK01/SES013/SA013S17	SES206	0.387691	4.32177	3.93408
BLOCK01/SES013/SA013S17	SES226	0.213516	4.1476	3.93408
BLOCK01/SES013/SA013S23	SES104	-1.29616	0.382834	1.679
BLOCK01/SES013/SA013S23	SES106	0.188342	1.86734	1.679
BLOCK01/SES013/SA013S23	SES206	-0.876164	0.802831	1.679
BLOCK01/SES013/SA013S23	SES270	0.840667	2.51966	1.679
BLOCK01/SES013/SA013S25	SES042	-0.836139	1.8673	2.70343
BLOCK01/SES013/SA013S25	SES104	-1.13052	1.57291	2.70343
BLOCK01/SES013/SA013S25	SES106	-0.0276258	2.67581	2.70343
BLOCK01/SES013/SA013S25	SES206	-0.104789	2.59865	2.70343
BLOCK01/SES013/SA013S29	SES062	-3.03599	-0.379651	2.65634
BLOCK01/SES013/SA013S29	SES104	-1.00559	1.65075	2.65634
BLOCK01/SES013/SA013S29	SES106	0.0154905	2.67183	2.65634
BLOCK01/SES013/SA013S29	SES206	-1.14809	1.50825	2.65634
BLOCK02/SES021/SA021S13	SES016	-2.35229	2.12424	4.47653
BLOCK02/SES021/SA021S13	SES029	-1.00197	3.47455	4.47653
BLOCK02/SES021/SA021S13	SES087	-1.76128	2.71525	4.47653
BLOCK02/SES021/SA021S13	SES206	-1.71692	2.75961	4.47653
BLOCK02/SES021/SA021S15	SES087	-0.449805	4.41663	4.86644
BLOCK02/SES021/SA021S15	SES125	-0.929316	3.93712	4.86644
BLOCK02/SES021/SA021S15	SES206	-0.309872	4.55657	4.86644
BLOCK02/SES021/SA021S15	SES226	-1.46718	3.39926	4.86644
BLOCK02/SES021/SA021S23	SES062	-2.57568	0.822875	3.39855
BLOCK02/SES021/SA021S23	SES087	-0.835899	2.56266	3.39855
BLOCK02/SES021/SA021S23	SES206	-1.20546	2.19309	3.39855
BLOCK02/SES021/SA021S23	SES226	-0.897542	2.50101	3.39855
BLOCK02/SES021/SA021S27	SES002	-0.88092	3.81733	4.69825
BLOCK02/SES021/SA021S27	SES016	-4.56248	0.135775	4.69825
BLOCK02/SES021/SA021S27	SES019	-1.06378	3.63447	4.69825
BLOCK02/SES021/SA021S27	SES062	-0.81259	3.88566	4.69825
BLOCK02/SES021/SA021S29	SES087	-1.65881	2.32029	3.9791
BLOCK02/SES021/SA021S29	SES125	-0.861748	3.11735	3.9791
BLOCK02/SES021/SA021S29	SES206	-0.699668	3.27943	3.9791
BLOCK02/SES021/SA021S29	SES226	-1.27796	2.70114	3.9791
BLOCK04/SES043/SA043S09	SES083	-0.162873	3.38688	3.54976
BLOCK04/SES043/SA043S09	SES101	-0.35952	3.19024	3.54976
BLOCK04/SES043/SA043S09	SES144	-0.0158563	3.5339	3.54976
BLOCK04/SES043/SA043S09	SES172	-1.13243	2.41733	3.54976
BLOCK04/SES043/SA043S11	SES083	-0.0623546	4.29441	4.35677
BLOCK04/SES043/SA043S11	SES101	-0.456161	3.9006	4.35677
BLOCK04/SES043/SA043S11	SES144	0.293606	4.65037	4.35677
BLOCK04/SES043/SA043S11	SES172	-0.283378	4.07339	4.35677
BLOCK04/SES043/SA043S23	SES083	-0.274758	3.69499	3.96975
BLOCK04/SES043/SA043S23	SES144	0.219517	4.18927	3.96975
BLOCK04/SES043/SA043S23	SES177	-0.759007	3.21074	3.96975
BLOCK04/SES043/SA043S23	SES275	-0.797351	3.1724	3.96975
BLOCK04/SES043/SA043S26	SES083	-0.712025	3.16402	3.87605
BLOCK04/SES043/SA043S26	SES101	-0.135635	3.74041	3.87605
BLOCK04/SES043/SA043S26	SES144	0.704233	4.58028	3.87605
BLOCK04/SES043/SA043S26	SES177	-0.625552	3.2505	3.87605
BLOCK04/SES043/SA043S28	SES016	-2.08271	2.29601	4.37872
BLOCK04/SES043/SA043S28	SES083	-0.158781	4.21994	4.37872
BLOCK04/SES043/SA043S28	SES101	-0.59794	3.78078	4.37872
BLOCK04/SES043/SA043S28	SES144	-0.20341	4.17531	4.37872
BLOCK04/SES044/SA044S10	SES127	-1.02988	1.99679	3.02668
BLOCK04/SES044/SA044S10	SES144	0.453223	3.4799	3.02668
BLOCK04/SES044/SA044S10	SES147	-3.10591	-0.0792304	3.02668
BLOCK04/SES044/SA044S10	SES148	-1.22991	1.79677	3.02668
BLOCK04/SES044/SA044S11	SES101	-0.171346	3.53596	3.70731
BLOCK04/SES044/SA044S11	SES144	0.668421	4.37573	3.70731
BLOCK04/SES044/SA044S11	SES147	-1.72955	1.97776	3.70731
BLOCK04/SES044/SA044S11	SES177	-0.963764	2.74354	3.70731
BLOCK04/SES044/SA044S24	SES007	-2.38593	1.38065	3.76657
BLOCK04/SES044/SA044S24	SES101	-0.525808	3.24077	3.76657
BLOCK04/SES044/SA044S24	SES147	-1.52873	2.23785	3.76657
BLOCK04/SES044/SA044S24	SES177	-0.871174	2.8954	3.76657
BLOCK04/SES044/SA044S26	SES007	-1.43671	2.12976	3.56648
BLOCK04/SES044/SA044S26	SES016	-0.680273	2.8862	3.56648
BLOCK04/SES044/SA044S26	SES101	0.163491	3.72997	3.56648
BLOCK04/SES044/SA044S26	SES147	-0.825755	2.74072	3.56648
BLOCK04/SES044/SA044S29	SES007	-1.49541	3.12115	4.61656
BLOCK04/SES044/SA044S29	SES101	0.361725	4.97829	4.61656
BLOCK04/SES044/SA044S29	SES147	-1.65296	2.9636	4.61656
BLOCK04/SES044/SA044S29	SES177	-1.78631	2.83025	4.61656
BLOCK04/SES046/SA046S13	SES101	-0.168178	3.2284	3.39658
BLOCK04/SES046/SA046S13	SES144	0.0658188	3.4624	3.39658
BLOCK04/SES046/SA046S13	SES147	-1.48078	1.9158	3.39658
BLOCK04/SES046/SA046S13	SES177	-1.18688	2.2097	3.39658
BLOCK04/SES046/SA046S15	SES048	-0.359856	4.50378	4.86364
BLOCK04/SES046/SA046S15	SES083	-0.518031	4.34561	4.86364
BLOCK04/SES046/SA046S15	SES120	-2.6504	2.21324	4.86364
BLOCK04/SES046/SA046S15	SES148	-1.45127	3.41236	4.86364
BLOCK04/SES046/SA046S22	SES101	0.19673	3.98988	3.79315
BLOCK04/SES046/SA046S22	SES144	0.267014	4.06016	3.79315
BLOCK04/SES046/SA046S22	SES147	-1.23581	2.55734	3.79315
BLOCK04/SES046/SA046S22	SES172	0.0125105	3.80566	3.79315
BLOCK04/SES046/SA046S25	SES083	-0.917448	3.05367	3.97111
BLOCK04/SES046/SA046S25	SES127	-1.47019	2.50092	3.97111
BLOCK04/SES046/SA046S25	SES144	-0.661385	3.30973	3.97111
BLOCK04/SES046/SA046S25	SES148	-1.17822	2.79289	3.97111
BLOCK04/SES046/SA046S28	SES007	-1.73425	2.4858	4.22005
BLOCK04/SES046/SA046S28	SES105	-1.13969	3.08036	4.22005
BLOCK04/SES046/SA046S28	SES147	-1.07069	3.14936	4.22005
BLOCK04/SES046/SA046S28	SES148	-0.480606	3.73945	4.22005
BLOCK04/SES049/SA049S16	SES104	-0.353901	1.90497	2.25887
BLOCK04/SES049/SA049S16	SES106	-1.09674	1.16213	2.25887
BLOCK04/SES049/SA049S16	SES120	-1.0184	1.24047	2.25887
BLOCK04/SES049/SA049S16	SES206	-0.631392	1.62748	2.25887
BLOCK04/SES049/SA049S18	SES099	-0.510661	1.9223	2.43297
BLOCK04/SES049/SA049S18	SES104	-1.76261	0.670356	2.43297
BLOCK04/SES049/SA049S18	SES125	-1.99867	0.434292	2.43297
BLOCK04/SES049/SA049S18	SES206	-1.47691	0.956053	2.43297
BLOCK04/SES049/SA049S25	SES087	-1.65421	0.7936	2.44781
BLOCK04/SES049/SA049S25	SES104	-0.360717	2.08709	2.44781
BLOCK04/SES049/SA049S25	SES125	-1.01705	1.43076	2.44781
BLOCK04/SES049/SA049S25	SES206	-0.297698	2.15011	2.44781
BLOCK04/SES049/SA049S27	SES099	-0.24178	2.73648	2.97826
BLOCK04/SES049/SA049S27	SES104	0.117333	3.09559	2.97826
BLOCK04/SES049/SA049S27	SES125	-2.00747	0.970786	2.97826
BLOCK04/SES049/SA049S27	SES206	-0.663887	2.31437	2.97826
BLOCK04/SES049/SA049S29	SES099	-0.175802	3.41431	3.59011
BLOCK04/SES049/SA049S29	SES104	0.499102	4.08922	3.59011
BLOCK04/SES049/SA049S29	SES125	-0.696098	2.89402	3.59011
BLOCK04/SES049/SA049S29	SES206	-0.117796	3.47232	3.59011
BLOCK06/SES063/SA063S09	SES068	-0.788085	3.39543	4.18351
BLOCK06/SES063/SA063S09	SES083	0.0797629	4.26328	4.18351
BLOCK06/SES063/SA063S09	SES177	-0.522028	3.66148	4.18351
BLOCK06/SES063/SA063S09	SES187	-1.28092	2.90259	4.18351
BLOCK06/SES063/SA063S10	SES068	-0.983834	3.17975	4.16358
BLOCK06/SES063/SA063S10	SES083	-0.0381341	4.12545	4.16358
BLOCK06/SES063/SA063S10	SES172	-0.412164	3.75142	4.16358
BLOCK06/SES063/SA063S10	SES187	-0.871806	3.29178	4.16358
BLOCK06/SES063/SA063S20	SES068	-1.65429	2.55459	4.20888
BLOCK06/SES063/SA063S20	SES083	-0.024385	4.18449	4.20888
BLOCK06/SES063/SA063S20	SES172	0.0993485	4.30822	4.20888
BLOCK06/SES063/SA063S20	SES187	-0.355248	3.85363	4.20888
BLOCK06/SES063/SA063S24	SES029	-2.48234	1.78585	4.26819
BLOCK06/SES063/SA063S24	SES083	-0.407001	3.86119	4.26819
BLOCK06/SES063/SA063S24	SES177	-0.413804	3.85439	4.26819
BLOCK06/SES063/SA063S24	SES189	0.433597	4.70179	4.26819
BLOCK06/SES063/SA063S27	SES083	-0.0558028	4.3371	4.3929
BLOCK06/SES063/SA063S27	SES172	-1.01947	3.37344	4.3929
BLOCK06/SES063/SA063S27	SES187	-0.807997	3.58491	4.3929
BLOCK06/SES063/SA063S27	SES292	-1.22674	3.16617	4.3929
BLOCK06/SES067/SA067S12	SES083	-0.340653	4.89657	5.23722
BLOCK06/SES067/SA067S12	SES172	-0.845779	4.39144	5.23722
BLOCK06/SES067/SA067S12	SES202	-0.347794	4.88943	5.23722
BLOCK06/SES067/SA067S12	SES292	-1.54936	3.68786	5.23722
BLOCK06/SES067/SA067S14	SES085	-1.68152	4.07368	5.7552
BLOCK06/SES067/SA067S14	SES177	-0.817522	4.93768	5.7552
BLOCK06/SES067/SA067S14	SES183	0.108194	5.86339	5.7552
BLOCK06/SES067/SA067S14	SES202	-0.317177	5.43802	5.7552
BLOCK06/SES067/SA067S21	SES144	-0.447348	4.45774	4.90509
BLOCK06/SES067/SA067S21	SES177	-0.381141	4.52395	4.90509
BLOCK06/SES067/SA067S21	SES183	-0.484756	4.42033	4.90509
BLOCK06/SES067/SA067S21	SES189	-0.889844	4.01524	4.90509
BLOCK06/SES067/SA067S25	SES085	-1.11633	3.35935	4.47569
BLOCK06/SES067/SA067S25	SES177	-0.969174	3.50651	4.47569
BLOCK06/SES067/SA067S25	SES183	-0.267681	4.20801	4.47569
BLOCK06/SES067/SA067S25	SES202	-1.71782	2.75787	4.47569
BLOCK06/SES067/SA067S29	SES085	-1.59777	3.24854	4.84631
BLOCK06/SES067/SA067S29	SES177	-0.864177	3.98214	4.84631
BLOCK06/SES067/SA067S29	SES183	-0.259782	4.58653	4.84631
BLOCK06/SES067/SA067S29	SES202	0.124035	4.97035	4.84631
BLOCK06/SES069/SA069S12	SES029	-2.60653	1.25657	3.8631
BLOCK06/SES069/SA069S12	SES082	-0.00537229	3.85772	3.8631
BLOCK06/SES069/SA069S12	SES087	-1.05787	2.80523	3.8631
BLOCK06/SES069/SA069S12	SES206	-0.611527	3.25157	3.8631
BLOCK06/SES069/SA069S13	SES029	-2.87683	1.03206	3.9089
BLOCK06/SES069/SA069S13	SES087	-0.281152	3.62774	3.9089
BLOCK06/SES069/SA069S13	SES206	-0.533283	3.37561	3.9089
BLOCK06/SES069/SA069S13	SES226	-0.0567133	3.85218	3.9089
BLOCK06/SES069/SA069S23	SES029	-1.38163	3.67437	5.056
BLOCK06/SES069/SA069S23	SES087	-0.382345	4.67366	5.056
BLOCK06/SES069/SA069S23	SES206	-0.832087	4.22392	5.056
BLOCK06/SES069/SA069S23	SES226	0.46951	5.52551	5.056
BLOCK06/SES069/SA069S25	SES087	-0.284018	4.62466	4.90868
BLOCK06/SES069/SA069S25	SES206	-1.27825	3.63043	4.90868
BLOCK06/SES069/SA069S25	SES226	0.137905	5.04659	4.90868
BLOCK06/SES069/SA069S25	SES270	-1.03166	3.87702	4.90868
BLOCK06/SES069/SA069S27	SES087	-0.92091	2.74744	3.66835
BLOCK06/SES069/SA069S27	SES206	-0.0343263	3.63402	3.66835
BLOCK06/SES069/SA069S27	SES226	0.838683	4.50703	3.66835
BLOCK06/SES069/SA069S27	SES270	-0.363285	3.30506	3.66835
BLOCK08/SES081/SA081S11	SES060	-1.21909	3.18381	4.4029
BLOCK08/SES081/SA081S11	SES062	-0.66074	3.74216	4.4029
BLOCK08/SES081/SA081S11	SES117	-2.57885	1.82405	4.4029
BLOCK08/SES081/SA081S11	SES162	-1.90008	2.50282	4.4029
BLOCK08/SES081/SA081S13	SES016	-0.60592	4.59207	5.19799
BLOCK08/SES081/SA081S13	SES060	0.134643	5.33263	5.19799
BLOCK08/SES081/SA081S13	SES068	-0.500943	4.69705	5.19799
BLOCK08/SES081/SA081S13	SES129	-1.09609	4.10191	5.19799
BLOCK08/SES081/SA081S24	SES060	-0.0637407	4.49119	4.55493
BLOCK08/SES081/SA081S24	SES068	-0.420391	4.13454	4.55493
BLOCK08/SES081/SA081S24	SES117	-2.01126	2.54366	4.55493
BLOCK08/SES081/SA081S24	SES275	-1.13868	3.41625	4.55493
BLOCK08/SES081/SA081S27	SES007	-0.378701	3.91811	4.29681
BLOCK08/SES081/SA081S27	SES060	-0.534226	3.76259	4.29681
BLOCK08/SES081/SA081S27	SES117	-0.945817	3.35099	4.29681
BLOCK08/SES081/SA081S27	SES275	-1.03448	3.26233	4.29681
BLOCK08/SES081/SA081S29	SES007	-0.481989	3.84496	4.32695
BLOCK08/SES081/SA081S29	SES060	-0.650546	3.6764	4.32695
BLOCK08/SES081/SA081S29	SES117	-1.41535	2.9116	4.32695
BLOCK08/SES081/SA081S29	SES275	-1.02481	3.30214	4.32695
BLOCK08/SES086/SA086S11	SES029	-2.13118	0.395881	2.52706
BLOCK08/SES086/SA086S11	SES082	-1.48176	1.0453	2.52706
BLOCK08/SES086/SA086S11	SES087	-0.367177	2.15989	2.52706
BLOCK08/SES086/SA086S11	SES206	-1.09454	1.43252	2.52706
BLOCK08/SES086/SA086S12	SES029	-0.965415	2.52623	3.49165
BLOCK08/SES086/SA086S12	SES082	-0.754674	2.73697	3.49165
BLOCK08/SES086/SA086S12	SES087	0.0989926	3.59064	3.49165
BLOCK08/SES086/SA086S12	SES206	-0.405754	3.08589	3.49165
BLOCK08/SES086/SA086S20	SES029	-2.29617	2.22209	4.51825
BLOCK08/SES086/SA086S20	SES082	-1.3271	3.19115	4.51825
BLOCK08/SES086/SA086S20	SES087	0.796682	5.31494	4.51825
BLOCK08/SES086/SA086S20	SES206	-0.206275	4.31198	4.51825
BLOCK08/SES086/SA086S24	SES087	-0.484915	2.25831	2.74322
BLOCK08/SES086/SA086S24	SES104	-1.54517	1.19805	2.74322
BLOCK08/SES086/SA086S24	SES120	-1.21777	1.52546	2.74322
BLOCK08/SES086/SA086S24	SES206	0.00533009	2.74855	2.74322
BLOCK08/SES086/SA086S28	SES029	-2.33372	1.78419	4.11791
BLOCK08/SES086/SA086S28	SES082	-1.01652	3.10139	4.11791
BLOCK08/SES086/SA086S28	SES087	-0.365564	3.75234	4.11791
BLOCK08/SES086/SA086S28	SES206	-0.687026	3.43088	4.11791
BLOCK08/SES089/SA089S13	SES087	-1.08282	2.39156	3.47438
BLOCK08/SES089/SA089S13	SES206	-0.891886	2.5825	3.47438
BLOCK08/SES089/SA089S13	SES226	-0.636085	2.8383	3.47438
BLOCK08/SES089/SA089S13	SES270	-1.54025	1.93413	3.47438
BLOCK08/SES089/SA089S14	SES062	-1.75776	2.47991	4.23767
BLOCK08/SES089/SA089S14	SES087	0.037746	4.27542	4.23767
BLOCK08/SES089/SA089S14	SES206	-0.83021	3.40746	4.23767
BLOCK08/SES089/SA089S14	SES226	-1.04784	3.18983	4.23767
BLOCK08/SES089/SA089S23	SES087	-0.600015	2.2683	2.86831
BLOCK08/SES089/SA089S23	SES206	-0.432406	2.43591	2.86831
BLOCK08/SES089/SA089S23	SES226	-1.39897	1.46935	2.86831
BLOCK08/SES089/SA089S23	SES270	-2.47736	0.390953	2.86831
BLOCK08/SES089/SA089S25	SES062	-1.55432	2.50491	4.05923
BLOCK08/SES089/SA089S25	SES087	-0.144833	3.9144	4.05923
BLOCK08/SES089/SA089S25	SES206	-2.07621	1.98302	4.05923
BLOCK08/SES089/SA089S25	SES226	-0.900758	3.15848	4.05923
BLOCK08/SES089/SA089S28	SES062	-1.2155	2.84036	4.05586
BLOCK08/SES089/SA089S28	SES087	-0.170769	3.88509	4.05586
BLOCK08/SES089/SA089S28	SES206	-0.748079	3.30778	4.05586
BLOCK08/SES089/SA089S28	SES226	-0.234237	3.82162	4.05586
BLOCK09/SES097/SA097S11	SES099	0.775831	3.62426	2.84843
BLOCK09/SES097/SA097S11	SES125	-1.21976	1.62868	2.84843
BLOCK09/SES097/SA097S11	SES206	-0.481765	2.36667	2.84843
BLOCK09/SES097/SA097S11	SES226	0.758487	3.60692	2.84843
BLOCK09/SES097/SA097S14	SES062	-1.06726	2.03256	3.09982
BLOCK09/SES097/SA097S14	SES099	-0.246038	2.85379	3.09982
BLOCK09/SES097/SA097S14	SES104	-0.910749	2.18907	3.09982
BLOCK09/SES097/SA097S14	SES206	-1.07742	2.0224	3.09982
BLOCK09/SES097/SA097S22	SES099	0.507004	3.2433	2.73629
BLOCK09/SES097/SA097S22	SES206	-0.583128	2.15316	2.73629
BLOCK09/SES097/SA097S22	SES226	-1.26586	1.47043	2.73629
BLOCK09/SES097/SA097S22	SES270	0.230153	2.96644	2.73629
BLOCK09/SES097/SA097S26	SES099	0.83473	3.27456	2.43983
BLOCK09/SES097/SA097S26	SES120	-0.506922	1.93291	2.43983
BLOCK09/SES097/SA097S26	SES206	-0.939514	1.50032	2.43983
BLOCK09/SES097/SA097S26	SES226	-0.821978	1.61785	2.43983
BLOCK09/SES097/SA097S28	SES099	0.000315905	3.46273	3.46242
BLOCK09/SES097/SA097S28	SES120	-0.931381	2.53104	3.46242
BLOCK09/SES097/SA097S28	SES206	-1.17626	2.28616	3.46242
BLOCK09/SES097/SA097S28	SES226	-1.16752	2.2949	3.46242
BLOCK09/SES098/SA098S11	SES127	-0.81879	3.30289	4.12168
BLOCK09/SES098/SA098S11	SES144	-0.911464	3.21022	4.12168
BLOCK09/SES098/SA098S11	SES147	-0.500775	3.62091	4.12168
BLOCK09/SES098/SA098S11	SES148	-3.2213	0.90038	4.12168
BLOCK09/SES098/SA098S12	SES127	-2.04561	0.80461	2.85022
BLOCK09/SES098/SA098S12	SES144	-2.03408	0.816145	2.85022
BLOCK09/SES098/SA098S12	SES147	-1.19854	1.65168	2.85022
BLOCK09/SES098/SA098S12	SES189	-2.32099	0.529229	2.85022
BLOCK09/SES098/SA098S20	SES127	-2.50727	1.12438	3.63165
BLOCK09/SES098/SA098S20	SES147	-2.14735	1.4843	3.63165
BLOCK09/SES098/SA098S20	SES148	-2.39015	1.2415	3.63165
BLOCK09/SES098/SA098S20	SES292	-1.01025	2.6214	3.63165
BLOCK09/SES098/SA098S23	SES127	-1.25198	2.42834	3.68032
BLOCK09/SES098/SA098S23	SES147	-1.40017	2.28014	3.68032
BLOCK09/SES098/SA098S23	SES187	-1.02111	2.65921	3.68032
BLOCK09/SES098/SA098S23	SES292	-0.96387	2.71645	3.68032
BLOCK09/SES098/SA098S27	SES127	-2.3913	1.3391	3.7304
BLOCK09/SES098/SA098S27	SES147	-2.15553	1.57487	3.7304
BLOCK09/SES098/SA098S27	SES148	-3.59481	0.135592	3.7304
BLOCK09/SES098/SA098S27	SES292	-0.302869	3.42753	3.7304
BLOCK10/SES102/SA102S13	SES101	-0.336057	3.38233	3.71839
BLOCK10/SES102/SA102S13	SES105	-0.824068	2.89432	3.71839
BLOCK10/SES102/SA102S13	SES120	-1.41458	2.30381	3.71839
BLOCK10/SES102/SA102S13	SES158	-2.24982	1.46856	3.71839
BLOCK10/SES102/SA102S14	SES007	0.26013	5.39415	5.13402
BLOCK10/SES102/SA102S14	SES101	-0.400614	4.73341	5.13402
BLOCK10/SES102/SA102S14	SES105	-0.078795	5.05523	5.13402
BLOCK10/SES102/SA102S14	SES147	-2.31375	2.82027	5.13402
BLOCK10/SES102/SA102S22	SES007	-1.16006	3.28698	4.44705
BLOCK10/SES102/SA102S22	SES101	-0.432704	4.01434	4.44705
BLOCK10/SES102/SA102S22	SES105	-0.801971	3.64508	4.44705
BLOCK10/SES102/SA102S22	SES158	-2.34489	2.10216	4.44705
BLOCK10/SES102/SA102S25	SES007	-0.464998	3.92676	4.39176
BLOCK10/SES102/SA102S25	SES101	0.0350232	4.42678	4.39176
BLOCK10/SES102/SA102S25	SES105	-0.862073	3.52968	4.39176
BLOCK10/SES102/SA102S25	SES147	-2.5538	1.83796	4.39176
BLOCK10/SES102/SA102S27	SES007	-0.871087	3.06504	3.93613
BLOCK10/SES102/SA102S27	SES101	0.195505	4.13163	3.93613
BLOCK10/SES102/SA102S27	SES105	-1.12394	2.81219	3.93613
BLOCK10/SES102/SA102S27	SES147	-2.05389	1.88224	3.93613
BLOCK10/SES103/SA103S14	SES105	-2.33308	0.234819	2.5679
BLOCK10/SES103/SA103S14	SES106	-1.29457	1.27333	2.5679
BLOCK10/SES103/SA103S14	SES120	-1.82677	0.741132	2.5679
BLOCK10/SES103/SA103S14	SES206	-1.65336	0.914541	2.5679
BLOCK10/SES103/SA103S15	SES099	-0.979275	0.741281	1.72056
BLOCK10/SES103/SA103S15	SES101	-3.82048	-2.09992	1.72056
BLOCK10/SES103/SA103S15	SES104	-1.11867	0.601887	1.72056
BLOCK10/SES103/SA103S15	SES125	-1.29365	0.426908	1.72056
BLOCK10/SES103/SA103S24	SES104	-1.86154	0.69737	2.55891
BLOCK10/SES103/SA103S24	SES125	-1.91225	0.646657	2.55891
BLOCK10/SES103/SA103S24	SES148	-2.37213	0.186776	2.55891
BLOCK10/SES103/SA103S24	SES158	-1.32054	1.23837	2.55891
BLOCK10/SES103/SA103S26	SES104	-1.11272	1.65445	2.76717
BLOCK10/SES103/SA103S26	SES106	-0.55461	2.21256	2.76717
BLOCK10/SES103/SA103S26	SES125	-1.44842	1.31874	2.76717
BLOCK10/SES103/SA103S26	SES148	-2.16106	0.606111	2.76717
BLOCK10/SES103/SA103S28	SES104	-1.32031	1.05744	2.37775
BLOCK10/SES103/SA103S28	SES106	-0.580448	1.7973	2.37775
BLOCK10/SES103/SA103S28	SES125	-0.945399	1.43235	2.37775
BLOCK10/SES103/SA103S28	SES206	-1.93176	0.445994	2.37775
BLOCK12/SES121/SA121S12	SES042	-1.8391	0.381426	2.22053
BLOCK12/SES121/SA121S12	SES087	-1.73667	0.483857	2.22053
BLOCK12/SES121/SA121S12	SES105	-1.52575	0.694783	2.22053
BLOCK12/SES121/SA121S12	SES206	-0.946938	1.27359	2.22053
BLOCK12/SES121/SA121S14	SES007	-1.92111	-0.490059	1.43105
BLOCK12/SES121/SA121S14	SES105	-2.82789	-1.39684	1.43105
BLOCK12/SES121/SA121S14	SES106	-1.48046	-0.0494104	1.43105
BLOCK12/SES121/SA121S14	SES206	-1.39874	0.032312	1.43105
BLOCK12/SES121/SA121S23	SES105	-2.83617	-1.24731	1.58887
BLOCK12/SES121/SA121S23	SES106	-1.05278	0.536082	1.58887
BLOCK12/SES121/SA121S23	SES120	-2.44807	-0.859209	1.58887
BLOCK12/SES121/SA121S23	SES206	-0.663699	0.925167	1.58887
BLOCK12/SES121/SA121S25	SES007	-1.52948	-0.598814	0.930667
BLOCK12/SES121/SA121S25	SES105	-3.04963	-2.11896	0.930667
BLOCK12/SES121/SA121S25	SES106	-1.3582	-0.427529	0.930667
BLOCK12/SES121/SA121S25	SES206	-1.45282	-0.522154	0.930667
BLOCK12/SES121/SA121S27	SES087	-0.779702	1.51288	2.29258
BLOCK12/SES121/SA121S27	SES105	-4.39519	-2.10261	2.29258
BLOCK12/SES121/SA121S27	SES120	-0.771551	1.52103	2.29258
BLOCK12/SES121/SA121S27	SES206	0.136474	2.42905	2.29258
BLOCK12/SES124/SA124S16	SES042	0.0979595	4.13545	4.03749
BLOCK12/SES124/SA124S16	SES082	-0.820884	3.21661	4.03749
BLOCK12/SES124/SA124S16	SES183	-2.71865	1.31885	4.03749
BLOCK12/SES124/SA124S16	SES206	-1.30269	2.7348	4.03749
BLOCK12/SES124/SA124S17	SES105	-1.91538	1.32321	3.2386
BLOCK12/SES124/SA124S17	SES149	-1.97906	1.25954	3.2386
BLOCK12/SES124/SA124S17	SES158	-3.09962	0.138975	3.2386
BLOCK12/SES124/SA124S17	SES275	-1.24238	1.99621	3.2386
BLOCK12/SES124/SA124S23	SES105	-2.41765	3.22278	5.64043
BLOCK12/SES124/SA124S23	SES125	-0.0613918	5.57904	5.64043
BLOCK12/SES124/SA124S23	SES129	-3.09274	2.54768	5.64043
BLOCK12/SES124/SA124S23	SES158	-0.504177	5.13625	5.64043
BLOCK12/SES124/SA124S26	SES105	-3.04723	1.37278	4.42001
BLOCK12/SES124/SA124S26	SES125	-0.774602	3.64541	4.42001
BLOCK12/SES124/SA124S26	SES129	-3.21914	1.20088	4.42001
BLOCK12/SES124/SA124S26	SES158	-1.37171	3.04831	4.42001
BLOCK12/SES124/SA124S28	SES104	-0.206795	4.18841	4.39521
BLOCK12/SES124/SA124S28	SES106	-0.684764	3.71044	4.39521
BLOCK12/SES124/SA124S28	SES125	-0.055347	4.33986	4.39521
BLOCK12/SES124/SA124S28	SES275	-1.84111	2.5541	4.39521
BLOCK12/SES126/SA126S13	SES007	-0.962529	3.24354	4.20607
BLOCK12/SES126/SA126S13	SES162	-1.45731	2.74875	4.20607
BLOCK12/SES126/SA126S13	SES177	-0.419732	3.78634	4.20607
BLOCK12/SES126/SA126S13	SES180	-1.43239	2.77368	4.20607
BLOCK12/SES126/SA126S14	SES144	-0.697275	4.15066	4.84794
BLOCK12/SES126/SA126S14	SES148	-1.38302	3.46491	4.84794
BLOCK12/SES126/SA126S14	SES177	-0.0302625	4.81767	4.84794
BLOCK12/SES126/SA126S14	SES180	-1.94179	2.90615	4.84794
BLOCK12/SES126/SA126S20	SES007	-0.328499	4.48498	4.81348
BLOCK12/SES126/SA126S20	SES162	-1.23277	3.58071	4.81348
BLOCK12/SES126/SA126S20	SES172	-1.61559	3.19789	4.81348
BLOCK12/SES126/SA126S20	SES180	-2.10987	2.70361	4.81348
BLOCK12/SES126/SA126S24	SES120	0.106265	4.9792	4.87293
BLOCK12/SES126/SA126S24	SES162	-1.22752	3.64541	4.87293
BLOCK12/SES126/SA126S24	SES177	-0.107425	4.76551	4.87293
BLOCK12/SES126/SA126S24	SES180	-1.22879	3.64414	4.87293
BLOCK12/SES126/SA126S26	SES120	0.0586629	3.85727	3.79861
BLOCK12/SES126/SA126S26	SES177	-0.406285	3.39232	3.79861
BLOCK12/SES126/SA126S26	SES180	-1.52994	2.26867	3.79861
BLOCK12/SES126/SA126S26	SES202	-1.41296	2.38565	3.79861
BLOCK12/SES128/SA128S10	SES087	-1.69391	1.15627	2.85018
BLOCK12/SES128/SA128S10	SES206	-0.794925	2.05525	2.85018
BLOCK12/SES128/SA128S10	SES226	-0.248993	2.60118	2.85018
BLOCK12/SES128/SA128S10	SES270	-0.189897	2.66028	2.85018
BLOCK12/SES128/SA128S12	SES120	-1.3545	2.12385	3.47835
BLOCK12/SES128/SA128S12	SES158	-1.7707	1.70765	3.47835
BLOCK12/SES128/SA128S12	SES206	-0.42943	3.04892	3.47835
BLOCK12/SES128/SA128S12	SES226	-0.848495	2.62986	3.47835
BLOCK12/SES128/SA128S21	SES106	-1.10482	1.7951	2.89992
BLOCK12/SES128/SA128S21	SES120	-1.66647	1.23345	2.89992
BLOCK12/SES128/SA128S21	SES206	-1.36252	1.53741	2.89992
BLOCK12/SES128/SA128S21	SES226	0.152826	3.05275	2.89992
BLOCK12/SES128/SA128S24	SES087	-1.10978	2.33252	3.4423
BLOCK12/SES128/SA128S24	SES120	-0.975494	2.46681	3.4423
BLOCK12/SES128/SA128S24	SES206	-0.410221	3.03208	3.4423
BLOCK12/SES128/SA128S24	SES226	-1.18571	2.25659	3.4423
BLOCK12/SES128/SA128S27	SES099	0.028791	4.11165	4.08285
BLOCK12/SES128/SA128S27	SES120	-0.451514	3.63134	4.08285
BLOCK12/SES128/SA128S27	SES206	-0.306452	3.7764	4.08285
BLOCK12/SES128/SA128S27	SES226	-0.179477	3.90338	4.08285
BLOCK13/SES130/SA130S13	SES143	-0.0821419	3.0464	3.12855
BLOCK13/SES130/SA130S13	SES144	-0.268617	2.85993	3.12855
BLOCK13/SES130/SA130S13	SES146	-1.91167	1.21688	3.12855
BLOCK13/SES130/SA130S13	SES275	-2.3454	0.783142	3.12855
BLOCK13/SES130/SA130S15	SES143	-1.60306	3.43523	5.03829
BLOCK13/SES130/SA130S15	SES144	0.0488644	5.08715	5.03829
BLOCK13/SES130/SA130S15	SES146	-0.927471	4.11082	5.03829
BLOCK13/SES130/SA130S15	SES275	-1.18975	3.84854	5.03829
BLOCK13/SES130/SA130S23	SES127	-1.74831	1.84637	3.59468
BLOCK13/SES130/SA130S23	SES144	-0.959788	2.63489	3.59468
BLOCK13/SES130/SA130S23	SES146	-1.23417	2.36051	3.59468
BLOCK13/SES130/SA130S23	SES162	-0.320524	3.27415	3.59468
BLOCK13/SES130/SA130S25	SES127	-0.560951	3.63514	4.19609
BLOCK13/SES130/SA130S25	SES144	-0.284321	3.91177	4.19609
BLOCK13/SES130/SA130S25	SES146	-0.991509	3.20458	4.19609
BLOCK13/SES130/SA130S25	SES275	-1.03923	3.15686	4.19609
BLOCK13/SES130/SA130S28	SES127	-1.1738	2.76825	3.94205
BLOCK13/SES130/SA130S28	SES144	-0.794982	3.14707	3.94205
BLOCK13/SES130/SA130S28	SES146	-0.507784	3.43427	3.94205
BLOCK13/SES130/SA130S28	SES275	-0.543449	3.3986	3.94205
BLOCK13/SES131/SA131S13	SES002	-1.76474	-0.0926363	1.6721
BLOCK13/SES131/SA131S13	SES007	-1.44874	0.223362	1.6721
BLOCK13/SES131/SA131S13	SES099	-0.752159	0.919943	1.6721
BLOCK13/SES131/SA131S13	SES105	-1.734	-0.0618996	1.6721
BLOCK13/SES131/SA131S14	SES104	-0.830966	3.22487	4.05583
BLOCK13/SES131/SA131S14	SES106	-1.42533	2.6305	4.05583
BLOCK13/SES131/SA131S14	SES125	-1.09182	2.96401	4.05583
BLOCK13/SES131/SA131S14	SES148	-0.723025	3.33281	4.05583
BLOCK13/SES131/SA131S20	SES104	-1.76415	0.378262	2.14241
BLOCK13/SES131/SA131S20	SES106	-0.953102	1.18931	2.14241
BLOCK13/SES131/SA131S20	SES125	-1.99787	0.144538	2.14241
BLOCK13/SES131/SA131S20	SES148	-1.67016	0.472253	2.14241
BLOCK13/SES131/SA131S22	SES099	-0.381328	3.486	3.86732
BLOCK13/SES131/SA131S22	SES104	-1.03809	2.82923	3.86732
BLOCK13/SES131/SA131S22	SES125	-1.70967	2.15765	3.86732
BLOCK13/SES131/SA131S22	SES206	-1.36568	2.50164	3.86732
BLOCK13/SES131/SA131S29	SES087	-1.37604	1.24184	2.61788
BLOCK13/SES131/SA131S29	SES104	-2.07149	0.546389	2.61788
BLOCK13/SES131/SA131S29	SES125	-2.29217	0.325714	2.61788
BLOCK13/SES131/SA131S29	SES206	-1.13689	1.48099	2.61788
BLOCK13/SES132/SA132S11	SES083	-2.07432	2.23454	4.30886
BLOCK13/SES132/SA132S11	SES120	0.0955839	4.40444	4.30886
BLOCK13/SES132/SA132S11	SES127	-1.49535	2.81351	4.30886
BLOCK13/SES132/SA132S11	SES275	-0.892731	3.41613	4.30886
BLOCK13/SES132/SA132S12	SES083	-2.09226	3.11269	5.20495
BLOCK13/SES132/SA132S12	SES143	-1.72188	3.48306	5.20495
BLOCK13/SES132/SA132S12	SES144	-0.875887	4.32906	5.20495
BLOCK13/SES132/SA132S12	SES148	-0.271256	4.93369	5.20495
BLOCK13/SES132/SA132S22	SES062	-0.685076	3.33146	4.01653
BLOCK13/SES132/SA132S22	SES083	-2.43808	1.57845	4.01653
BLOCK13/SES132/SA132S22	SES127	-1.29458	2.72195	4.01653
BLOCK13/SES132/SA132S22	SES275	-0.643249	3.37328	4.01653
BLOCK13/SES132/SA132S24	SES007	-0.811928	4.53069	5.34262
BLOCK13/SES132/SA132S24	SES083	-2.72832	2.6143	5.34262
BLOCK13/SES132/SA132S24	SES127	-1.7777	3.56492	5.34262
BLOCK13/SES132/SA132S24	SES275	-0.903822	4.4388	5.34262
BLOCK13/SES132/SA132S27	SES083	-2.64406	0.844071	3.48813
BLOCK13/SES132/SA132S27	SES120	0.0758798	3.56401	3.48813
BLOCK13/SES132/SA132S27	SES127	-1.87919	1.60894	3.48813
BLOCK13/SES132/SA132S27	SES275	-1.64798	1.84015	3.48813
BLOCK14/SES141/SA141S09	SES143	-1.50918	3.66948	5.17866
BLOCK14/SES141/SA141S09	SES144	-0.887659	4.291	5.17866
BLOCK14/SES141/SA141S09	SES162	-0.944371	4.23429	5.17866
BLOCK14/SES141/SA141S09	SES180	-1.39243	3.78623	5.17866
BLOCK14/SES141/SA141S15	SES127	-1.21566	3.70793	4.92359
BLOCK14/SES141/SA141S15	SES144	-1.29016	3.63344	4.92359
BLOCK14/SES141/SA141S15	SES162	-1.74779	3.1758	4.92359
BLOCK14/SES141/SA141S15	SES180	-1.46267	3.46092	4.92359
BLOCK14/SES141/SA141S24	SES127	-1.00191	4.13552	5.13743
BLOCK14/SES141/SA141S24	SES144	-1.28088	3.85655	5.13743
BLOCK14/SES141/SA141S24	SES162	-1.49375	3.64368	5.13743
BLOCK14/SES141/SA141S24	SES183	-1.8551	3.28233	5.13743
BLOCK14/SES141/SA141S26	SES142	-0.662965	3.68128	4.34424
BLOCK14/SES141/SA141S26	SES144	-1.45854	2.88571	4.34424
BLOCK14/SES141/SA141S26	SES172	-0.55476	3.78948	4.34424
BLOCK14/SES141/SA141S26	SES180	-1.51924	2.825	4.34424
BLOCK14/SES141/SA141S29	SES127	-0.465254	4.52267	4.98792
BLOCK14/SES141/SA141S29	SES142	-0.381329	4.60659	4.98792
BLOCK14/SES141/SA141S29	SES144	-0.784648	4.20327	4.98792
BLOCK14/SES141/SA141S29	SES180	-0.918336	4.06958	4.98792
BLOCK15/SES157/SA157S08	SES083	-1.57887	3.16367	4.74253
BLOCK15/SES157/SA157S08	SES127	-1.55717	3.18536	4.74253
BLOCK15/SES157/SA157S08	SES148	-0.891533	3.851	4.74253
BLOCK15/SES157/SA157S08	SES292	-2.00351	2.73902	4.74253
BLOCK15/SES157/SA157S11	SES083	-1.47266	2.8061	4.27876
BLOCK15/SES157/SA157S11	SES127	-1.09665	3.18211	4.27876
BLOCK15/SES157/SA157S11	SES148	-1.02653	3.25223	4.27876
BLOCK15/SES157/SA157S11	SES292	-1.78645	2.49231	4.27876
BLOCK15/SES157/SA157S21	SES127	-0.687952	4.06897	4.75692
BLOCK15/SES157/SA157S21	SES148	-0.388899	4.36802	4.75692
BLOCK15/SES157/SA157S21	SES158	-5.77411	-1.01719	4.75692
BLOCK15/SES157/SA157S21	SES292	-1.54715	3.20977	4.75692
BLOCK15/SES157/SA157S24	SES127	-0.836867	4.06026	4.89713
BLOCK15/SES157/SA157S24	SES148	-1.13773	3.7594	4.89713
BLOCK15/SES157/SA157S24	SES183	-1.70835	3.18878	4.89713
BLOCK15/SES157/SA157S24	SES292	-1.80118	3.09595	4.89713
BLOCK15/SES157/SA157S26	SES007	-0.914171	4.15786	5.07203
BLOCK15/SES157/SA157S26	SES127	-0.273279	4.79876	5.07203
BLOCK15/SES157/SA157S26	SES147	-1.54495	3.52709	5.07203
BLOCK15/SES157/SA157S26	SES148	-0.568693	4.50334	5.07203
BLOCK16/SES161/SA161S10	SES007	-0.751697	2.28697	3.03867
BLOCK16/SES161/SA161S10	SES105	-1.05426	1.98441	3.03867
BLOCK16/SES161/SA161S10	SES158	-1.44019	1.59847	3.03867
BLOCK16/SES161/SA161S10	SES275	-1.01175	2.02691	3.03867
BLOCK16/SES161/SA161S12	SES007	-1.57279	1.67702	3.24981
BLOCK16/SES161/SA161S12	SES105	-1.94092	1.30888	3.24981
BLOCK16/SES161/SA161S12	SES158	-1.42104	1.82876	3.24981
BLOCK16/SES161/SA161S12	SES275	-0.584772	2.66504	3.24981
BLOCK16/SES161/SA161S20	SES007	-0.890961	1.49693	2.3879
BLOCK16/SES161/SA161S20	SES105	-2.40679	-0.0188987	2.3879
BLOCK16/SES161/SA161S20	SES158	-0.591629	1.79627	2.3879
BLOCK16/SES161/SA161S20	SES275	-1.43816	0.949732	2.3879
BLOCK16/SES161/SA161S23	SES007	-2.08477	1.55336	3.63813
BLOCK16/SES161/SA161S23	SES105	-0.97747	2.66066	3.63813
BLOCK16/SES161/SA161S23	SES148	-1.51299	2.12514	3.63813
BLOCK16/SES161/SA161S23	SES158	-2.3188	1.31932	3.63813
BLOCK16/SES161/SA161S28	SES007	-1.55568	1.72103	3.27671
BLOCK16/SES161/SA161S28	SES105	-2.36185	0.914857	3.27671
BLOCK16/SES161/SA161S28	SES158	-0.458721	2.81799	3.27671
BLOCK16/SES161/SA161S28	SES206	-0.591699	2.68501	3.27671
BLOCK16/SES164/SA164S11	SES104	-1.00538	1.53338	2.53876
BLOCK16/SES164/SA164S11	SES125	-0.434685	2.10408	2.53876
BLOCK16/SES164/SA164S11	SES158	0.547173	3.08593	2.53876
BLOCK16/SES164/SA164S11	SES206	-1.23366	1.3051	2.53876
BLOCK16/SES164/SA164S13	SES099	-0.903755	0.891651	1.79541
BLOCK16/SES164/SA164S13	SES104	-0.696218	1.09919	1.79541
BLOCK16/SES164/SA164S13	SES125	-1.15307	0.64234	1.79541
BLOCK16/SES164/SA164S13	SES206	-0.823865	0.97154	1.79541
BLOCK16/SES164/SA164S24	SES002	0.508625	2.68005	2.17143
BLOCK16/SES164/SA164S24	SES099	-0.0692346	2.10219	2.17143
BLOCK16/SES164/SA164S24	SES125	-1.83876	0.332661	2.17143
BLOCK16/SES164/SA164S24	SES226	0.282443	2.45387	2.17143
BLOCK16/SES164/SA164S27	SES087	-1.60046	0.148071	1.74853
BLOCK16/SES164/SA164S27	SES125	-0.836931	0.911602	1.74853
BLOCK16/SES164/SA164S27	SES206	-1.48289	0.265645	1.74853
BLOCK16/SES164/SA164S27	SES226	-0.158316	1.59022	1.74853
BLOCK16/SES164/SA164S29	SES002	0.988055	2.64285	1.65479
BLOCK16/SES164/SA164S29	SES019	-0.357813	1.29698	1.65479
BLOCK16/SES164/SA164S29	SES125	-1.18058	0.474211	1.65479
BLOCK16/SES164/SA164S29	SES226	-0.933317	0.721477	1.65479
BLOCK16/SES169/SA169S13	SES117	-0.590743	3.65619	4.24693
BLOCK16/SES169/SA169S13	SES144	-0.756949	3.48999	4.24693
BLOCK16/SES169/SA169S13	SES146	-0.907256	3.33968	4.24693
BLOCK16/SES169/SA169S13	SES162	-0.820155	3.42678	4.24693
BLOCK16/SES169/SA169S14	SES144	-1.06973	4.41748	5.48721
BLOCK16/SES169/SA169S14	SES148	-1.23597	4.25124	5.48721
BLOCK16/SES169/SA169S14	SES177	-0.318995	5.16821	5.48721
BLOCK16/SES169/SA169S14	SES180	-1.72663	3.76058	5.48721
BLOCK16/SES169/SA169S24	SES117	-0.81477	2.31122	3.12599
BLOCK16/SES169/SA169S24	SES144	-0.848053	2.27793	3.12599
BLOCK16/SES169/SA169S24	SES146	-0.84358	2.28241	3.12599
BLOCK16/SES169/SA169S24	SES162	-0.951937	2.17405	3.12599
BLOCK16/SES169/SA169S27	SES127	-0.423544	3.41504	3.83859
BLOCK16/SES169/SA169S27	SES129	-0.367381	3.4712	3.83859
BLOCK16/SES169/SA169S27	SES144	-1.48648	2.35211	3.83859
BLOCK16/SES169/SA169S27	SES146	-0.126743	3.71184	3.83859
BLOCK16/SES169/SA169S29	SES144	-0.156604	5.23398	5.39059
BLOCK16/SES169/SA169S29	SES162	-0.240278	5.15031	5.39059
BLOCK16/SES169/SA169S29	SES177	-1.06852	4.32207	5.39059
BLOCK16/SES169/SA169S29	SES180	-0.630828	4.75976	5.39059
BLOCK17/SES171/SA171S12	SES083	-1.27336	1.56788	2.84124
BLOCK17/SES171/SA171S12	SES148	-1.14976	1.69148	2.84124
BLOCK17/SES171/SA171S12	SES172	-0.747433	2.09381	2.84124
BLOCK17/SES171/SA171S12	SES292	-2.47903	0.362215	2.84124
BLOCK17/SES171/SA171S15	SES148	-0.780535	2.65506	3.4356
BLOCK17/SES171/SA171S15	SES177	-0.521339	2.91426	3.4356
BLOCK17/SES171/SA171S15	SES180	-1.97565	1.45995	3.4356
BLOCK17/SES171/SA171S15	SES292	-1.37479	2.06081	3.4356
BLOCK17/SES171/SA171S22	SES007	-1.49039	3.72288	5.21327
BLOCK17/SES171/SA171S22	SES148	-0.97562	4.23765	5.21327
BLOCK17/SES171/SA171S22	SES177	-0.875803	4.33747	5.21327
BLOCK17/SES171/SA171S22	SES180	-2.56671	2.64657	5.21327
BLOCK17/SES171/SA171S25	SES101	-0.793274	2.74888	3.54215
BLOCK17/SES171/SA171S25	SES120	-2.53566	1.00649	3.54215
BLOCK17/SES171/SA171S25	SES177	-1.16267	2.37948	3.54215
BLOCK17/SES171/SA171S25	SES180	-1.62381	1.91834	3.54215
BLOCK17/SES171/SA171S27	SES177	-0.368081	3.14641	3.51449
BLOCK17/SES171/SA171S27	SES180	-1.78293	1.73155	3.51449
BLOCK17/SES171/SA171S27	SES189	0.230335	3.74482	3.51449
BLOCK17/SES171/SA171S27	SES292	-1.36054	2.15395	3.51449
BLOCK17/SES173/SA173S13	SES162	-3.28794	0.940446	4.22839
BLOCK17/SES173/SA173S13	SES177	-1.53912	2.68927	4.22839
BLOCK17/SES173/SA173S13	SES180	-3.68427	0.544114	4.22839
BLOCK17/SES173/SA173S13	SES292	-0.702866	3.52552	4.22839
BLOCK17/SES173/SA173S14	SES007	-0.741149	3.74436	4.48551
BLOCK17/SES173/SA173S14	SES162	-3.08129	1.40422	4.48551
BLOCK17/SES173/SA173S14	SES177	-1.45128	3.03423	4.48551
BLOCK17/SES173/SA173S14	SES180	-3.52727	0.958239	4.48551
BLOCK17/SES173/SA173S24	SES144	-1.74053	1.82647	3.567
BLOCK17/SES173/SA173S24	SES162	-2.49422	1.07278	3.567
BLOCK17/SES173/SA173S24	SES177	-0.776622	2.79038	3.567
BLOCK17/SES173/SA173S24	SES180	-3.22073	0.346271	3.567
BLOCK17/SES173/SA173S27	SES162	-2.86545	1.43569	4.30115
BLOCK17/SES173/SA173S27	SES177	-1.42858	2.87257	4.30115
BLOCK17/SES173/SA173S27	SES180	-2.23741	2.06374	4.30115
BLOCK17/SES173/SA173S27	SES292	-0.254819	4.04633	4.30115
BLOCK17/SES173/SA173S29	SES162	-2.22732	1.59367	3.82098
BLOCK17/SES173/SA173S29	SES175	-0.720511	3.10047	3.82098
BLOCK17/SES173/SA173S29	SES177	-0.558574	3.26241	3.82098
BLOCK17/SES173/SA173S29	SES292	-1.77307	2.04791	3.82098
BLOCK18/SES182/SA182S10	SES144	-1.1276	2.42009	3.54769
BLOCK18/SES182/SA182S10	SES177	-1.1204	2.42729	3.54769
BLOCK18/SES182/SA182S10	SES180	-2.04663	1.50106	3.54769
BLOCK18/SES182/SA182S10	SES275	-0.406417	3.14128	3.54769
BLOCK18/SES182/SA182S12	SES144	-0.226584	5.06318	5.28976
BLOCK18/SES182/SA182S12	SES177	-0.95252	4.33724	5.28976
BLOCK18/SES182/SA182S12	SES180	-1.01905	4.27071	5.28976
BLOCK18/SES182/SA182S12	SES275	-0.324941	4.96482	5.28976
BLOCK18/SES182/SA182S21	SES117	-1.25479	2.07579	3.33057
BLOCK18/SES182/SA182S21	SES144	-0.750392	2.58018	3.33057
BLOCK18/SES182/SA182S21	SES162	-1.02758	2.30299	3.33057
BLOCK18/SES182/SA182S21	SES180	-2.82347	0.507102	3.33057
BLOCK18/SES182/SA182S23	SES117	-1.34492	1.90567	3.25059
BLOCK18/SES182/SA182S23	SES144	-1.22773	2.02286	3.25059
BLOCK18/SES182/SA182S23	SES180	-2.03215	1.21844	3.25059
BLOCK18/SES182/SA182S23	SES275	0.18407	3.43466	3.25059
BLOCK18/SES182/SA182S25	SES007	0.303892	3.342	3.0381
BLOCK18/SES182/SA182S25	SES162	-0.19311	2.84499	3.0381
BLOCK18/SES182/SA182S25	SES177	-0.559888	2.47822	3.0381
BLOCK18/SES182/SA182S25	SES180	-2.36106	0.677044	3.0381
BLOCK18/SES184/SA184S12	SES177	-1.69444	1.47789	3.17233
BLOCK18/SES184/SA184S12	SES180	-1.1181	2.05423	3.17233
BLOCK18/SES184/SA184S12	SES189	-0.189886	2.98244	3.17233
BLOCK18/SES184/SA184S12	SES292	-0.00129056	3.17104	3.17233
BLOCK18/SES184/SA184S13	SES101	-0.736762	3.1161	3.85287
BLOCK18/SES184/SA184S13	SES177	-1.21636	2.63651	3.85287
BLOCK18/SES184/SA184S13	SES180	-1.32593	2.52694	3.85287
BLOCK18/SES184/SA184S13	SES292	-1.66096	2.1919	3.85287
BLOCK18/SES184/SA184S22	SES177	-1.75305	2.03547	3.78853
BLOCK18/SES184/SA184S22	SES180	-0.706051	3.08248	3.78853
BLOCK18/SES184/SA184S22	SES189	-1.31206	2.47647	3.78853
BLOCK18/SES184/SA184S22	SES292	-1.98988	1.79865	3.78853
BLOCK18/SES184/SA184S25	SES101	-0.367827	4.13736	4.50519
BLOCK18/SES184/SA184S25	SES177	-2.27393	2.23126	4.50519
BLOCK18/SES184/SA184S25	SES180	-0.850911	3.65427	4.50519
BLOCK18/SES184/SA184S25	SES292	-1.27523	3.22995	4.50519
BLOCK18/SES184/SA184S27	SES083	-1.20786	2.91453	4.12239
BLOCK18/SES184/SA184S27	SES177	-0.752872	3.36952	4.12239
BLOCK18/SES184/SA184S27	SES202	-1.25622	2.86617	4.12239
BLOCK18/SES184/SA184S27	SES292	-1.03	3.09239	4.12239
BLOCK20/SES204/SA204S12	SES062	-0.577137	4.08361	4.66075
BLOCK20/SES204/SA204S12	SES083	-2.36041	2.30034	4.66075
BLOCK20/SES204/SA204S12	SES206	-0.156446	4.5043	4.66075
BLOCK20/SES204/SA204S12	SES226	-1.85443	2.80632	4.66075
BLOCK20/SES204/SA204S14	SES068	-0.529182	4.97903	5.50821
BLOCK20/SES204/SA204S14	SES087	-0.119754	5.38846	5.50821
BLOCK20/SES204/SA204S14	SES206	-0.80515	4.70306	5.50821
BLOCK20/SES204/SA204S14	SES226	-1.72414	3.78408	5.50821
BLOCK20/SES204/SA204S22	SES068	-0.329214	4.37223	4.70144
BLOCK20/SES204/SA204S22	SES082	-2.29555	2.40589	4.70144
BLOCK20/SES204/SA204S22	SES083	-2.45318	2.24826	4.70144
BLOCK20/SES204/SA204S22	SES206	-0.633425	4.06802	4.70144
BLOCK20/SES204/SA204S25	SES062	-0.868292	4.14851	5.0168
BLOCK20/SES204/SA204S25	SES083	-2.13698	2.87982	5.0168
BLOCK20/SES204/SA204S25	SES206	-0.661082	4.35572	5.0168
BLOCK20/SES204/SA204S25	SES226	-1.57971	3.43709	5.0168
BLOCK20/SES204/SA204S27	SES068	-0.93405	3.50713	4.44118
BLOCK20/SES204/SA204S27	SES082	-1.96671	2.47447	4.44118
BLOCK20/SES204/SA204S27	SES087	-0.508954	3.93223	4.44118
BLOCK20/SES204/SA204S27	SES206	-1.48483	2.95635	4.44118
BLOCK20/SES207/SA207S10	SES127	-1.33963	2.66245	4.00208
BLOCK20/SES207/SA207S10	SES183	-0.987765	3.01432	4.00208
BLOCK20/SES207/SA207S10	SES189	-0.635795	3.36629	4.00208
BLOCK20/SES207/SA207S10	SES292	-1.49173	2.51035	4.00208
BLOCK20/SES207/SA207S11	SES127	-2.05308	1.79057	3.84365
BLOCK20/SES207/SA207S11	SES183	-1.05746	2.78619	3.84365
BLOCK20/SES207/SA207S11	SES187	-0.735661	3.10799	3.84365
BLOCK20/SES207/SA207S11	SES292	-0.851062	2.99259	3.84365
BLOCK20/SES207/SA207S25	SES068	-1.19304	2.54457	3.73762
BLOCK20/SES207/SA207S25	SES083	-1.33094	2.40667	3.73762
BLOCK20/SES207/SA207S25	SES127	-1.12545	2.61217	3.73762
BLOCK20/SES207/SA207S25	SES187	-0.392519	3.3451	3.73762
BLOCK20/SES207/SA207S27	SES127	-1.1544	2.34053	3.49493
BLOCK20/SES207/SA207S27	SES183	-1.23248	2.26245	3.49493
BLOCK20/SES207/SA207S27	SES187	-0.754224	2.74071	3.49493
BLOCK20/SES207/SA207S27	SES292	-1.46251	2.03242	3.49493
BLOCK20/SES207/SA207S29	SES083	-2.41113	2.10388	4.515
BLOCK20/SES207/SA207S29	SES085	-1.48026	3.03474	4.515
BLOCK20/SES207/SA207S29	SES172	-0.596264	3.91874	4.515
BLOCK20/SES207/SA207S29	SES189	-1.72229	2.79271	4.515
BLOCK22/SES221/SA221S12	SES068	0.329409	5.41332	5.08391
BLOCK22/SES221/SA221S12	SES143	-2.02152	3.06239	5.08391
BLOCK22/SES221/SA221S12	SES175	-1.359	3.72491	5.08391
BLOCK22/SES221/SA221S12	SES202	-1.30967	3.77424	5.08391
BLOCK22/SES221/SA221S15	SES085	-0.438661	4.30584	4.7445
BLOCK22/SES221/SA221S15	SES143	-2.43137	2.31313	4.7445
BLOCK22/SES221/SA221S15	SES175	-0.977597	3.7669	4.7445
BLOCK22/SES221/SA221S15	SES187	-1.4402	3.3043	4.7445
BLOCK22/SES221/SA221S23	SES068	0.432879	5.007	4.57412
BLOCK22/SES221/SA221S23	SES143	-1.48087	3.09325	4.57412
BLOCK22/SES221/SA221S23	SES175	-0.167942	4.40618	4.57412
BLOCK22/SES221/SA221S23	SES189	-0.920551	3.65357	4.57412
BLOCK22/SES221/SA221S27	SES085	0.327764	4.51675	4.18899
BLOCK22/SES221/SA221S27	SES143	-1.68703	2.50196	4.18899
BLOCK22/SES221/SA221S27	SES175	-0.619338	3.56965	4.18899
BLOCK22/SES221/SA221S27	SES189	-0.115125	4.07386	4.18899
BLOCK22/SES221/SA221S29	SES085	0.418431	5.25127	4.83284
BLOCK22/SES221/SA221S29	SES143	-1.47182	3.36102	4.83284
BLOCK22/SES221/SA221S29	SES175	-0.533152	4.29969	4.83284
BLOCK22/SES221/SA221S29	SES187	-1.17158	3.66126	4.83284
BLOCK22/SES223/SA223S11	SES143	-1.2401	2.67704	3.91715
BLOCK22/SES223/SA223S11	SES144	-2.32809	1.58905	3.91715
BLOCK22/SES223/SA223S11	SES175	-0.866161	3.05098	3.91715
BLOCK22/SES223/SA223S11	SES187	-1.61393	2.30321	3.91715
BLOCK22/SES223/SA223S13	SES068	-0.071049	3.91532	3.98637
BLOCK22/SES223/SA223S13	SES143	-2.41968	1.56669	3.98637
BLOCK22/SES223/SA223S13	SES146	-2.88982	1.09655	3.98637
BLOCK22/SES223/SA223S13	SES202	-2.55005	1.43632	3.98637
BLOCK22/SES223/SA223S22	SES143	-1.97231	1.57039	3.5427
BLOCK22/SES223/SA223S22	SES144	-2.3822	1.1605	3.5427
BLOCK22/SES223/SA223S22	SES175	-1.18125	2.36145	3.5427
BLOCK22/SES223/SA223S22	SES187	-1.43857	2.10413	3.5427
BLOCK22/SES223/SA223S25	SES068	-0.123295	3.71243	3.83573
BLOCK22/SES223/SA223S25	SES143	-1.54132	2.29441	3.83573
BLOCK22/SES223/SA223S25	SES175	-0.74382	3.0919	3.83573
BLOCK22/SES223/SA223S25	SES187	-1.32021	2.51552	3.83573
BLOCK22/SES223/SA223S27	SES143	-1.09428	2.76883	3.86311
BLOCK22/SES223/SA223S27	SES146	-1.71452	2.14859	3.86311
BLOCK22/SES223/SA223S27	SES187	-1.80503	2.05808	3.86311
BLOCK22/SES223/SA223S27	SES292	0.126802	3.98991	3.86311
BLOCK27/SES273/SA273S12	SES099	-0.304252	4.28651	4.59076
BLOCK27/SES273/SA273S12	SES104	-0.433189	4.15757	4.59076
BLOCK27/SES273/SA273S12	SES125	-1.54364	3.04713	4.59076
BLOCK27/SES273/SA273S12	SES206	-0.625705	3.96506	4.59076
BLOCK27/SES273/SA273S13	SES099	-0.751499	4.08429	4.83579
BLOCK27/SES273/SA273S13	SES104	-0.941006	3.89478	4.83579
BLOCK27/SES273/SA273S13	SES206	-1.15292	3.68286	4.83579
BLOCK27/SES273/SA273S13	SES292	-1.22107	3.61472	4.83579
BLOCK27/SES273/SA273S21	SES099	-0.712862	3.60133	4.31419
BLOCK27/SES273/SA273S21	SES148	-1.70109	2.6131	4.31419
BLOCK27/SES273/SA273S21	SES149	-1.17708	3.13711	4.31419
BLOCK27/SES273/SA273S21	SES177	-1.29712	3.01708	4.31419
BLOCK27/SES273/SA273S25	SES104	-1.17723	2.72236	3.89959
BLOCK27/SES273/SA273S25	SES125	-2.07153	1.82807	3.89959
BLOCK27/SES273/SA273S25	SES158	-0.00858665	3.89101	3.89959
BLOCK27/SES273/SA273S25	SES206	-0.9834	2.91619	3.89959
BLOCK27/SES273/SA273S27	SES099	-0.214815	4.4864	4.70121
BLOCK27/SES273/SA273S27	SES104	-0.813162	3.88805	4.70121
BLOCK27/SES273/SA273S27	SES149	-0.926901	3.77431	4.70121
BLOCK27/SES273/SA273S27	SES275	-1.20681	3.4944	4.70121
BLOCK27/SES274/SA274S10	SES105	-2.11459	3.03247	5.14706
BLOCK27/SES274/SA274S10	SES125	-1.87604	3.27102	5.14706
BLOCK27/SES274/SA274S10	SES129	-0.426637	4.72042	5.14706
BLOCK27/SES274/SA274S10	SES158	-2.99804	2.14902	5.14706
BLOCK27/SES274/SA274S11	SES105	-1.45248	4.1743	5.62678
BLOCK27/SES274/SA274S11	SES149	-1.7168	3.90998	5.62678
BLOCK27/SES274/SA274S11	SES158	-1.47566	4.15112	5.62678
BLOCK27/SES274/SA274S11	SES275	-0.899762	4.72702	5.62678
BLOCK27/SES274/SA274S21	SES105	-1.87686	3.72905	5.60592
BLOCK27/SES274/SA274S21	SES129	-0.278259	5.32766	5.60592
BLOCK27/SES274/SA274S21	SES149	-1.35429	4.25163	5.60592
BLOCK27/SES274/SA274S21	SES158	-3.47492	2.13099	5.60592
BLOCK27/SES274/SA274S24	SES105	-1.75335	3.0359	4.78926
BLOCK27/SES274/SA274S24	SES129	-0.232306	4.55695	4.78926
BLOCK27/SES274/SA274S24	SES149	-2.35377	2.43549	4.78926
BLOCK27/SES274/SA274S24	SES158	-4.30834	0.480911	4.78926
BLOCK27/SES274/SA274S29	SES105	-1.36707	3.11336	4.48043
BLOCK27/SES274/SA274S29	SES106	-1.88496	2.59547	4.48043
BLOCK27/SES274/SA274S29	SES120	-1.07467	3.40577	4.48043
BLOCK27/SES274/SA274S29	SES275	-0.732284	3.74815	4.48043
BLOCK27/SES276/SA276S16	SES148	-1.35519	3.27233	4.62751
BLOCK27/SES276/SA276S16	SES172	-0.868416	3.7591	4.62751
BLOCK27/SES276/SA276S16	SES180	-2.4692	2.15832	4.62751
BLOCK27/SES276/SA276S16	SES292	-1.25953	3.36798	4.62751
BLOCK27/SES276/SA276S17	SES101	-0.844995	3.42361	4.26861
BLOCK27/SES276/SA276S17	SES177	-1.24452	3.02408	4.26861
BLOCK27/SES276/SA276S17	SES180	-1.3776	2.89101	4.26861
BLOCK27/SES276/SA276S17	SES292	-1.30881	2.9598	4.26861
BLOCK27/SES276/SA276S24	SES101	-0.244621	4.69681	4.94143
BLOCK27/SES276/SA276S24	SES177	-0.910412	4.03102	4.94143
BLOCK27/SES276/SA276S24	SES180	-1.77812	3.16331	4.94143
BLOCK27/SES276/SA276S24	SES292	-2.04424	2.89719	4.94143
BLOCK27/SES276/SA276S26	SES101	-1.31956	4.06511	5.38467
BLOCK27/SES276/SA276S26	SES177	-1.05385	4.33082	5.38467
BLOCK27/SES276/SA276S26	SES180	-0.559884	4.82478	5.38467
BLOCK27/SES276/SA276S26	SES292	-0.287441	5.09723	5.38467
BLOCK27/SES276/SA276S28	SES101	-0.144312	4.76408	4.90839
BLOCK27/SES276/SA276S28	SES177	-0.888021	4.02037	4.90839
BLOCK27/SES276/SA276S28	SES180	-0.0353432	4.87305	4.90839
BLOCK27/SES276/SA276S28	SES292	-0.485202	4.42319	4.90839
BLOCK27/SES277/SA277S12	SES101	0.152925	2.88705	2.73413
BLOCK27/SES277/SA277S12	SES177	-1.22556	1.50857	2.73413
BLOCK27/SES277/SA277S12	SES180	-2.02682	0.70731	2.73413
BLOCK27/SES277/SA277S12	SES292	-2.53077	0.203362	2.73413
BLOCK27/SES277/SA277S14	SES177	-0.700485	1.724	2.42449
BLOCK27/SES277/SA277S14	SES180	-2.42694	-0.00245563	2.42449
BLOCK27/SES277/SA277S14	SES189	-0.0704086	2.35408	2.42449
BLOCK27/SES277/SA277S14	SES292	-1.7703	0.654194	2.42449
BLOCK27/SES277/SA277S21	SES177	-0.265495	3.20295	3.46844
BLOCK27/SES277/SA277S21	SES180	-1.42892	2.03953	3.46844
BLOCK27/SES277/SA277S21	SES189	0.414922	3.88336	3.46844
BLOCK27/SES277/SA277S21	SES292	-2.33156	1.13689	3.46844
BLOCK27/SES277/SA277S24	SES144	-0.437393	0.97188	1.40927
BLOCK27/SES277/SA277S24	SES177	-0.80764	0.601633	1.40927
BLOCK27/SES277/SA277S24	SES180	-2.21211	-0.802838	1.40927
BLOCK27/SES277/SA277S24	SES189	0.361927	1.7712	1.40927
BLOCK27/SES277/SA277S29	SES177	-1.29803	2.85926	4.15729
BLOCK27/SES277/SA277S29	SES180	-1.64336	2.51394	4.15729
BLOCK27/SES277/SA277S29	SES202	-0.961295	3.196	4.15729
BLOCK27/SES277/SA277S29	SES292	-2.28042	1.87687	4.15729
BLOCK27/SES279/SA279S09	SES120	-1.21761	2.90914	4.12675
BLOCK27/SES279/SA279S09	SES146	-1.94408	2.18267	4.12675
BLOCK27/SES279/SA279S09	SES206	-1.11473	3.01202	4.12675
BLOCK27/SES279/SA279S09	SES226	-1.73682	2.38993	4.12675
BLOCK27/SES279/SA279S10	SES099	-0.452649	3.81362	4.26627
BLOCK27/SES279/SA279S10	SES206	-1.30735	2.95891	4.26627
BLOCK27/SES279/SA279S10	SES226	-1.8137	2.45256	4.26627
BLOCK27/SES279/SA279S10	SES292	-0.791523	3.47474	4.26627
BLOCK27/SES279/SA279S20	SES099	-1.01839	2.15917	3.17756
BLOCK27/SES279/SA279S20	SES206	-0.159557	3.018	3.17756
BLOCK27/SES279/SA279S20	SES226	-1.87755	1.30001	3.17756
BLOCK27/SES279/SA279S20	SES292	0.0357666	3.21332	3.17756
BLOCK27/SES279/SA279S26	SES099	-1.04165	2.54408	3.58573
BLOCK27/SES279/SA279S26	SES206	-0.639645	2.94608	3.58573
BLOCK27/SES279/SA279S26	SES226	-1.60066	1.98507	3.58573
BLOCK27/SES279/SA279S26	SES292	-0.326041	3.25969	3.58573
BLOCK27/SES279/SA279S28	SES099	-0.982596	4.83176	5.81436
BLOCK27/SES279/SA279S28	SES120	-0.899287	4.91507	5.81436
BLOCK27/SES279/SA279S28	SES177	-1.66007	4.15429	5.81436
BLOCK27/SES279/SA279S28	SES206	-0.790031	5.02433	5.81436
BLOCK29/SES290/SA290S12	SES162	-0.570828	5.67462	6.24545
BLOCK29/SES290/SA290S12	SES177	-0.446757	5.79869	6.24545
BLOCK29/SES290/SA290S12	SES180	-1.50858	4.73686	6.24545
BLOCK29/SES290/SA290S12	SES292	-1.8422	4.40325	6.24545
BLOCK29/SES290/SA290S13	SES007	-0.126885	4.77391	4.90079
BLOCK29/SES290/SA290S13	SES162	-1.805	3.0958	4.90079
BLOCK29/SES290/SA290S13	SES177	-0.680739	4.22005	4.90079
BLOCK29/SES290/SA290S13	SES180	-0.646688	4.2541	4.90079
BLOCK29/SES290/SA290S22	SES177	-0.728497	4.30827	5.03676
BLOCK29/SES290/SA290S22	SES180	-1.06118	3.97558	5.03676
BLOCK29/SES290/SA290S22	SES202	-1.33872	3.69804	5.03676
BLOCK29/SES290/SA290S22	SES292	-1.31146	3.7253	5.03676
BLOCK29/SES290/SA290S25	SES162	-0.740003	4.87388	5.61388
BLOCK29/SES290/SA290S25	SES177	-0.871146	4.74273	5.61388
BLOCK29/SES290/SA290S25	SES180	-1.05934	4.55454	5.61388
BLOCK29/SES290/SA290S25	SES292	-0.425208	5.18867	5.61388
BLOCK29/SES290/SA290S29	SES177	-0.206056	4.73665	4.9427
BLOCK29/SES290/SA290S29	SES180	-0.483536	4.45917	4.9427
BLOCK29/SES290/SA290S29	SES275	-0.733671	4.20903	4.9427
BLOCK29/SES290/SA290S29	SES292	-0.25121	4.69149	4.9427
BLOCK29/SES291/SA291S11	SES105	-2.55628	0.520631	3.07691
BLOCK29/SES291/SA291S11	SES125	-0.77069	2.30622	3.07691
BLOCK29/SES291/SA291S11	SES158	-0.586283	2.49063	3.07691
BLOCK29/SES291/SA291S11	SES275	-2.3052	0.771714	3.07691
BLOCK29/SES291/SA291S12	SES158	0.863378	4.2505	3.38713
BLOCK29/SES291/SA291S12	SES226	-0.713393	2.67373	3.38713
BLOCK29/SES291/SA291S12	SES270	1.18122	4.56835	3.38713
BLOCK29/SES291/SA291S12	SES275	-3.31622	0.0709022	3.38713
BLOCK29/SES291/SA291S22	SES082	-1.02447	2.50319	3.52766
BLOCK29/SES291/SA291S22	SES158	-0.750022	2.77763	3.52766
BLOCK29/SES291/SA291S22	SES259	-1.15316	2.3745	3.52766
BLOCK29/SES291/SA291S22	SES275	-1.98157	1.54609	3.52766
BLOCK29/SES291/SA291S24	SES104	-0.176449	4.53948	4.71593
BLOCK29/SES291/SA291S24	SES125	-0.345606	4.37032	4.71593
BLOCK29/SES291/SA291S24	SES158	-0.271757	4.44417	4.71593
BLOCK29/SES291/SA291S24	SES275	-2.78074	1.93519	4.71593
BLOCK29/SES291/SA291S27	SES158	-0.0648088	4.226	4.2908
BLOCK29/SES291/SA291S27	SES172	-3.36432	0.926486	4.2908
BLOCK29/SES291/SA291S27	SES275	-2.89881	1.392	4.2908
BLOCK29/SES291/SA291S27	SES292	-1.07011	3.2207	4.2908
