BLOCK00/SES002/SA002S12	SES002	0.498787	-7.81271	-8.31149
BLOCK00/SES002/SA002S13	SES002	1.56115	-7.55274	-9.1139
BLOCK00/SES002/SA002S23	SES002	0.70198	-7.68835	-8.39033
BLOCK00/SES002/SA002S26	SES002	0.330781	-9.06115	-9.39194
BLOCK00/SES002/SA002S28	SES002	0.612113	-7.8263	-8.43841
BLOCK00/SES007/SA007S14	SES007	0.821174	-6.32607	-7.14725
BLOCK00/SES007/SA007S15	SES007	0.35359	-7.24876	-7.60235
BLOCK00/SES007/SA007S24	SES007	0.664466	-6.69698	-7.36145
BLOCK00/SES007/SA007S27	SES007	0.453755	-8.04672	-8.50048
BLOCK00/SES007/SA007S29	SES007	0.45971	-6.85113	-7.31084
BLOCK00/SES008/SA008S11	SES008	1.30609	-6.24327	-7.54936
BLOCK00/SES008/SA008S12	SES008	0.390237	-7.08917	-7.47941
BLOCK00/SES008/SA008S19	SES008	1.16033	-6.67336	-7.83369
BLOCK00/SES008/SA008S22	SES008	0.679629	-7.36028	-8.03991
BLOCK00/SES008/SA008S29	SES008	1.07037	-6.39958	-7.46995
BLOCK01/SES014/SA014S10	SES014	1.084	-7.04871	-8.13271
BLOCK01/SES014/SA014S12	SES014	1.33866	-6.57386	-7.91252
BLOCK01/SES014/SA014S24	SES014	1.37206	-7.24959	-8.62166
BLOCK01/SES014/SA014S26	SES014	1.71702	-6.15199	-7.869
BLOCK01/SES014/SA014S28	SES014	2.26939	-5.58753	-7.85692
BLOCK01/SES016/SA016S12	SES016	1.08412	-8.59747	-9.68158
BLOCK01/SES016/SA016S13	SES016	0.628502	-7.13122	-7.75972
BLOCK01/SES016/SA016S22	SES016	1.0759	-6.55435	-7.63025
BLOCK01/SES016/SA016S25	SES016	1.24602	-5.37342	-6.61944
BLOCK01/SES016/SA016S27	SES016	1.29624	-6.49308	-7.78933
BLOCK01/SES019/SA019S13	SES019	3.33718	-6.07246	-9.40964
BLOCK01/SES019/SA019S14	SES019	1.44749	-7.95391	-9.4014
BLOCK01/SES019/SA019S22	SES019	2.52551	-6.38744	-8.91295
BLOCK01/SES019/SA019S25	SES019	2.4013	-6.71136	-9.11266
BLOCK01/SES019/SA019S29	SES019	3.9854	-6.39329	-10.3787
BLOCK02/SES029/SA029S11	SES029	0.686916	-6.09952	-6.78644
BLOCK02/SES029/SA029S12	SES029	0.16437	-6.79496	-6.95933
BLOCK02/SES029/SA029S20	SES029	0.32135	-6.49517	-6.81652
BLOCK02/SES029/SA029S25	SES029	0.158684	-7.35309	-7.51177
BLOCK02/SES029/SA029S28	SES029	0.196265	-6.9177	-7.11396
BLOCK04/SES042/SA042S12	SES042	1.1347	-6.62182	-7.75652
BLOCK04/SES042/SA042S15	SES042	1.30192	-5.99175	-7.29368
BLOCK04/SES042/SA042S22	SES042	2.41237	-7.0645	-9.47687
BLOCK04/SES042/SA042S25	SES042	1.32499	-8.27065	-9.59565
BLOCK04/SES042/SA042S27	SES042	2.09877	-6.9348	-9.03357
BLOCK04/SES048/SA048S11	SES048	0.689029	-6.15889	-6.84792
BLOCK04/SES048/SA048S12	SES048	0.565018	-7.509	-8.07402
BLOCK04/SES048/SA048S20	SES048	0.608306	-6.36081	-6.96912
BLOCK04/SES048/SA048S23	SES048	0.706721	-6.86669	-7.57341
BLOCK04/SES048/SA048S27	SES048	-0.139866	-7.72516	-7.5853
BLOCK06/SES060/SA060S11	SES060	1.23667	-6.67711	-7.91378
BLOCK06/SES060/SA060S12	SES060	0.612648	-7.80584	-8.41849
BLOCK06/SES060/SA060S22	SES060	-1.02674	-9.32656	-8.29983
BLOCK06/SES060/SA060S24	SES060	1.06927	-5.74955	-6.81882
BLOCK06/SES060/SA060S28	SES060	0.529374	-6.03641	-6.56579
BLOCK06/SES062/SA062S10	SES062	-0.0395923	-7.22209	-7.1825
BLOCK06/SES062/SA062S11	SES062	0.0140162	-8.23039	-8.24441
BLOCK06/SES062/SA062S21	SES062	0.82797	-5.47587	-6.30384
BLOCK06/SES062/SA062S26	SES062	0.228315	-7.33047	-7.55878
BLOCK06/SES062/SA062S29	SES062	0.586747	-6.4471	-7.03385
BLOCK06/SES068/SA068S14	SES068	0.412745	-7.40554	-7.81829
BLOCK06/SES068/SA068S15	SES068	0.786013	-7.04871	-7.83472
BLOCK06/SES068/SA068S23	SES068	0.290444	-7.36615	-7.65659
BLOCK06/SES068/SA068S27	SES068	1.36264	-6.32304	-7.68568
BLOCK06/SES068/SA068S29	SES068	0.46913	-7.31211	-7.78124
BLOCK08/SES082/SA082S12	SES082	-0.044302	-8.51092	-8.46662
BLOCK08/SES082/SA082S14	SES082	0.250208	-8.20215	-8.45236
BLOCK08/SES082/SA082S21	SES082	0.480968	-7.1937	-7.67467
BLOCK08/SES082/SA082S24	SES082	0.214073	-7.93409	-8.14816
BLOCK08/SES082/SA082S28	SES082	0.587267	-7.54805	-8.13532
BLOCK08/SES083/SA083S14	SES083	-0.0273385	-7.19574	-7.16841
BLOCK08/SES083/SA083S15	SES083	0.733183	-6.79792	-7.5311
BLOCK08/SES083/SA083S24	SES083	0.465737	-7.22479	-7.69052
BLOCK08/SES083/SA083S26	SES083	0.69156	-7.91508	-8.60664
BLOCK08/SES083/SA083S29	SES083	0.237042	-7.80177	-8.03881
BLOCK08/SES085/SA085S10	SES085	1.11494	-5.95601	-7.07094
BLOCK08/SES085/SA085S13	SES085	-0.141023	-8.06744	-7.92641
BLOCK08/SES085/SA085S22	SES085	0.593106	-6.83017	-7.42327
BLOCK08/SES085/SA085S26	SES085	0.0146127	-7.74546	-7.76007
BLOCK08/SES085/SA085S28	SES085	0.463139	-7.17452	-7.63766
BLOCK08/SES087/SA087S15	SES087	0.84808	-7.68481	-8.53289
BLOCK08/SES087/SA087S16	SES087	1.23475	-7.45929	-8.69405
BLOCK08/SES087/SA087S24	SES087	1.55737	-7.3111	-8.86847
BLOCK08/SES087/SA087S26	SES087	1.22848	-6.45953	-7.68801
BLOCK08/SES087/SA087S29	SES087	1.33983	-6.36039	-7.70022
BLOCK09/SES099/SA099S15	SES099	1.09312	-7.91994	-9.01307
BLOCK09/SES099/SA099S16	SES099	1.14628	-7.10836	-8.25465
BLOCK09/SES099/SA099S24	SES099	1.14803	-7.40005	-8.54808
BLOCK09/SES099/SA099S26	SES099	1.29279	-7.02504	-8.31783
BLOCK09/SES099/SA099S29	SES099	0.671138	-7.91016	-8.5813
BLOCK10/SES101/SA101S11	SES101	0.285333	-6.5934	-6.87873
BLOCK10/SES101/SA101S13	SES101	0.789218	-5.53044	-6.31965
BLOCK10/SES101/SA101S22	SES101	0.513367	-7.869	-8.38237
BLOCK10/SES101/SA101S24	SES101	0.759481	-6.6768	-7.43628
BLOCK10/SES101/SA101S28	SES101	0.494712	-7.19074	-7.68545
BLOCK10/SES104/SA104S11	SES104	0.845644	-6.64995	-7.4956
BLOCK10/SES104/SA104S12	SES104	0.707024	-7.42979	-8.13682
BLOCK10/SES104/SA104S21	SES104	0.356716	-7.87321	-8.22992
BLOCK10/SES104/SA104S24	SES104	0.379279	-7.96172	-8.341
BLOCK10/SES104/SA104S28	SES104	1.06559	-7.15591	-8.2215
BLOCK10/SES105/SA105S12	SES105	0.91555	-7.62563	-8.54118
BLOCK10/SES105/SA105S13	SES105	0.383618	-7.31376	-7.69738
BLOCK10/SES105/SA105S22	SES105	0.657451	-8.11832	-8.77577
BLOCK10/SES105/SA105S26	SES105	0.570537	-7.9639	-8.53443
BLOCK10/SES105/SA105S29	SES105	0.987962	-6.30916	-7.29713
BLOCK10/SES106/SA106S09	SES106	1.20795	-7.73491	-8.94286
BLOCK10/SES106/SA106S11	SES106	1.30853	-6.631	-7.93953
BLOCK10/SES106/SA106S22	SES106	1.90215	-7.51847	-9.42062
BLOCK10/SES106/SA106S27	SES106	1.09319	-6.90553	-7.99872
BLOCK10/SES106/SA106S29	SES106	0.816969	-6.50144	-7.31841
BLOCK11/SES117/SA117S12	SES117	0.769507	-7.49422	-8.26372
BLOCK11/SES117/SA117S13	SES117	0.0781393	-8.05278	-8.13092
BLOCK11/SES117/SA117S23	SES117	1.0061	-8.27195	-9.27806
BLOCK11/SES117/SA117S25	SES117	0.71278	-7.66932	-8.3821
BLOCK11/SES117/SA117S28	SES117	0.964628	-7.47683	-8.44146
BLOCK12/SES120/SA120S08	SES120	0.556639	-7.58888	-8.14551
BLOCK12/SES120/SA120S11	SES120	1.06445	-10.1779	-11.2424
BLOCK12/SES120/SA120S22	SES120	0.400176	-6.97686	-7.37703
BLOCK12/SES120/SA120S24	SES120	0.35584	-7.97994	-8.33578
BLOCK12/SES120/SA120S28	SES120	-0.0189171	-8.12029	-8.10137
BLOCK12/SES125/SA125S13	SES125	0.993796	-7.16903	-8.16283
BLOCK12/SES125/SA125S14	SES125	0.902597	-7.57708	-8.47968
BLOCK12/SES125/SA125S25	SES125	1.27131	-7.46665	-8.73796
BLOCK12/SES125/SA125S27	SES125	0.963198	-6.67247	-7.63567
BLOCK12/SES125/SA125S29	SES125	0.613946	-7.13887	-7.75282
BLOCK12/SES127/SA127S11	SES127	0.0941591	-7.6868	-7.78096
BLOCK12/SES127/SA127S12	SES127	0.472258	-5.92046	-6.39272
BLOCK12/SES127/SA127S23	SES127	0.407092	-6.57603	-6.98312
BLOCK12/SES127/SA127S25	SES127	0.438024	-6.58723	-7.02525
BLOCK12/SES127/SA127S27	SES127	0.785556	-6.57101	-7.35656
BLOCK12/SES129/SA129S11	SES129	1.1036	-5.96545	-7.06906
BLOCK12/SES129/SA129S12	SES129	0.685184	-5.98924	-6.67442
BLOCK12/SES129/SA129S22	SES129	1.3303	-6.55095	-7.88125
BLOCK12/SES129/SA129S27	SES129	0.988714	-6.68445	-7.67316
BLOCK12/SES129/SA129S29	SES129	0.486296	-8.00871	-8.495
BLOCK14/SES142/SA142S11	SES142	1.25348	-6.20462	-7.45809
BLOCK14/SES142/SA142S12	SES142	0.611901	-7.10005	-7.71195
BLOCK14/SES142/SA142S24	SES142	0.865195	-6.56835	-7.43355
BLOCK14/SES142/SA142S27	SES142	0.985226	-6.40503	-7.39025
BLOCK14/SES142/SA142S29	SES142	1.195	-6.04375	-7.23876
BLOCK14/SES143/SA143S12	SES143	0.889428	-6.83406	-7.72349
BLOCK14/SES143/SA143S13	SES143	0.78261	-7.07935	-7.86196
BLOCK14/SES143/SA143S23	SES143	0.149723	-7.24734	-7.39706
BLOCK14/SES143/SA143S25	SES143	0.528162	-7.53946	-8.06762
BLOCK14/SES143/SA143S28	SES143	0.367134	-7.35865	-7.72578
BLOCK14/SES144/SA144S09	SES144	0.258051	-7.3039	-7.56195
BLOCK14/SES144/SA144S11	SES144	0.0473638	-7.15979	-7.20716
BLOCK14/SES144/SA144S21	SES144	-0.254654	-8.06628	-7.81162
BLOCK14/SES144/SA144S25	SES144	0.592424	-7.50741	-8.09983
BLOCK14/SES144/SA144S29	SES144	-0.334579	-8.38691	-8.05233
BLOCK14/SES146/SA146S14	SES146	0.410972	-7.84854	-8.25951
BLOCK14/SES146/SA146S15	SES146	0.277709	-7.79454	-8.07225
BLOCK14/SES146/SA146S24	SES146	0.602985	-7.36669	-7.96967
BLOCK14/SES146/SA146S26	SES146	0.877317	-7.29644	-8.17376
BLOCK14/SES146/SA146S29	SES146	0.579706	-7.85805	-8.43775
BLOCK14/SES147/SA147S11	SES147	0.391473	-7.4317	-7.82317
BLOCK14/SES147/SA147S13	SES147	0.609007	-6.33859	-6.9476
BLOCK14/SES147/SA147S23	SES147	0.660988	-7.12144	-7.78243
BLOCK14/SES147/SA147S26	SES147	1.05054	-6.96139	-8.01193
BLOCK14/SES147/SA147S28	SES147	1.25578	-6.40634	-7.66212
BLOCK14/SES148/SA148S10	SES148	0.476726	-6.34859	-6.82532
BLOCK14/SES148/SA148S12	SES148	-0.0219026	-7.79337	-7.77147
BLOCK14/SES148/SA148S22	SES148	0.649528	-6.53873	-7.18826
BLOCK14/SES148/SA148S26	SES148	0.195913	-6.28971	-6.48563
BLOCK14/SES148/SA148S29	SES148	0.313226	-7.464	-7.77723
BLOCK14/SES149/SA149S13	SES149	0.381532	-6.91715	-7.29868
BLOCK14/SES149/SA149S14	SES149	0.134221	-6.45534	-6.58956
BLOCK14/SES149/SA149S24	SES149	0.765788	-6.84103	-7.60682
BLOCK14/SES149/SA149S26	SES149	0.749781	-6.03036	-6.78014
BLOCK14/SES149/SA149S28	SES149	1.44255	-5.28522	-6.72777
BLOCK15/SES158/SA158S13	SES158	1.18407	-6.96574	-8.14981
BLOCK15/SES158/SA158S14	SES158	0.822267	-8.0416	-8.86387
BLOCK15/SES158/SA158S23	SES158	1.06161	-6.25082	-7.31242
BLOCK15/SES158/SA158S26	SES158	1.64223	-7.22136	-8.86358
BLOCK15/SES158/SA158S28	SES158	0.774186	-7.70854	-8.48273
BLOCK16/SES162/SA162S10	SES162	0.285104	-8.2152	-8.50031
BLOCK16/SES162/SA162S11	SES162	0.646904	-6.43418	-7.08108
BLOCK16/SES162/SA162S21	SES162	0.90659	-6.7653	-7.67189
BLOCK16/SES162/SA162S24	SES162	0.88206	-6.95954	-7.8416
BLOCK16/SES162/SA162S27	SES162	1.11583	-7.814	-8.92983
BLOCK16/SES167/SA167S14	SES167	0.982292	-6.29437	-7.27666
BLOCK16/SES167/SA167S15	SES167	1.50192	-5.99097	-7.49289
BLOCK16/SES167/SA167S21	SES167	1.33705	-6.08124	-7.41828
BLOCK16/SES167/SA167S25	SES167	1.97949	-6.16569	-8.14518
BLOCK16/SES167/SA167S29	SES167	1.9949	-5.55239	-7.54729
BLOCK17/SES172/SA172S12	SES172	1.26651	-7.62522	-8.89173
BLOCK17/SES172/SA172S13	SES172	1.23682	-7.51504	-8.75186
BLOCK17/SES172/SA172S23	SES172	0.828961	-6.76598	-7.59495
BLOCK17/SES172/SA172S27	SES172	0.71111	-8.2775	-8.98861
BLOCK17/SES172/SA172S29	SES172	1.38631	-6.87889	-8.26519
BLOCK17/SES175/SA175S11	SES175	0.398196	-7.62539	-8.02359
BLOCK17/SES175/SA175S13	SES175	0.724397	-5.28716	-6.01156
BLOCK17/SES175/SA175S23	SES175	0.683039	-6.21736	-6.90039
BLOCK17/SES175/SA175S25	SES175	0.109999	-8.06587	-8.17587
BLOCK17/SES175/SA175S28	SES175	0.337706	-6.72079	-7.05849
BLOCK17/SES177/SA177S15	SES177	0.664145	-7.99136	-8.6555
BLOCK17/SES177/SA177S17	SES177	0.428468	-7.79692	-8.22539
BLOCK17/SES177/SA177S23	SES177	0.67599	-7.76174	-8.43773
BLOCK17/SES177/SA177S26	SES177	0.897103	-5.77748	-6.67459
BLOCK17/SES177/SA177S28	SES177	0.941671	-7.50833	-8.45
BLOCK18/SES180/SA180S13	SES180	0.261984	-8.24795	-8.50994
BLOCK18/SES180/SA180S15	SES180	0.25915	-7.19141	-7.45056
BLOCK18/SES180/SA180S24	SES180	0.50813	-6.34168	-6.84981
BLOCK18/SES180/SA180S26	SES180	0.394805	-6.62646	-7.02127
BLOCK18/SES180/SA180S29	SES180	-0.00995636	-8.03962	-8.02966
BLOCK18/SES183/SA183S13	SES183	0.850004	-6.94415	-7.79416
BLOCK18/SES183/SA183S14	SES183	-0.194753	-7.49679	-7.30204
BLOCK18/SES183/SA183S24	SES183	1.10074	-7.47677	-8.57751
BLOCK18/SES183/SA183S27	SES183	1.24046	-7.67463	-8.9151
BLOCK18/SES183/SA183S29	SES183	1.07496	-6.8592	-7.93416
BLOCK18/SES187/SA187S13	SES187	0.56405	-8.41509	-8.97914
BLOCK18/SES187/SA187S14	SES187	0.481143	-8.35483	-8.83597
BLOCK18/SES187/SA187S24	SES187	1.09114	-7.70156	-8.7927
BLOCK18/SES187/SA187S27	SES187	0.606073	-8.00085	-8.60692
BLOCK18/SES187/SA187S29	SES187	0.588366	-8.76057	-9.34893
BLOCK18/SES189/SA189S10	SES189	1.12456	-7.6834	-8.80796
BLOCK18/SES189/SA189S13	SES189	1.11386	-8.58199	-9.69585
BLOCK18/SES189/SA189S24	SES189	0.98404	-6.86957	-7.85361
BLOCK18/SES189/SA189S26	SES189	1.07621	-7.03352	-8.10972
BLOCK18/SES189/SA189S29	SES189	1.18768	-6.84959	-8.03727
BLOCK20/SES202/SA202S12	SES202	0.902629	-7.09194	-7.99457
BLOCK20/SES202/SA202S14	SES202	0.785621	-7.15333	-7.93895
BLOCK20/SES202/SA202S24	SES202	0.272422	-8.12489	-8.39731
BLOCK20/SES202/SA202S27	SES202	0.762392	-6.76769	-7.53008
BLOCK20/SES202/SA202S29	SES202	0.468076	-7.02183	-7.48991
BLOCK20/SES206/SA206S15	SES206	-0.0934944	-7.26488	-7.17139
BLOCK20/SES206/SA206S17	SES206	0.696523	-7.50207	-8.19859
BLOCK20/SES206/SA206S24	SES206	1.56195	-6.00265	-7.56459
BLOCK20/SES206/SA206S27	SES206	1.37762	-7.58834	-8.96596
BLOCK20/SES206/SA206S29	SES206	1.61688	-6.21274	-7.82961
BLOCK22/SES226/SA226S12	SES226	1.3175	-7.4077	-8.7252
BLOCK22/SES226/SA226S13	SES226	0.576319	-8.18411	-8.76043
BLOCK22/SES226/SA226S20	SES226	1.12656	-7.29804	-8.42461
BLOCK22/SES226/SA226S23	SES226	1.00639	-6.83557	-7.84196
BLOCK22/SES226/SA226S28	SES226	1.43147	-6.55176	-7.98322
BLOCK25/SES259/SA259S13	SES259	2.17815	-6.34084	-8.51899
BLOCK25/SES259/SA259S14	SES259	1.2915	-6.71713	-8.00863
BLOCK25/SES259/SA259S22	SES259	1.45363	-6.37836	-7.83199
BLOCK25/SES259/SA259S24	SES259	1.03129	-7.08972	-8.12101
BLOCK25/SES259/SA259S28	SES259	1.02277	-6.86718	-7.88995
BLOCK27/SES270/SA270S14	SES270	2.06534	-7.31525	-9.38059
BLOCK27/SES270/SA270S16	SES270	0.515014	-7.16526	-7.68027
BLOCK27/SES270/SA270S22	SES270	2.70997	-6.29564	-9.00561
BLOCK27/SES270/SA270S26	SES270	1.33252	-7.19091	-8.52343
BLOCK27/SES270/SA270S28	SES270	1.40997	-6.86016	-8.27013
BLOCK27/SES275/SA275S17	SES275	0.715427	-6.92363	-7.63905
BLOCK27/SES275/SA275S18	SES275	0.100095	-7.29792	-7.39801
BLOCK27/SES275/SA275S24	SES275	0.57706	-7.48941	-8.06647
BLOCK27/SES275/SA275S26	SES275	0.814734	-6.8891	-7.70384
BLOCK27/SES275/SA275S28	SES275	0.550495	-7.3065	-7.85699
BLOCK29/SES292/SA292S10	SES292	-0.278166	-7.09209	-6.81392
BLOCK29/SES292/SA292S12	SES292	0.323156	-8.23344	-8.55659
BLOCK29/SES292/SA292S22	SES292	0.185943	-7.74844	-7.93438
BLOCK29/SES292/SA292S24	SES292	0.152659	-7.46096	-7.61362
BLOCK29/SES292/SA292S27	SES292	0.0411658	-7.38447	-7.42564
BLOCK00/SES001/SA001S14	SES062	-1.51416	-9.81067	-8.29651
BLOCK00/SES001/SA001S14	SES082	-0.476373	-8.77289	-8.29651
BLOCK00/SES001/SA001S14	SES106	-1.04992	-9.34643	-8.29651
BLOCK00/SES001/SA001S14	SES206	-1.35231	-9.64883	-8.29651
BLOCK00/SES001/SA001S15	SES062	-1.01506	-8.40413	-7.38907
BLOCK00/SES001/SA001S15	SES104	-1.03504	-8.42411	-7.38907
BLOCK00/SES001/SA001S15	SES106	-1.42239	-8.81145	-7.38907
BLOCK00/SES001/SA001S15	SES206	-1.75726	-9.14633	-7.38907
BLOCK00/SES001/SA001S24	SES062	0.0850973	-8.04217	-8.12727
BLOCK00/SES001/SA001S24	SES082	-0.197653	-8.32492	-8.12727
BLOCK00/SES001/SA001S24	SES087	-0.0740881	-8.20135	-8.12727
BLOCK00/SES001/SA001S24	SES206	0.429254	-7.69801	-8.12727
BLOCK00/SES001/SA001S27	SES062	-0.478808	-6.70783	-6.22902
BLOCK00/SES001/SA001S27	SES082	-0.361789	-6.59081	-6.22902
BLOCK00/SES001/SA001S27	SES087	-0.215689	-6.44471	-6.22902
BLOCK00/SES001/SA001S27	SES206	-0.970236	-7.19926	-6.22902
BLOCK00/SES001/SA001S29	SES062	-1.48859	-9.22828	-7.73969
BLOCK00/SES001/SA001S29	SES082	-0.709553	-8.44924	-7.73969
BLOCK00/SES001/SA001S29	SES158	-0.896136	-8.63583	-7.73969
BLOCK00/SES001/SA001S29	SES206	-0.974624	-8.71431	-7.73969
BLOCK00/SES003/SA003S11	SES002	0.0491886	-8.31127	-8.36046
BLOCK00/SES003/SA003S11	SES019	-1.22003	-9.58049	-8.36046
BLOCK00/SES003/SA003S11	SES082	-0.031846	-8.39231	-8.36046
BLOCK00/SES003/SA003S11	SES125	-0.365794	-8.72625	-8.36046
BLOCK00/SES003/SA003S15	SES016	-1.03418	-8.37119	-7.33701
BLOCK00/SES003/SA003S15	SES019	-3.25335	-10.5904	-7.33701
BLOCK00/SES003/SA003S15	SES062	0.353732	-6.98328	-7.33701
BLOCK00/SES003/SA003S15	SES206	-0.295621	-7.63263	-7.33701
BLOCK00/SES003/SA003S22	SES002	-0.537959	-8.05246	-7.5145
BLOCK00/SES003/SA003S22	SES062	-0.0390973	-7.5536	-7.5145
BLOCK00/SES003/SA003S22	SES082	-0.535362	-8.04987	-7.5145
BLOCK00/SES003/SA003S22	SES087	-0.501949	-8.01645	-7.5145
BLOCK00/SES003/SA003S25	SES062	-1.70292	-10.6544	-8.95145
BLOCK00/SES003/SA003S25	SES082	-1.42668	-10.3781	-8.95145
BLOCK00/SES003/SA003S25	SES087	-1.07599	-10.0274	-8.95145
BLOCK00/SES003/SA003S25	SES206	-0.771679	-9.72313	-8.95145
BLOCK00/SES003/SA003S29	SES002	-0.926043	-9.17619	-8.25014
BLOCK00/SES003/SA003S29	SES062	-1.63481	-9.88495	-8.25014
BLOCK00/SES003/SA003S29	SES082	-1.12592	-9.37606	-8.25014
BLOCK00/SES003/SA003S29	SES087	-1.47529	-9.72543	-8.25014
BLOCK00/SES004/SA004S12	SES083	-0.630136	-7.71846	-7.08832
BLOCK00/SES004/SA004S12	SES148	-0.527893	-7.61621	-7.08832
BLOCK00/SES004/SA004S12	SES172	0.0930476	-6.99527	-7.08832
BLOCK00/SES004/SA004S12	SES292	-0.961973	-8.05029	-7.08832
BLOCK00/SES004/SA004S17	SES083	-0.736984	-8.13732	-7.40033
BLOCK00/SES004/SA004S17	SES162	-0.639294	-8.03963	-7.40033
BLOCK00/SES004/SA004S17	SES172	-0.293023	-7.69336	-7.40033
BLOCK00/SES004/SA004S17	SES292	-1.16376	-8.5641	-7.40033
BLOCK00/SES004/SA004S24	SES083	-0.741445	-7.87004	-7.12859
BLOCK00/SES004/SA004S24	SES148	-0.94988	-8.07847	-7.12859
BLOCK00/SES004/SA004S24	SES172	0.0195203	-7.10907	-7.12859
BLOCK00/SES004/SA004S24	SES292	-0.498378	-7.62697	-7.12859
BLOCK00/SES004/SA004S26	SES083	-1.14195	-8.97363	-7.83168
BLOCK00/SES004/SA004S26	SES127	-0.267936	-8.09962	-7.83168
BLOCK00/SES004/SA004S26	SES148	-1.86417	-9.69585	-7.83168
BLOCK00/SES004/SA004S26	SES292	-1.33267	-9.16435	-7.83168
BLOCK00/SES004/SA004S28	SES083	-0.921966	-7.91319	-6.99123
BLOCK00/SES004/SA004S28	SES127	0.100657	-6.89057	-6.99123
BLOCK00/SES004/SA004S28	SES187	-0.0496163	-7.04084	-6.99123
BLOCK00/SES004/SA004S28	SES292	-1.4129	-8.40413	-6.99123
BLOCK00/SES006/SA006S10	SES014	-0.856274	-10.4229	-9.5666
BLOCK00/SES006/SA006S10	SES158	-0.936844	-10.5034	-9.5666
BLOCK00/SES006/SA006S10	SES226	-1.61048	-11.1771	-9.5666
BLOCK00/SES006/SA006S10	SES270	0.337125	-9.22948	-9.5666
BLOCK00/SES006/SA006S11	SES158	-1.23093	-10.4139	-9.18297
BLOCK00/SES006/SA006S11	SES226	-0.804491	-9.98746	-9.18297
BLOCK00/SES006/SA006S11	SES270	0.314069	-8.8689	-9.18297
BLOCK00/SES006/SA006S11	SES275	-1.3626	-10.5456	-9.18297
BLOCK00/SES006/SA006S23	SES062	-3.04658	-12.08	-9.03346
BLOCK00/SES006/SA006S23	SES105	-2.82916	-11.8626	-9.03346
BLOCK00/SES006/SA006S23	SES158	-1.17315	-10.2066	-9.03346
BLOCK00/SES006/SA006S23	SES275	-2.2558	-11.2893	-9.03346
BLOCK00/SES006/SA006S26	SES104	-2.25988	-11.5064	-9.24649
BLOCK00/SES006/SA006S26	SES158	-1.55161	-10.7981	-9.24649
BLOCK00/SES006/SA006S26	SES270	0.0337849	-9.21271	-9.24649
BLOCK00/SES006/SA006S26	SES275	-1.55362	-10.8001	-9.24649
BLOCK00/SES006/SA006S28	SES007	-1.82759	-11.295	-9.4674
BLOCK00/SES006/SA006S28	SES105	-2.33493	-11.8023	-9.4674
BLOCK00/SES006/SA006S28	SES158	-1.11033	-10.5777	-9.4674
BLOCK00/SES006/SA006S28	SES275	-2.07652	-11.5439	-9.4674
BLOCK00/SES009/SA009S12	SES083	-1.96829	-9.82857	-7.86028
BLOCK00/SES009/SA009S12	SES148	-1.65561	-9.51589	-7.86028
BLOCK00/SES009/SA009S12	SES177	-0.316376	-8.17666	-7.86028
BLOCK00/SES009/SA009S12	SES292	-0.44743	-8.30771	-7.86028
BLOCK00/SES009/SA009S15	SES007	0.177009	-7.12977	-7.30678
BLOCK00/SES009/SA009S15	SES099	-2.86086	-10.1676	-7.30678
BLOCK00/SES009/SA009S15	SES148	-1.10784	-8.41461	-7.30678
BLOCK00/SES009/SA009S15	SES172	-0.495492	-7.80227	-7.30678
BLOCK00/SES009/SA009S24	SES146	-0.0853319	-7.94253	-7.8572
BLOCK00/SES009/SA009S24	SES148	-1.87174	-9.72893	-7.8572
BLOCK00/SES009/SA009S24	SES177	-0.211677	-8.06888	-7.8572
BLOCK00/SES009/SA009S24	SES292	-0.802368	-8.65957	-7.8572
BLOCK00/SES009/SA009S26	SES083	-1.77286	-9.52144	-7.74858
BLOCK00/SES009/SA009S26	SES101	-1.67748	-9.42606	-7.74858
BLOCK00/SES009/SA009S26	SES120	-0.296063	-8.04464	-7.74858
BLOCK00/SES009/SA009S26	SES177	-0.691932	-8.44051	-7.74858
BLOCK00/SES009/SA009S29	SES083	-1.50084	-9.18586	-7.68502
BLOCK00/SES009/SA009S29	SES101	-0.988827	-8.67385	-7.68502
BLOCK00/SES009/SA009S29	SES177	-0.270554	-7.95558	-7.68502
BLOCK00/SES009/SA009S29	SES292	-1.01434	-8.69937	-7.68502
BLOCK01/SES011/SA011S10	SES019	-3.47793	-12.7228	-9.24482
BLOCK01/SES011/SA011S10	SES042	1.23328	-8.01154	-9.24482
BLOCK01/SES011/SA011S10	SES082	-0.48544	-9.73026	-9.24482
BLOCK01/SES011/SA011S10	SES206	0.273557	-8.97127	-9.24482
BLOCK01/SES011/SA011S11	SES019	-2.43396	-11.201	-8.76705
BLOCK01/SES011/SA011S11	SES042	0.788252	-7.9788	-8.76705
BLOCK01/SES011/SA011S11	SES082	-0.52914	-9.29619	-8.76705
BLOCK01/SES011/SA011S11	SES206	-0.159985	-8.92704	-8.76705
BLOCK01/SES011/SA011S22	SES019	-2.29298	-11.1042	-8.81127
BLOCK01/SES011/SA011S22	SES042	0.64257	-8.1687	-8.81127
BLOCK01/SES011/SA011S22	SES082	-0.876382	-9.68765	-8.81127
BLOCK01/SES011/SA011S22	SES206	-0.64332	-9.45459	-8.81127
BLOCK01/SES011/SA011S24	SES019	-2.42356	-10.7197	-8.29614
BLOCK01/SES011/SA011S24	SES042	1.36855	-6.9276	-8.29614
BLOCK01/SES011/SA011S24	SES104	0.150768	-8.14538	-8.29614
BLOCK01/SES011/SA011S24	SES206	-0.164032	-8.46018	-8.29614
BLOCK01/SES011/SA011S27	SES082	0.0175591	-8.08832	-8.10588
BLOCK01/SES011/SA011S27	SES087	-1.39674	-9.50261	-8.10588
BLOCK01/SES011/SA011S27	SES125	0.0821009	-8.02378	-8.10588
BLOCK01/SES011/SA011S27	SES206	-0.173039	-8.27892	-8.10588
BLOCK01/SES012/SA012S11	SES007	0.248284	-7.00761	-7.25589
BLOCK01/SES012/SA012S11	SES082	0.382079	-6.87382	-7.25589
BLOCK01/SES012/SA012S11	SES083	-0.902478	-8.15837	-7.25589
BLOCK01/SES012/SA012S11	SES206	-0.288239	-7.54413	-7.25589
BLOCK01/SES012/SA012S14	SES082	0.168988	-8.51318	-8.68217
BLOCK01/SES012/SA012S14	SES087	-0.483951	-9.16612	-8.68217
BLOCK01/SES012/SA012S14	SES206	0.310493	-8.37167	-8.68217
BLOCK01/SES012/SA012S14	SES292	-0.136299	-8.81847	-8.68217
BLOCK01/SES012/SA012S24	SES082	-0.313722	-9.27638	-8.96266
BLOCK01/SES012/SA012S24	SES087	-1.14316	-10.1058	-8.96266
BLOCK01/SES012/SA012S24	SES120	-0.947551	-9.91021	-8.96266
BLOCK01/SES012/SA012S24	SES206	-0.306795	-9.26945	-8.96266
BLOCK01/SES012/SA012S26	SES019	-5.62943	-14.8519	-9.22251
BLOCK01/SES012/SA012S26	SES082	-1.00254	-10.2251	-9.22251
BLOCK01/SES012/SA012S26	SES206	1.04313	-8.17938	-9.22251
BLOCK01/SES012/SA012S26	SES292	0.548017	-8.6745	-9.22251
BLOCK01/SES012/SA012S29	SES062	-0.586305	-7.57604	-6.98974
BLOCK01/SES012/SA012S29	SES082	0.510867	-6.47887	-6.98974
BLOCK01/SES012/SA012S29	SES083	-1.22098	-8.21072	-6.98974
BLOCK01/SES012/SA012S29	SES206	0.349391	-6.64035	-6.98974
BLOCK01/SES013/SA013S16	SES062	-2.59664	-12.1045	-9.50782
BLOCK01/SES013/SA013S16	SES106	-0.0108976	-9.51872	-9.50782
BLOCK01/SES013/SA013S16	SES206	-0.293515	-9.80134	-9.50782
BLOCK01/SES013/SA013S16	SES226	-0.141135	-9.64896	-9.50782
BLOCK01/SES013/SA013S17	SES062	-1.25852	-9.30149	-8.04297
BLOCK01/SES013/SA013S17	SES106	-1.28293	-9.3259	-8.04297
BLOCK01/SES013/SA013S17	SES206	-0.163893	-8.20686	-8.04297
BLOCK01/SES013/SA013S17	SES226	-0.482954	-8.52592	-8.04297
BLOCK01/SES013/SA013S23	SES104	0.0301867	-9.60331	-9.63349
BLOCK01/SES013/SA013S23	SES106	0.524477	-9.10902	-9.63349
BLOCK01/SES013/SA013S23	SES206	-0.965343	-10.5988	-9.63349
BLOCK01/SES013/SA013S23	SES270	-0.0298891	-9.66338	-9.63349
BLOCK01/SES013/SA013S25	SES042	-1.86107	-10.4549	-8.5938
BLOCK01/SES013/SA013S25	SES104	-0.205938	-8.79973	-8.5938
BLOCK01/SES013/SA013S25	SES106	0.32074	-8.27306	-8.5938
BLOCK01/SES013/SA013S25	SES206	-1.05729	-9.65109	-8.5938
BLOCK01/SES013/SA013S29	SES062	-2.19703	-11.1231	-8.92603
BLOCK01/SES013/SA013S29	SES104	-0.825741	-9.75177	-8.92603
BLOCK01/SES013/SA013S29	SES106	0.0261946	-8.89983	-8.92603
BLOCK01/SES013/SA013S29	SES206	-1.52991	-10.4559	-8.92603
BLOCK02/SES021/SA021S13	SES016	-1.92383	-9.78808	-7.86425
BLOCK02/SES021/SA021S13	SES029	-0.66761	-8.53186	-7.86425
BLOCK02/SES021/SA021S13	SES087	-2.05172	-9.91598	-7.86425
BLOCK02/SES021/SA021S13	SES206	-1.38751	-9.25177	-7.86425
BLOCK02/SES021/SA021S15	SES087	-0.405519	-8.03303	-7.62751
BLOCK02/SES021/SA021S15	SES125	-0.746552	-8.37406	-7.62751
BLOCK02/SES021/SA021S15	SES206	-1.01624	-8.64375	-7.62751
BLOCK02/SES021/SA021S15	SES226	-1.05896	-8.68647	-7.62751
BLOCK02/SES021/SA021S23	SES062	-2.27656	-11.092	-8.8154
BLOCK02/SES021/SA021S23	SES087	-0.609088	-9.42449	-8.8154
BLOCK02/SES021/SA021S23	SES206	-1.00835	-9.82375	-8.8154
BLOCK02/SES021/SA021S23	SES226	-0.883543	-9.69894	-8.8154
BLOCK02/SES021/SA021S27	SES002	-0.704904	-8.15871	-7.45381
BLOCK02/SES021/SA021S27	SES016	-2.99394	-10.4478	-7.45381
BLOCK02/SES021/SA021S27	SES019	-1.45282	-8.90663	-7.45381
BLOCK02/SES021/SA021S27	SES062	-0.623101	-8.07691	-7.45381
BLOCK02/SES021/SA021S29	SES087	-1.32311	-9.55038	-8.22727
BLOCK02/SES021/SA021S29	SES125	-1.32163	-9.54891	-8.22727
BLOCK02/SES021/SA021S29	SES206	-0.473675	-8.70095	-8.22727
BLOCK02/SES021/SA021S29	SES226	-0.769623	-8.99689	-8.22727
BLOCK04/SES043/SA043S09	SES083	-0.106859	-8.47233	-8.36548
BLOCK04/SES043/SA043S09	SES101	-0.581466	-8.94694	-8.36548
BLOCK04/SES043/SA043S09	SES144	-0.0772638	-8.44274	-8.36548
BLOCK04/SES043/SA043S09	SES172	-1.09195	-9.45743	-8.36548
BLOCK04/SES043/SA043S11	SES083	-0.0802183	-7.30979	-7.22957
BLOCK04/SES043/SA043S11	SES101	-0.557129	-7.7867	-7.22957
BLOCK04/SES043/SA043S11	SES144	0.262322	-6.96725	-7.22957
BLOCK04/SES043/SA043S11	SES172	-0.580367	-7.80994	-7.22957
BLOCK04/SES043/SA043S23	SES083	-0.145194	-7.98607	-7.84087
BLOCK04/SES043/SA043S23	SES144	0.141345	-7.69953	-7.84087
BLOCK04/SES043/SA043S23	SES177	-0.538559	-8.37943	-7.84087
BLOCK04/SES043/SA043S23	SES275	-0.769472	-8.61034	-7.84087
BLOCK04/SES043/SA043S26	SES083	-0.266185	-9.22421	-8.95803
BLOCK04/SES043/SA043S26	SES101	-0.349448	-9.30748	-8.95803
BLOCK04/SES043/SA043S26	SES144	-0.0189323	-8.97696	-8.95803
BLOCK04/SES043/SA043S26	SES177	-0.855753	-9.81378	-8.95803
BLOCK04/SES043/SA043S28	SES016	-1.52399	-9.54294	-8.01895
BLOCK04/SES043/SA043S28	SES083	0.0393562	-7.9796	-8.01895
BLOCK04/SES043/SA043S28	SES101	-0.132457	-8.15141	-8.01895
BLOCK04/SES043/SA043S28	SES144	-0.303329	-8.32228	-8.01895
BLOCK04/SES044/SA044S10	SES127	-2.42791	-11.04	-8.6121
BLOCK04/SES044/SA044S10	SES144	0.06919	-8.54291	-8.6121
BLOCK04/SES044/SA044S10	SES147	-3.35313	-11.9652	-8.6121
BLOCK04/SES044/SA044S10	SES148	-2.46804	-11.0801	-8.6121
BLOCK04/SES044/SA044S11	SES101	-0.613938	-8.37059	-7.75666
BLOCK04/SES044/SA044S11	SES144	0.03866	-7.718	-7.75666
BLOCK04/SES044/SA044S11	SES147	-1.55972	-9.31637	-7.75666
BLOCK04/SES044/SA044S11	SES177	-0.718759	-8.47542	-7.75666
BLOCK04/SES044/SA044S24	SES007	-2.13979	-10.1794	-8.03965
BLOCK04/SES044/SA044S24	SES101	-0.260219	-8.29987	-8.03965
BLOCK04/SES044/SA044S24	SES147	-1.30539	-9.34505	-8.03965
BLOCK04/SES044/SA044S24	SES177	-0.378058	-8.41771	-8.03965
BLOCK04/SES044/SA044S26	SES007	-1.09984	-8.58747	-7.48763
BLOCK04/SES044/SA044S26	SES016	-0.580338	-8.06797	-7.48763
BLOCK04/SES044/SA044S26	SES101	-0.435011	-7.92264	-7.48763
BLOCK04/SES044/SA044S26	SES147	-0.393983	-7.88161	-7.48763
BLOCK04/SES044/SA044S29	SES007	-1.30147	-8.75959	-7.45812
BLOCK04/SES044/SA044S29	SES101	0.152929	-7.30519	-7.45812
BLOCK04/SES044/SA044S29	SES147	-0.576474	-8.0346	-7.45812
BLOCK04/SES044/SA044S29	SES177	-2.1742	-9.63232	-7.45812
BLOCK04/SES046/SA046S13	SES101	-0.273751	-9.13455	-8.8608
BLOCK04/SES046/SA046S13	SES144	-0.0301476	-8.89095	-8.8608
BLOCK04/SES046/SA046S13	SES147	-1.82011	-10.6809	-8.8608
BLOCK04/SES046/SA046S13	SES177	-1.0495	-9.91031	-8.8608
BLOCK04/SES046/SA046S15	SES048	-0.383128	-6.64905	-6.26592
BLOCK04/SES046/SA046S15	SES083	-1.13638	-7.4023	-6.26592
BLOCK04/SES046/SA046S15	SES120	-2.61879	-8.88471	-6.26592
BLOCK04/SES046/SA046S15	SES148	-0.980207	-7.24613	-6.26592
BLOCK04/SES046/SA046S22	SES101	-0.505957	-8.56803	-8.06207
BLOCK04/SES046/SA046S22	SES144	0.0723858	-7.98969	-8.06207
BLOCK04/SES046/SA046S22	SES147	-1.65307	-9.71514	-8.06207
BLOCK04/SES046/SA046S22	SES172	-0.189654	-8.25173	-8.06207
BLOCK04/SES046/SA046S25	SES083	-0.503392	-7.97057	-7.46718
BLOCK04/SES046/SA046S25	SES127	-1.12561	-8.59278	-7.46718
BLOCK04/SES046/SA046S25	SES144	-0.36319	-7.83037	-7.46718
BLOCK04/SES046/SA046S25	SES148	-1.09381	-8.56099	-7.46718
BLOCK04/SES046/SA046S28	SES007	-1.52846	-8.92645	-7.39799
BLOCK04/SES046/SA046S28	SES105	-1.24031	-8.63831	-7.39799
BLOCK04/SES046/SA046S28	SES147	-1.0057	-8.40369	-7.39799
BLOCK04/SES046/SA046S28	SES148	-1.62284	-9.02083	-7.39799
BLOCK04/SES049/SA049S16	SES104	-0.542096	-9.96348	-9.42138
BLOCK04/SES049/SA049S16	SES106	-1.66137	-11.0828	-9.42138
BLOCK04/SES049/SA049S16	SES120	-0.969492	-10.3909	-9.42138
BLOCK04/SES049/SA049S16	SES206	-1.12199	-10.5434	-9.42138
BLOCK04/SES049/SA049S18	SES099	0.181744	-8.73524	-8.91698
BLOCK04/SES049/SA049S18	SES104	-0.886253	-9.80324	-8.91698
BLOCK04/SES049/SA049S18	SES125	-0.816621	-9.73361	-8.91698
BLOCK04/SES049/SA049S18	SES206	-1.87951	-10.7965	-8.91698
BLOCK04/SES049/SA049S25	SES087	-1.26025	-10.9375	-9.67724
BLOCK04/SES049/SA049S25	SES104	-0.421398	-10.0986	-9.67724
BLOCK04/SES049/SA049S25	SES125	-0.385963	-10.0632	-9.67724
BLOCK04/SES049/SA049S25	SES206	-0.737065	-10.4143	-9.67724
BLOCK04/SES049/SA049S27	SES099	-0.495704	-8.72443	-8.22872
BLOCK04/SES049/SA049S27	SES104	0.100097	-8.12863	-8.22872
BLOCK04/SES049/SA049S27	SES125	-0.797034	-9.02576	-8.22872
BLOCK04/SES049/SA049S27	SES206	-1.16742	-9.39614	-8.22872
BLOCK04/SES049/SA049S29	SES099	-0.366115	-8.14838	-7.78227
BLOCK04/SES049/SA049S29	SES104	0.131126	-7.65114	-7.78227
BLOCK04/SES049/SA049S29	SES125	-0.044004	-7.82627	-7.78227
BLOCK04/SES049/SA049S29	SES206	-1.02996	-8.81223	-7.78227
BLOCK06/SES063/SA063S09	SES068	-2.25824	-11.4495	-9.19129
BLOCK06/SES063/SA063S09	SES083	-0.52157	-9.71286	-9.19129
BLOCK06/SES063/SA063S09	SES177	-0.679361	-9.87065	-9.19129
BLOCK06/SES063/SA063S09	SES187	-0.846246	-10.0375	-9.19129
BLOCK06/SES063/SA063S10	SES068	-1.32298	-10.2638	-8.94085
BLOCK06/SES063/SA063S10	SES083	-0.654843	-9.5957	-8.94085
BLOCK06/SES063/SA063S10	SES172	-0.513139	-9.45399	-8.94085
BLOCK06/SES063/SA063S10	SES187	-0.531732	-9.47259	-8.94085
BLOCK06/SES063/SA063S20	SES068	-2.40197	-11.3545	-8.95249
BLOCK06/SES063/SA063S20	SES083	-0.741427	-9.69391	-8.95249
BLOCK06/SES063/SA063S20	SES172	-0.61062	-9.56311	-8.95249
BLOCK06/SES063/SA063S20	SES187	-0.722152	-9.67464	-8.95249
BLOCK06/SES063/SA063S24	SES029	-1.88465	-11.5137	-9.62909
BLOCK06/SES063/SA063S24	SES083	-0.259785	-9.88887	-9.62909
BLOCK06/SES063/SA063S24	SES177	-0.775331	-10.4044	-9.62909
BLOCK06/SES063/SA063S24	SES189	0.629187	-8.9999	-9.62909
BLOCK06/SES063/SA063S27	SES083	-0.406069	-8.82921	-8.42315
BLOCK06/SES063/SA063S27	SES172	-1.26398	-9.68713	-8.42315
BLOCK06/SES063/SA063S27	SES187	-0.843633	-9.26678	-8.42315
BLOCK06/SES063/SA063S27	SES292	-1.63085	-10.054	-8.42315
BLOCK06/SES067/SA067S12	SES083	-0.71182	-7.96816	-7.25634
BLOCK06/SES067/SA067S12	SES172	-1.37948	-8.63582	-7.25634
BLOCK06/SES067/SA067S12	SES202	-0.473332	-7.72967	-7.25634
BLOCK06/SES067/SA067S12	SES292	-1.19275	-8.4491	-7.25634
BLOCK06/SES067/SA067S14	SES085	-0.904534	-7.06693	-6.1624
BLOCK06/SES067/SA067S14	SES177	-1.47128	-7.63368	-6.1624
BLOCK06/SES067/SA067S14	SES183	0.766613	-5.39579	-6.1624
BLOCK06/SES067/SA067S14	SES202	0.034122	-6.12828	-6.1624
BLOCK06/SES067/SA067S21	SES144	-0.500517	-8.50386	-8.00335
BLOCK06/SES067/SA067S21	SES177	-1.12311	-9.12646	-8.00335
BLOCK06/SES067/SA067S21	SES183	-1.08886	-9.09221	-8.00335
BLOCK06/SES067/SA067S21	SES189	-0.907806	-8.91115	-8.00335
BLOCK06/SES067/SA067S25	SES085	-2.23664	-9.29659	-7.05995
BLOCK06/SES067/SA067S25	SES177	-0.954639	-8.01459	-7.05995
BLOCK06/SES067/SA067S25	SES183	-0.666184	-7.72613	-7.05995
BLOCK06/SES067/SA067S25	SES202	-1.90463	-8.96458	-7.05995
BLOCK06/SES067/SA067S29	SES085	-1.91936	-10.2725	-8.35315
BLOCK06/SES067/SA067S29	SES177	-1.61466	-9.96782	-8.35315
BLOCK06/SES067/SA067S29	SES183	-0.612041	-8.96519	-8.35315
BLOCK06/SES067/SA067S29	SES202	0.0300713	-8.32308	-8.35315
BLOCK06/SES069/SA069S12	SES029	-1.18654	-8.87881	-7.69227
BLOCK06/SES069/SA069S12	SES082	-0.484087	-8.17636	-7.69227
BLOCK06/SES069/SA069S12	SES087	-0.792069	-8.48434	-7.69227
BLOCK06/SES069/SA069S12	SES206	-0.0936313	-7.7859	-7.69227
BLOCK06/SES069/SA069S13	SES029	-1.92181	-9.32427	-7.40246
BLOCK06/SES069/SA069S13	SES087	-1.10066	-8.50312	-7.40246
BLOCK06/SES069/SA069S13	SES206	-1.04191	-8.44437	-7.40246
BLOCK06/SES069/SA069S13	SES226	0.117133	-7.28533	-7.40246
BLOCK06/SES069/SA069S23	SES029	-0.520428	-7.41604	-6.89562
BLOCK06/SES069/SA069S23	SES087	-0.0678978	-6.96351	-6.89562
BLOCK06/SES069/SA069S23	SES206	-1.30596	-8.20157	-6.89562
BLOCK06/SES069/SA069S23	SES226	-0.0227222	-6.91834	-6.89562
BLOCK06/SES069/SA069S25	SES087	-0.798172	-8.25374	-7.45557
BLOCK06/SES069/SA069S25	SES206	-1.33425	-8.78982	-7.45557
BLOCK06/SES069/SA069S25	SES226	0.13933	-7.31624	-7.45557
BLOCK06/SES069/SA069S25	SES270	-0.897988	-8.35356	-7.45557
BLOCK06/SES069/SA069S27	SES087	-0.94022	-9.16351	-8.22329
BLOCK06/SES069/SA069S27	SES206	-0.299346	-8.52264	-8.22329
BLOCK06/SES069/SA069S27	SES226	0.524556	-7.69873	-8.22329
BLOCK06/SES069/SA069S27	SES270	-0.500059	-8.72335	-8.22329
BLOCK08/SES081/SA081S11	SES060	-1.51332	-9.50483	-7.9915
BLOCK08/SES081/SA081S11	SES062	-0.47744	-8.46894	-7.9915
BLOCK08/SES081/SA081S11	SES117	-1.90577	-9.89728	-7.9915
BLOCK08/SES081/SA081S11	SES162	-2.0919	-10.0834	-7.9915
BLOCK08/SES081/SA081S13	SES016	-0.129179	-7.29908	-7.1699
BLOCK08/SES081/SA081S13	SES060	0.0236883	-7.14621	-7.1699
BLOCK08/SES081/SA081S13	SES068	-0.203193	-7.37309	-7.1699
BLOCK08/SES081/SA081S13	SES129	-1.03244	-8.20234	-7.1699
BLOCK08/SES081/SA081S24	SES060	-0.354991	-7.8991	-7.54411
BLOCK08/SES081/SA081S24	SES068	-0.272314	-7.81642	-7.54411
BLOCK08/SES081/SA081S24	SES117	-1.37784	-8.92195	-7.54411
BLOCK08/SES081/SA081S24	SES275	-1.07805	-8.62216	-7.54411
BLOCK08/SES081/SA081S27	SES007	0.0160799	-8.43302	-8.4491
BLOCK08/SES081/SA081S27	SES060	-0.849637	-9.29874	-8.4491
BLOCK08/SES081/SA081S27	SES117	-0.888156	-9.33726	-8.4491
BLOCK08/SES081/SA081S27	SES275	-1.6613	-10.1104	-8.4491
BLOCK08/SES081/SA081S29	SES007	0.25937	-8.64443	-8.9038
BLOCK08/SES081/SA081S29	SES060	-0.031292	-8.93509	-8.9038
BLOCK08/SES081/SA081S29	SES117	-0.793626	-9.69742	-8.9038
BLOCK08/SES081/SA081S29	SES275	-1.75508	-10.6589	-8.9038
BLOCK08/SES086/SA086S11	SES029	-1.85644	-11.6631	-9.80663
BLOCK08/SES086/SA086S11	SES082	-1.81624	-11.6229	-9.80663
BLOCK08/SES086/SA086S11	SES087	0.220901	-9.58573	-9.80663
BLOCK08/SES086/SA086S11	SES206	-0.947503	-10.7541	-9.80663
BLOCK08/SES086/SA086S12	SES029	-1.67659	-10.5161	-8.83956
BLOCK08/SES086/SA086S12	SES082	-1.33149	-10.1711	-8.83956
BLOCK08/SES086/SA086S12	SES087	1.01841	-7.82115	-8.83956
BLOCK08/SES086/SA086S12	SES206	-0.602383	-9.44194	-8.83956
BLOCK08/SES086/SA086S20	SES029	-1.25645	-9.88339	-8.62694
BLOCK08/SES086/SA086S20	SES082	-0.855344	-9.48228	-8.62694
BLOCK08/SES086/SA086S20	SES087	0.564313	-8.06263	-8.62694
BLOCK08/SES086/SA086S20	SES206	0.0819778	-8.54496	-8.62694
BLOCK08/SES086/SA086S24	SES087	0.722152	-9.23898	-9.96113
BLOCK08/SES086/SA086S24	SES104	-0.420376	-10.3815	-9.96113
BLOCK08/SES086/SA086S24	SES120	-0.164794	-10.1259	-9.96113
BLOCK08/SES086/SA086S24	SES206	0.637248	-9.32388	-9.96113
BLOCK08/SES086/SA086S28	SES029	-1.3446	-9.68303	-8.33843
BLOCK08/SES086/SA086S28	SES082	-0.563935	-8.90236	-8.33843
BLOCK08/SES086/SA086S28	SES087	0.725505	-7.61292	-8.33843
BLOCK08/SES086/SA086S28	SES206	-0.0757122	-8.41414	-8.33843
BLOCK08/SES089/SA089S13	SES087	-0.633117	-9.63771	-9.00459
BLOCK08/SES089/SA089S13	SES206	-0.977205	-9.9818	-9.00459
BLOCK08/SES089/SA089S13	SES226	-0.478708	-9.4833	-9.00459
BLOCK08/SES089/SA089S13	SES270	-1.11132	-10.1159	-9.00459
BLOCK08/SES089/SA089S14	SES062	-1.20629	-9.61502	-8.40873
BLOCK08/SES089/SA089S14	SES087	0.0781536	-8.33057	-8.40873
BLOCK08/SES089/SA089S14	SES206	-1.11277	-9.52149	-8.40873
BLOCK08/SES089/SA089S14	SES226	-0.958248	-9.36697	-8.40873
BLOCK08/SES089/SA089S23	SES087	-0.139197	-10.4073	-10.2681
BLOCK08/SES089/SA089S23	SES206	-1.43735	-11.7054	-10.2681
BLOCK08/SES089/SA089S23	SES226	-0.72959	-10.9977	-10.2681
BLOCK08/SES089/SA089S23	SES270	-3.05006	-13.3182	-10.2681
BLOCK08/SES089/SA089S25	SES062	-0.526028	-9.35097	-8.82494
BLOCK08/SES089/SA089S25	SES087	-0.128889	-8.95383	-8.82494
BLOCK08/SES089/SA089S25	SES206	-1.5839	-10.4088	-8.82494
BLOCK08/SES089/SA089S25	SES226	-0.795112	-9.62005	-8.82494
BLOCK08/SES089/SA089S28	SES062	-0.423506	-9.02948	-8.60597
BLOCK08/SES089/SA089S28	SES087	0.220629	-8.38534	-8.60597
BLOCK08/SES089/SA089S28	SES206	-1.34846	-9.95443	-8.60597
BLOCK08/SES089/SA089S28	SES226	-0.439584	-9.04555	-8.60597
BLOCK09/SES097/SA097S11	SES099	0.0862751	-9.54957	-9.63584
BLOCK09/SES097/SA097S11	SES125	-0.366654	-10.0025	-9.63584
BLOCK09/SES097/SA097S11	SES206	-0.49771	-10.1336	-9.63584
BLOCK09/SES097/SA097S11	SES226	1.07974	-8.5561	-9.63584
BLOCK09/SES097/SA097S14	SES062	-1.73408	-10.2151	-8.481
BLOCK09/SES097/SA097S14	SES099	-0.518699	-8.9997	-8.481
BLOCK09/SES097/SA097S14	SES104	-0.578987	-9.05999	-8.481
BLOCK09/SES097/SA097S14	SES206	-1.45053	-9.93153	-8.481
BLOCK09/SES097/SA097S22	SES099	0.388773	-8.56587	-8.95464
BLOCK09/SES097/SA097S22	SES206	-1.00246	-9.9571	-8.95464
BLOCK09/SES097/SA097S22	SES226	-0.581793	-9.53643	-8.95464
BLOCK09/SES097/SA097S22	SES270	-0.438869	-9.39351	-8.95464
BLOCK09/SES097/SA097S26	SES099	0.83079	-8.50143	-9.33222
BLOCK09/SES097/SA097S26	SES120	-0.399503	-9.73172	-9.33222
BLOCK09/SES097/SA097S26	SES206	-1.32999	-10.6622	-9.33222
BLOCK09/SES097/SA097S26	SES226	0.202222	-9.13	-9.33222
BLOCK09/SES097/SA097S28	SES099	0.227059	-8.00102	-8.22808
BLOCK09/SES097/SA097S28	SES120	-0.347919	-8.576	-8.22808
BLOCK09/SES097/SA097S28	SES206	-0.945208	-9.17328	-8.22808
BLOCK09/SES097/SA097S28	SES226	-0.190004	-8.41808	-8.22808
BLOCK09/SES098/SA098S11	SES127	-0.557855	-7.99465	-7.43679
BLOCK09/SES098/SA098S11	SES144	-0.519144	-7.95594	-7.43679
BLOCK09/SES098/SA098S11	SES147	-0.270659	-7.70745	-7.43679
BLOCK09/SES098/SA098S11	SES148	-1.75368	-9.19047	-7.43679
BLOCK09/SES098/SA098S12	SES127	-1.83483	-10.7784	-8.94355
BLOCK09/SES098/SA098S12	SES144	-1.34243	-10.286	-8.94355
BLOCK09/SES098/SA098S12	SES147	-0.987903	-9.93145	-8.94355
BLOCK09/SES098/SA098S12	SES189	-1.27501	-10.2186	-8.94355
BLOCK09/SES098/SA098S20	SES127	-2.60381	-11.0876	-8.4838
BLOCK09/SES098/SA098S20	SES147	-1.43186	-9.91566	-8.4838
BLOCK09/SES098/SA098S20	SES148	-3.3228	-11.8066	-8.4838
BLOCK09/SES098/SA098S20	SES292	-0.943577	-9.42738	-8.4838
BLOCK09/SES098/SA098S23	SES127	-1.46911	-9.6958	-8.22669
BLOCK09/SES098/SA098S23	SES147	-0.938992	-9.16568	-8.22669
BLOCK09/SES098/SA098S23	SES187	-0.813311	-9.04	-8.22669
BLOCK09/SES098/SA098S23	SES292	-0.596025	-8.82271	-8.22669
BLOCK09/SES098/SA098S27	SES127	-1.63803	-9.95378	-8.31575
BLOCK09/SES098/SA098S27	SES147	-1.08284	-9.39859	-8.31575
BLOCK09/SES098/SA098S27	SES148	-2.46645	-10.7822	-8.31575
BLOCK09/SES098/SA098S27	SES292	-0.396554	-8.71231	-8.31575
BLOCK10/SES102/SA102S13	SES101	0.185397	-9.58574	-9.77113
BLOCK10/SES102/SA102S13	SES105	-0.967387	-10.7385	-9.77113
BLOCK10/SES102/SA102S13	SES120	-1.80345	-11.5746	-9.77113
BLOCK10/SES102/SA102S13	SES158	-1.48025	-11.2514	-9.77113
BLOCK10/SES102/SA102S14	SES007	0.669166	-6.13143	-6.8006
BLOCK10/SES102/SA102S14	SES101	-0.0727282	-6.87333	-6.8006
BLOCK10/SES102/SA102S14	SES105	-0.605695	-7.4063	-6.8006
BLOCK10/SES102/SA102S14	SES147	-1.51326	-8.31386	-6.8006
BLOCK10/SES102/SA102S22	SES007	-0.900365	-8.48524	-7.58488
BLOCK10/SES102/SA102S22	SES101	-0.132201	-7.71708	-7.58488
BLOCK10/SES102/SA102S22	SES105	-0.566499	-8.15138	-7.58488
BLOCK10/SES102/SA102S22	SES158	-1.31538	-8.90026	-7.58488
BLOCK10/SES102/SA102S25	SES007	-0.186174	-7.58537	-7.3992
BLOCK10/SES102/SA102S25	SES101	0.00816631	-7.39103	-7.3992
BLOCK10/SES102/SA102S25	SES105	-1.0429	-8.44209	-7.3992
BLOCK10/SES102/SA102S25	SES147	-1.702	-9.1012	-7.3992
BLOCK10/SES102/SA102S27	SES007	-0.231976	-7.97673	-7.74475
BLOCK10/SES102/SA102S27	SES101	0.245977	-7.49878	-7.74475
BLOCK10/SES102/SA102S27	SES105	-1.48568	-9.23043	-7.74475
BLOCK10/SES102/SA102S27	SES147	-1.61062	-9.35538	-7.74475
BLOCK10/SES103/SA103S14	SES105	-1.33768	-10.3688	-9.03113
BLOCK10/SES103/SA103S14	SES106	-0.851487	-9.88262	-9.03113
BLOCK10/SES103/SA103S14	SES120	-1.50793	-10.5391	-9.03113
BLOCK10/SES103/SA103S14	SES206	-1.06764	-10.0988	-9.03113
BLOCK10/SES103/SA103S15	SES099	-0.865876	-11.3573	-10.4914
BLOCK10/SES103/SA103S15	SES101	-2.16498	-12.6564	-10.4914
BLOCK10/SES103/SA103S15	SES104	-0.00663567	-10.4981	-10.4914
BLOCK10/SES103/SA103S15	SES125	-0.873742	-11.3652	-10.4914
BLOCK10/SES103/SA103S24	SES104	-0.563921	-9.51547	-8.95155
BLOCK10/SES103/SA103S24	SES125	-2.15164	-11.1032	-8.95155
BLOCK10/SES103/SA103S24	SES148	-1.61277	-10.5643	-8.95155
BLOCK10/SES103/SA103S24	SES158	-1.05609	-10.0076	-8.95155
BLOCK10/SES103/SA103S26	SES104	-0.372654	-9.11925	-8.7466
BLOCK10/SES103/SA103S26	SES106	-1.1203	-9.8669	-8.7466
BLOCK10/SES103/SA103S26	SES125	-0.687617	-9.43421	-8.7466
BLOCK10/SES103/SA103S26	SES148	-1.69032	-10.4369	-8.7466
BLOCK10/SES103/SA103S28	SES104	-0.0973892	-9.23696	-9.13957
BLOCK10/SES103/SA103S28	SES106	-0.984971	-10.1245	-9.13957
BLOCK10/SES103/SA103S28	SES125	-1.60548	-10.7451	-9.13957
BLOCK10/SES103/SA103S28	SES206	-1.35902	-10.4986	-9.13957
BLOCK12/SES121/SA121S12	SES042	-1.10845	-9.81128	-8.70283
BLOCK12/SES121/SA121S12	SES087	-1.22289	-9.92572	-8.70283
BLOCK12/SES121/SA121S12	SES105	-0.119075	-8.8219	-8.70283
BLOCK12/SES121/SA121S12	SES206	-0.214664	-8.91749	-8.70283
BLOCK12/SES121/SA121S14	SES007	-0.812001	-12.4239	-11.6119
BLOCK12/SES121/SA121S14	SES105	-2.27101	-13.8829	-11.6119
BLOCK12/SES121/SA121S14	SES106	-0.182124	-11.794	-11.6119
BLOCK12/SES121/SA121S14	SES206	-0.0182896	-11.6302	-11.6119
BLOCK12/SES121/SA121S23	SES105	-2.01576	-12.8827	-10.867
BLOCK12/SES121/SA121S23	SES106	-0.329754	-11.1967	-10.867
BLOCK12/SES121/SA121S23	SES120	-0.763981	-11.631	-10.867
BLOCK12/SES121/SA121S23	SES206	0.713867	-10.1531	-10.867
BLOCK12/SES121/SA121S25	SES007	-0.327129	-12.0899	-11.7628
BLOCK12/SES121/SA121S25	SES105	-2.44483	-14.2076	-11.7628
BLOCK12/SES121/SA121S25	SES106	0.437739	-11.3251	-11.7628
BLOCK12/SES121/SA121S25	SES206	0.0971241	-11.6657	-11.7628
BLOCK12/SES121/SA121S27	SES087	1.15674	-9.80218	-10.9589
BLOCK12/SES121/SA121S27	SES105	-3.05334	-14.0123	-10.9589
BLOCK12/SES121/SA121S27	SES120	0.435267	-10.5237	-10.9589
BLOCK12/SES121/SA121S27	SES206	0.248636	-10.7103	-10.9589
BLOCK12/SES124/SA124S16	SES042	-0.0364294	-7.07956	-7.04313
BLOCK12/SES124/SA124S16	SES082	-0.459766	-7.5029	-7.04313
BLOCK12/SES124/SA124S16	SES183	-0.705505	-7.74864	-7.04313
BLOCK12/SES124/SA124S16	SES206	-0.237776	-7.28091	-7.04313
BLOCK12/SES124/SA124S17	SES105	-1.17605	-9.42006	-8.24401
BLOCK12/SES124/SA124S17	SES149	-0.937401	-9.18141	-8.24401
BLOCK12/SES124/SA124S17	SES158	-1.62655	-9.87056	-8.24401
BLOCK12/SES124/SA124S17	SES275	-1.0001	-9.24411	-8.24401
BLOCK12/SES124/SA124S23	SES105	-1.55393	-8.11028	-6.55635
BLOCK12/SES124/SA124S23	SES125	0.606646	-5.94971	-6.55635
BLOCK12/SES124/SA124S23	SES129	-1.89183	-8.44818	-6.55635
BLOCK12/SES124/SA124S23	SES158	-1.11822	-7.67458	-6.55635
BLOCK12/SES124/SA124S26	SES105	-1.67444	-9.59978	-7.92533
BLOCK12/SES124/SA124S26	SES125	-0.0882745	-8.01361	-7.92533
BLOCK12/SES124/SA124S26	SES129	-2.04952	-9.97485	-7.92533
BLOCK12/SES124/SA124S26	SES158	-0.9525	-8.87783	-7.92533
BLOCK12/SES124/SA124S28	SES104	-0.179952	-7.35047	-7.17052
BLOCK12/SES124/SA124S28	SES106	-0.725257	-7.89578	-7.17052
BLOCK12/SES124/SA124S28	SES125	0.294765	-6.87575	-7.17052
BLOCK12/SES124/SA124S28	SES275	-0.932726	-8.10324	-7.17052
BLOCK12/SES126/SA126S13	SES007	-0.150854	-8.3627	-8.21185
BLOCK12/SES126/SA126S13	SES162	-0.794231	-9.00608	-8.21185
BLOCK12/SES126/SA126S13	SES177	-0.255376	-8.46722	-8.21185
BLOCK12/SES126/SA126S13	SES180	-1.05343	-9.26527	-8.21185
BLOCK12/SES126/SA126S14	SES144	-0.199812	-7.69197	-7.49216
BLOCK12/SES126/SA126S14	SES148	-1.1383	-8.63046	-7.49216
BLOCK12/SES126/SA126S14	SES177	-0.34892	-7.84108	-7.49216
BLOCK12/SES126/SA126S14	SES180	-0.899287	-8.39145	-7.49216
BLOCK12/SES126/SA126S20	SES007	-0.611279	-7.40026	-6.78898
BLOCK12/SES126/SA126S20	SES162	-1.39296	-8.18194	-6.78898
BLOCK12/SES126/SA126S20	SES172	-1.02291	-7.81189	-6.78898
BLOCK12/SES126/SA126S20	SES180	-0.997185	-7.78616	-6.78898
BLOCK12/SES126/SA126S24	SES120	0.279597	-7.25	-7.5296
BLOCK12/SES126/SA126S24	SES162	-0.578732	-8.10833	-7.5296
BLOCK12/SES126/SA126S24	SES177	0.118554	-7.41104	-7.5296
BLOCK12/SES126/SA126S24	SES180	-0.210579	-7.74018	-7.5296
BLOCK12/SES126/SA126S26	SES120	0.563096	-7.31584	-7.87893
BLOCK12/SES126/SA126S26	SES177	-0.507198	-8.38613	-7.87893
BLOCK12/SES126/SA126S26	SES180	-0.441863	-8.3208	-7.87893
BLOCK12/SES126/SA126S26	SES202	-0.437117	-8.31605	-7.87893
BLOCK12/SES128/SA128S10	SES087	-1.30244	-9.95652	-8.65408
BLOCK12/SES128/SA128S10	SES206	-0.171925	-8.826	-8.65408
BLOCK12/SES128/SA128S10	SES226	0.362266	-8.29181	-8.65408
BLOCK12/SES128/SA128S10	SES270	0.0647945	-8.58929	-8.65408
BLOCK12/SES128/SA128S12	SES120	0.410539	-8.05334	-8.46388
BLOCK12/SES128/SA128S12	SES158	0.140404	-8.32347	-8.46388
BLOCK12/SES128/SA128S12	SES206	0.183187	-8.28069	-8.46388
BLOCK12/SES128/SA128S12	SES226	-1.09377	-9.55764	-8.46388
BLOCK12/SES128/SA128S21	SES106	-0.662436	-8.98194	-8.3195
BLOCK12/SES128/SA128S21	SES120	-0.396219	-8.71572	-8.3195
BLOCK12/SES128/SA128S21	SES206	-0.00726986	-8.32677	-8.3195
BLOCK12/SES128/SA128S21	SES226	0.720044	-7.59946	-8.3195
BLOCK12/SES128/SA128S24	SES087	-0.983668	-9.73212	-8.74845
BLOCK12/SES128/SA128S24	SES120	-0.0634689	-8.81192	-8.74845
BLOCK12/SES128/SA128S24	SES206	-0.00314617	-8.7516	-8.74845
BLOCK12/SES128/SA128S24	SES226	-1.07683	-9.82528	-8.74845
BLOCK12/SES128/SA128S27	SES099	0.296437	-7.36313	-7.65956
BLOCK12/SES128/SA128S27	SES120	0.416643	-7.24292	-7.65956
BLOCK12/SES128/SA128S27	SES206	-0.474018	-8.13358	-7.65956
BLOCK12/SES128/SA128S27	SES226	-0.62512	-8.28468	-7.65956
BLOCK13/SES130/SA130S13	SES143	-0.200043	-9.17569	-8.97564
BLOCK13/SES130/SA130S13	SES144	0.269939	-8.7057	-8.97564
BLOCK13/SES130/SA130S13	SES146	-1.41441	-10.3901	-8.97564
BLOCK13/SES130/SA130S13	SES275	-2.15554	-11.1312	-8.97564
BLOCK13/SES130/SA130S15	SES143	-0.425068	-7.94899	-7.52393
BLOCK13/SES130/SA130S15	SES144	0.600307	-6.92362	-7.52393
BLOCK13/SES130/SA130S15	SES146	-0.134674	-7.6586	-7.52393
BLOCK13/SES130/SA130S15	SES275	-0.913217	-8.43714	-7.52393
BLOCK13/SES130/SA130S23	SES127	-0.910953	-9.03216	-8.12121
BLOCK13/SES130/SA130S23	SES144	0.0106077	-8.1106	-8.12121
BLOCK13/SES130/SA130S23	SES146	-0.479472	-8.60068	-8.12121
BLOCK13/SES130/SA130S23	SES162	-0.988235	-9.10944	-8.12121
BLOCK13/SES130/SA130S25	SES127	-0.831284	-7.57622	-6.74494
BLOCK13/SES130/SA130S25	SES144	-0.246881	-6.99182	-6.74494
BLOCK13/SES130/SA130S25	SES146	-0.505762	-7.2507	-6.74494
BLOCK13/SES130/SA130S25	SES275	-1.25159	-7.99653	-6.74494
BLOCK13/SES130/SA130S28	SES127	-0.3775	-8.48293	-8.10544
BLOCK13/SES130/SA130S28	SES144	-0.598862	-8.7043	-8.10544
BLOCK13/SES130/SA130S28	SES146	-0.0609541	-8.16639	-8.10544
BLOCK13/SES130/SA130S28	SES275	-0.673405	-8.77884	-8.10544
BLOCK13/SES131/SA131S13	SES002	-1.14459	-10.1091	-8.96455
BLOCK13/SES131/SA131S13	SES007	-1.03255	-9.9971	-8.96455
BLOCK13/SES131/SA131S13	SES099	0.142913	-8.82163	-8.96455
BLOCK13/SES131/SA131S13	SES105	-0.955607	-9.92015	-8.96455
BLOCK13/SES131/SA131S14	SES104	-0.49798	-7.0987	-6.60072
BLOCK13/SES131/SA131S14	SES106	-1.87663	-8.47734	-6.60072
BLOCK13/SES131/SA131S14	SES125	-0.813953	-7.41467	-6.60072
BLOCK13/SES131/SA131S14	SES148	0.141894	-6.45883	-6.60072
BLOCK13/SES131/SA131S20	SES104	-0.667717	-9.70811	-9.0404
BLOCK13/SES131/SA131S20	SES106	-1.40698	-10.4474	-9.0404
BLOCK13/SES131/SA131S20	SES125	-0.557857	-9.59825	-9.0404
BLOCK13/SES131/SA131S20	SES148	-1.19359	-10.234	-9.0404
BLOCK13/SES131/SA131S22	SES099	-0.0712614	-7.39511	-7.32385
BLOCK13/SES131/SA131S22	SES104	-0.661578	-7.98543	-7.32385
BLOCK13/SES131/SA131S22	SES125	-0.151172	-7.47502	-7.32385
BLOCK13/SES131/SA131S22	SES206	-0.500542	-7.82439	-7.32385
BLOCK13/SES131/SA131S29	SES087	-1.08264	-10.1891	-9.10648
BLOCK13/SES131/SA131S29	SES104	-1.75714	-10.8636	-9.10648
BLOCK13/SES131/SA131S29	SES125	-2.83186	-11.9383	-9.10648
BLOCK13/SES131/SA131S29	SES206	-1.49876	-10.6052	-9.10648
BLOCK13/SES132/SA132S11	SES083	-1.04868	-8.93137	-7.88269
BLOCK13/SES132/SA132S11	SES120	0.459796	-7.42289	-7.88269
BLOCK13/SES132/SA132S11	SES127	-1.72868	-9.61137	-7.88269
BLOCK13/SES132/SA132S11	SES275	-1.11814	-9.00083	-7.88269
BLOCK13/SES132/SA132S12	SES083	-1.43186	-9.00981	-7.57795
BLOCK13/SES132/SA132S12	SES143	-1.69939	-9.27734	-7.57795
BLOCK13/SES132/SA132S12	SES144	-0.530172	-8.10812	-7.57795
BLOCK13/SES132/SA132S12	SES148	-1.21366	-8.79161	-7.57795
BLOCK13/SES132/SA132S22	SES062	-0.542727	-8.53964	-7.99691
BLOCK13/SES132/SA132S22	SES083	-1.42252	-9.41944	-7.99691
BLOCK13/SES132/SA132S22	SES127	-1.52894	-9.52585	-7.99691
BLOCK13/SES132/SA132S22	SES275	-0.776602	-8.77351	-7.99691
BLOCK13/SES132/SA132S24	SES007	-0.363503	-7.44317	-7.07967
BLOCK13/SES132/SA132S24	SES083	-1.30555	-8.38522	-7.07967
BLOCK13/SES132/SA132S24	SES127	-2.16035	-9.24002	-7.07967
BLOCK13/SES132/SA132S24	SES275	-1.32392	-8.40359	-7.07967
BLOCK13/SES132/SA132S27	SES083	-1.67363	-10.4881	-8.81451
BLOCK13/SES132/SA132S27	SES120	0.97004	-7.84447	-8.81451
BLOCK13/SES132/SA132S27	SES127	-3.63442	-12.4489	-8.81451
BLOCK13/SES132/SA132S27	SES275	-1.92514	-10.7397	-8.81451
BLOCK14/SES141/SA141S09	SES143	-0.975541	-7.96736	-6.99182
BLOCK14/SES141/SA141S09	SES144	-0.17449	-7.16631	-6.99182
BLOCK14/SES141/SA141S09	SES162	-1.02436	-8.01618	-6.99182
BLOCK14/SES141/SA141S09	SES180	-0.545019	-7.53684	-6.99182
BLOCK14/SES141/SA141S15	SES127	-1.22983	-9.21923	-7.98941
BLOCK14/SES141/SA141S15	SES144	-0.561887	-8.55129	-7.98941
BLOCK14/SES141/SA141S15	SES162	-1.65578	-9.64519	-7.98941
BLOCK14/SES141/SA141S15	SES180	-0.985727	-8.97513	-7.98941
BLOCK14/SES141/SA141S24	SES127	-1.46481	-9.27237	-7.80756
BLOCK14/SES141/SA141S24	SES144	-0.987582	-8.79514	-7.80756
BLOCK14/SES141/SA141S24	SES162	-1.30407	-9.11163	-7.80756
BLOCK14/SES141/SA141S24	SES183	-1.221	-9.02856	-7.80756
BLOCK14/SES141/SA141S26	SES142	0.111973	-8.32111	-8.43308
BLOCK14/SES141/SA141S26	SES144	-0.958631	-9.39171	-8.43308
BLOCK14/SES141/SA141S26	SES172	-0.877509	-9.31059	-8.43308
BLOCK14/SES141/SA141S26	SES180	-0.609755	-9.04284	-8.43308
BLOCK14/SES141/SA141S29	SES127	-0.481516	-7.77205	-7.29053
BLOCK14/SES141/SA141S29	SES142	0.174013	-7.11652	-7.29053
BLOCK14/SES141/SA141S29	SES144	-0.254857	-7.54539	-7.29053
BLOCK14/SES141/SA141S29	SES180	-0.19932	-7.48985	-7.29053
BLOCK15/SES157/SA157S08	SES083	-1.14157	-8.47645	-7.33488
BLOCK15/SES157/SA157S08	SES127	-0.841574	-8.17645	-7.33488
BLOCK15/SES157/SA157S08	SES148	-0.200877	-7.53575	-7.33488
BLOCK15/SES157/SA157S08	SES292	-1.31529	-8.65017	-7.33488
BLOCK15/SES157/SA157S11	SES083	-0.854216	-8.96428	-8.11006
BLOCK15/SES157/SA157S11	SES127	-0.723824	-8.83389	-8.11006
BLOCK15/SES157/SA157S11	SES148	-1.34162	-9.45168	-8.11006
BLOCK15/SES157/SA157S11	SES292	-1.68528	-9.79535	-8.11006
BLOCK15/SES157/SA157S21	SES127	-0.238633	-7.13881	-6.90017
BLOCK15/SES157/SA157S21	SES148	0.0126638	-6.88751	-6.90017
BLOCK15/SES157/SA157S21	SES158	-3.50994	-10.4101	-6.90017
BLOCK15/SES157/SA157S21	SES292	-1.19197	-8.09214	-6.90017
BLOCK15/SES157/SA157S24	SES127	-0.398882	-8.6317	-8.23282
BLOCK15/SES157/SA157S24	SES148	-0.46616	-8.69898	-8.23282
BLOCK15/SES157/SA157S24	SES183	-0.856205	-9.08902	-8.23282
BLOCK15/SES157/SA157S24	SES292	-1.5593	-9.79212	-8.23282
BLOCK15/SES157/SA157S26	SES007	-0.616208	-8.09605	-7.47984
BLOCK15/SES157/SA157S26	SES127	-0.271636	-7.75147	-7.47984
BLOCK15/SES157/SA157S26	SES147	-0.675576	-8.15541	-7.47984
BLOCK15/SES157/SA157S26	SES148	-0.866503	-8.34634	-7.47984
BLOCK16/SES161/SA161S10	SES007	-0.612005	-8.57572	-7.96372
BLOCK16/SES161/SA161S10	SES105	-0.559042	-8.52276	-7.96372
BLOCK16/SES161/SA161S10	SES158	-1.17897	-9.14268	-7.96372
BLOCK16/SES161/SA161S10	SES275	-0.456552	-8.42027	-7.96372
BLOCK16/SES161/SA161S12	SES007	-1.02786	-10.8735	-9.8456
BLOCK16/SES161/SA161S12	SES105	-1.94101	-11.7866	-9.8456
BLOCK16/SES161/SA161S12	SES158	-0.111467	-9.95706	-9.8456
BLOCK16/SES161/SA161S12	SES275	-2.97851	-12.8241	-9.8456
BLOCK16/SES161/SA161S20	SES007	0.0909882	-9.63842	-9.72941
BLOCK16/SES161/SA161S20	SES105	-1.84352	-11.5729	-9.72941
BLOCK16/SES161/SA161S20	SES158	0.45681	-9.2726	-9.72941
BLOCK16/SES161/SA161S20	SES275	-1.77639	-11.5058	-9.72941
BLOCK16/SES161/SA161S23	SES007	-2.1783	-11.6336	-9.4553
BLOCK16/SES161/SA161S23	SES105	-0.943124	-10.3984	-9.4553
BLOCK16/SES161/SA161S23	SES148	-2.2009	-11.6562	-9.4553
BLOCK16/SES161/SA161S23	SES158	-2.0294	-11.4847	-9.4553
BLOCK16/SES161/SA161S28	SES007	-0.326447	-9.45469	-9.12824
BLOCK16/SES161/SA161S28	SES105	-1.8112	-10.9394	-9.12824
BLOCK16/SES161/SA161S28	SES158	0.504094	-8.62415	-9.12824
BLOCK16/SES161/SA161S28	SES206	-0.0174322	-9.14567	-9.12824
BLOCK16/SES164/SA164S11	SES104	-1.23329	-9.60178	-8.36849
BLOCK16/SES164/SA164S11	SES125	0.13066	-8.23783	-8.36849
BLOCK16/SES164/SA164S11	SES158	-0.895626	-9.26411	-8.36849
BLOCK16/SES164/SA164S11	SES206	-1.92265	-10.2911	-8.36849
BLOCK16/SES164/SA164S13	SES099	-0.831355	-9.87343	-9.04207
BLOCK16/SES164/SA164S13	SES104	-0.21982	-9.26189	-9.04207
BLOCK16/SES164/SA164S13	SES125	-0.0391474	-9.08122	-9.04207
BLOCK16/SES164/SA164S13	SES206	-1.20764	-10.2497	-9.04207
BLOCK16/SES164/SA164S24	SES002	0.659894	-7.69577	-8.35566
BLOCK16/SES164/SA164S24	SES099	0.276348	-8.07932	-8.35566
BLOCK16/SES164/SA164S24	SES125	-0.194305	-8.54997	-8.35566
BLOCK16/SES164/SA164S24	SES226	1.06346	-7.2922	-8.35566
BLOCK16/SES164/SA164S27	SES087	-2.4067	-11.3762	-8.96954
BLOCK16/SES164/SA164S27	SES125	-0.043561	-9.0131	-8.96954
BLOCK16/SES164/SA164S27	SES206	-1.64368	-10.6132	-8.96954
BLOCK16/SES164/SA164S27	SES226	-0.133508	-9.10305	-8.96954
BLOCK16/SES164/SA164S29	SES002	0.0743647	-8.60476	-8.67913
BLOCK16/SES164/SA164S29	SES019	-0.852621	-9.53175	-8.67913
BLOCK16/SES164/SA164S29	SES125	-0.0544519	-8.73358	-8.67913
BLOCK16/SES164/SA164S29	SES226	0.0791006	-8.60003	-8.67913
BLOCK16/SES169/SA169S13	SES117	-1.32115	-9.15078	-7.82963
BLOCK16/SES169/SA169S13	SES144	-0.571003	-8.40064	-7.82963
BLOCK16/SES169/SA169S13	SES146	-0.416161	-8.24579	-7.82963
BLOCK16/SES169/SA169S13	SES162	-1.20154	-9.03117	-7.82963
BLOCK16/SES169/SA169S14	SES144	-0.446827	-7.09299	-6.64616
BLOCK16/SES169/SA169S14	SES148	-0.435793	-7.08195	-6.64616
BLOCK16/SES169/SA169S14	SES177	-0.0575037	-6.70366	-6.64616
BLOCK16/SES169/SA169S14	SES180	-0.493445	-7.13961	-6.64616
BLOCK16/SES169/SA169S24	SES117	-0.763135	-9.28609	-8.52296
BLOCK16/SES169/SA169S24	SES144	-0.463699	-8.98666	-8.52296
BLOCK16/SES169/SA169S24	SES146	-0.716297	-9.23925	-8.52296
BLOCK16/SES169/SA169S24	SES162	-1.06623	-9.58918	-8.52296
BLOCK16/SES169/SA169S27	SES127	-0.662159	-8.3493	-7.68714
BLOCK16/SES169/SA169S27	SES129	-0.610892	-8.29803	-7.68714
BLOCK16/SES169/SA169S27	SES144	-0.468022	-8.15516	-7.68714
BLOCK16/SES169/SA169S27	SES146	-0.411122	-8.09826	-7.68714
BLOCK16/SES169/SA169S29	SES144	-0.186757	-6.95035	-6.7636
BLOCK16/SES169/SA169S29	SES162	-0.595103	-7.3587	-6.7636
BLOCK16/SES169/SA169S29	SES177	-0.775965	-7.53956	-6.7636
BLOCK16/SES169/SA169S29	SES180	-1.1516	-7.91519	-6.7636
BLOCK17/SES171/SA171S12	SES083	-0.76939	-9.62084	-8.85145
BLOCK17/SES171/SA171S12	SES148	-1.95545	-10.8069	-8.85145
BLOCK17/SES171/SA171S12	SES172	-1.41561	-10.2671	-8.85145
BLOCK17/SES171/SA171S12	SES292	-2.15244	-11.0039	-8.85145
BLOCK17/SES171/SA171S15	SES148	-0.746048	-9.08573	-8.33968
BLOCK17/SES171/SA171S15	SES177	-0.404512	-8.74419	-8.33968
BLOCK17/SES171/SA171S15	SES180	-2.46815	-10.8078	-8.33968
BLOCK17/SES171/SA171S15	SES292	-1.37006	-9.70974	-8.33968
BLOCK17/SES171/SA171S22	SES007	-0.67002	-7.29795	-6.62793
BLOCK17/SES171/SA171S22	SES148	-0.423377	-7.05131	-6.62793
BLOCK17/SES171/SA171S22	SES177	-0.324166	-6.9521	-6.62793
BLOCK17/SES171/SA171S22	SES180	-1.72471	-8.35264	-6.62793
BLOCK17/SES171/SA171S25	SES101	-1.14515	-9.44193	-8.29678
BLOCK17/SES171/SA171S25	SES120	-3.05625	-11.353	-8.29678
BLOCK17/SES171/SA171S25	SES177	-0.828642	-9.12543	-8.29678
BLOCK17/SES171/SA171S25	SES180	-1.61326	-9.91004	-8.29678
BLOCK17/SES171/SA171S27	SES177	-0.510762	-9.34174	-8.83098
BLOCK17/SES171/SA171S27	SES180	-2.13121	-10.9622	-8.83098
BLOCK17/SES171/SA171S27	SES189	0.0281277	-8.80285	-8.83098
BLOCK17/SES171/SA171S27	SES292	-1.98633	-10.8173	-8.83098
BLOCK17/SES173/SA173S13	SES162	-2.1792	-9.9858	-7.8066
BLOCK17/SES173/SA173S13	SES177	-0.69886	-8.50546	-7.8066
BLOCK17/SES173/SA173S13	SES180	-1.56121	-9.36781	-7.8066
BLOCK17/SES173/SA173S13	SES292	0.115798	-7.6908	-7.8066
BLOCK17/SES173/SA173S14	SES007	-0.661812	-8.21196	-7.55014
BLOCK17/SES173/SA173S14	SES162	-2.698	-10.2481	-7.55014
BLOCK17/SES173/SA173S14	SES177	-1.3565	-8.90664	-7.55014
BLOCK17/SES173/SA173S14	SES180	-1.85552	-9.40567	-7.55014
BLOCK17/SES173/SA173S24	SES144	-1.43219	-9.74811	-8.31592
BLOCK17/SES173/SA173S24	SES162	-2.3105	-10.6264	-8.31592
BLOCK17/SES173/SA173S24	SES177	-0.222638	-8.53856	-8.31592
BLOCK17/SES173/SA173S24	SES180	-2.04741	-10.3633	-8.31592
BLOCK17/SES173/SA173S27	SES162	-3.92348	-11.7002	-7.77675
BLOCK17/SES173/SA173S27	SES177	-1.40557	-9.18233	-7.77675
BLOCK17/SES173/SA173S27	SES180	-1.51072	-9.28747	-7.77675
BLOCK17/SES173/SA173S27	SES292	-0.197598	-7.97435	-7.77675
BLOCK17/SES173/SA173S29	SES162	-1.60093	-9.8149	-8.21397
BLOCK17/SES173/SA173S29	SES175	-0.497259	-8.71123	-8.21397
BLOCK17/SES173/SA173S29	SES177	-0.478484	-8.69246	-8.21397
BLOCK17/SES173/SA173S29	SES292	-0.94597	-9.15994	-8.21397
BLOCK18/SES182/SA182S10	SES144	-0.72321	-8.07916	-7.35595
BLOCK18/SES182/SA182S10	SES177	-0.869506	-8.22546	-7.35595
BLOCK18/SES182/SA182S10	SES180	-1.8158	-9.17175	-7.35595
BLOCK18/SES182/SA182S10	SES275	-0.976676	-8.33263	-7.35595
BLOCK18/SES182/SA182S12	SES144	-0.489183	-7.68673	-7.19754
BLOCK18/SES182/SA182S12	SES177	-0.480365	-7.67791	-7.19754
BLOCK18/SES182/SA182S12	SES180	-1.9168	-9.11434	-7.19754
BLOCK18/SES182/SA182S12	SES275	-0.711575	-7.90912	-7.19754
BLOCK18/SES182/SA182S21	SES117	-1.15613	-10.0188	-8.86265
BLOCK18/SES182/SA182S21	SES144	-0.58456	-9.44721	-8.86265
BLOCK18/SES182/SA182S21	SES162	-1.00476	-9.86741	-8.86265
BLOCK18/SES182/SA182S21	SES180	-1.81696	-10.6796	-8.86265
BLOCK18/SES182/SA182S23	SES117	-1.28747	-10.3231	-9.03559
BLOCK18/SES182/SA182S23	SES144	-1.63876	-10.6744	-9.03559
BLOCK18/SES182/SA182S23	SES180	-3.23013	-12.2657	-9.03559
BLOCK18/SES182/SA182S23	SES275	-1.77027	-10.8059	-9.03559
BLOCK18/SES182/SA182S25	SES007	0.252265	-8.12436	-8.37663
BLOCK18/SES182/SA182S25	SES162	-0.63543	-9.01206	-8.37663
BLOCK18/SES182/SA182S25	SES177	-0.317274	-8.6939	-8.37663
BLOCK18/SES182/SA182S25	SES180	-1.55028	-9.92691	-8.37663
BLOCK18/SES184/SA184S12	SES177	-1.38726	-8.75865	-7.37139
BLOCK18/SES184/SA184S12	SES180	-0.156293	-7.52768	-7.37139
BLOCK18/SES184/SA184S12	SES189	-1.61789	-8.98928	-7.37139
BLOCK18/SES184/SA184S12	SES292	-0.292443	-7.66383	-7.37139
BLOCK18/SES184/SA184S13	SES101	-0.711571	-8.50586	-7.79429
BLOCK18/SES184/SA184S13	SES177	-0.775871	-8.57016	-7.79429
BLOCK18/SES184/SA184S13	SES180	-0.817313	-8.61161	-7.79429
BLOCK18/SES184/SA184S13	SES292	-0.869889	-8.66418	-7.79429
BLOCK18/SES184/SA184S22	SES177	-1.37074	-9.32087	-7.95013
BLOCK18/SES184/SA184S22	SES180	-0.10077	-8.0509	-7.95013
BLOCK18/SES184/SA184S22	SES189	-1.11536	-9.06549	-7.95013
BLOCK18/SES184/SA184S22	SES292	-0.681525	-8.63166	-7.95013
BLOCK18/SES184/SA184S25	SES101	-0.603274	-8.30055	-7.69727
BLOCK18/SES184/SA184S25	SES177	-1.19105	-8.88832	-7.69727
BLOCK18/SES184/SA184S25	SES180	-0.168532	-7.8658	-7.69727
BLOCK18/SES184/SA184S25	SES292	-0.500285	-8.19756	-7.69727
BLOCK18/SES184/SA184S27	SES083	-0.800065	-8.45405	-7.65399
BLOCK18/SES184/SA184S27	SES177	-0.598559	-8.25255	-7.65399
BLOCK18/SES184/SA184S27	SES202	-0.789908	-8.4439	-7.65399
BLOCK18/SES184/SA184S27	SES292	-0.740532	-8.39452	-7.65399
BLOCK20/SES204/SA204S12	SES062	-0.376454	-7.75215	-7.37569
BLOCK20/SES204/SA204S12	SES083	-1.6431	-9.0188	-7.37569
BLOCK20/SES204/SA204S12	SES206	-0.409214	-7.78491	-7.37569
BLOCK20/SES204/SA204S12	SES226	-0.938847	-8.31454	-7.37569
BLOCK20/SES204/SA204S14	SES068	-0.0632315	-6.67255	-6.60932
BLOCK20/SES204/SA204S14	SES087	0.191084	-6.41824	-6.60932
BLOCK20/SES204/SA204S14	SES206	-0.450982	-7.0603	-6.60932
BLOCK20/SES204/SA204S14	SES226	-1.05886	-7.66818	-6.60932
BLOCK20/SES204/SA204S22	SES068	-0.49742	-7.83385	-7.33643
BLOCK20/SES204/SA204S22	SES082	-0.564677	-7.9011	-7.33643
BLOCK20/SES204/SA204S22	SES083	-2.09536	-9.43179	-7.33643
BLOCK20/SES204/SA204S22	SES206	-0.136182	-7.47261	-7.33643
BLOCK20/SES204/SA204S25	SES062	-0.530468	-7.62111	-7.09064
BLOCK20/SES204/SA204S25	SES083	-1.90745	-8.99809	-7.09064
BLOCK20/SES204/SA204S25	SES206	0.0657887	-7.02485	-7.09064
BLOCK20/SES204/SA204S25	SES226	-0.760214	-7.85086	-7.09064
BLOCK20/SES204/SA204S27	SES068	-0.098876	-8.17293	-8.07406
BLOCK20/SES204/SA204S27	SES082	-1.31962	-9.39367	-8.07406
BLOCK20/SES204/SA204S27	SES087	0.358099	-7.71596	-8.07406
BLOCK20/SES204/SA204S27	SES206	-1.24842	-9.32248	-8.07406
BLOCK20/SES207/SA207S10	SES127	-1.86642	-9.19136	-7.32494
BLOCK20/SES207/SA207S10	SES183	-1.03877	-8.36371	-7.32494
BLOCK20/SES207/SA207S10	SES189	-0.490184	-7.81512	-7.32494
BLOCK20/SES207/SA207S10	SES292	-1.81874	-9.14368	-7.32494
BLOCK20/SES207/SA207S11	SES127	-1.47956	-9.64934	-8.16979
BLOCK20/SES207/SA207S11	SES183	-1.4504	-9.62019	-8.16979
BLOCK20/SES207/SA207S11	SES187	-0.907786	-9.07757	-8.16979
BLOCK20/SES207/SA207S11	SES292	-0.714683	-8.88447	-8.16979
BLOCK20/SES207/SA207S25	SES068	-0.77358	-9.23372	-8.46014
BLOCK20/SES207/SA207S25	SES083	-1.91363	-10.3738	-8.46014
BLOCK20/SES207/SA207S25	SES127	-0.468098	-8.92824	-8.46014
BLOCK20/SES207/SA207S25	SES187	-0.506965	-8.96711	-8.46014
BLOCK20/SES207/SA207S27	SES127	-1.07322	-9.34434	-8.27112
BLOCK20/SES207/SA207S27	SES183	-1.20209	-9.47322	-8.27112
BLOCK20/SES207/SA207S27	SES187	-0.715871	-8.98699	-8.27112
BLOCK20/SES207/SA207S27	SES292	-1.50223	-9.77335	-8.27112
BLOCK20/SES207/SA207S29	SES083	-1.99794	-9.98699	-7.98905
BLOCK20/SES207/SA207S29	SES085	-1.06788	-9.05693	-7.98905
BLOCK20/SES207/SA207S29	SES172	-0.0693526	-8.0584	-7.98905
BLOCK20/SES207/SA207S29	SES189	-2.08597	-10.075	-7.98905
BLOCK22/SES221/SA221S12	SES068	0.192126	-6.90699	-7.09912
BLOCK22/SES221/SA221S12	SES143	-1.2244	-8.32352	-7.09912
BLOCK22/SES221/SA221S12	SES175	-0.467819	-7.56694	-7.09912
BLOCK22/SES221/SA221S12	SES202	-0.774381	-7.8735	-7.09912
BLOCK22/SES221/SA221S15	SES085	-0.141058	-7.43823	-7.29717
BLOCK22/SES221/SA221S15	SES143	-1.16173	-8.45889	-7.29717
BLOCK22/SES221/SA221S15	SES175	-0.490941	-7.78811	-7.29717
BLOCK22/SES221/SA221S15	SES187	-0.8139	-8.11107	-7.29717
BLOCK22/SES221/SA221S23	SES068	0.488986	-6.77807	-7.26705
BLOCK22/SES221/SA221S23	SES143	-1.18925	-8.4563	-7.26705
BLOCK22/SES221/SA221S23	SES175	-0.500546	-7.7676	-7.26705
BLOCK22/SES221/SA221S23	SES189	-1.51195	-8.779	-7.26705
BLOCK22/SES221/SA221S27	SES085	0.565497	-7.48384	-8.04933
BLOCK22/SES221/SA221S27	SES143	-0.903327	-8.95266	-8.04933
BLOCK22/SES221/SA221S27	SES175	-0.4089	-8.45823	-8.04933
BLOCK22/SES221/SA221S27	SES189	-0.836881	-8.88621	-8.04933
BLOCK22/SES221/SA221S29	SES085	0.481411	-6.75631	-7.23772
BLOCK22/SES221/SA221S29	SES143	-0.931005	-8.16873	-7.23772
BLOCK22/SES221/SA221S29	SES175	-0.166164	-7.40389	-7.23772
BLOCK22/SES221/SA221S29	SES187	-0.789415	-8.02714	-7.23772
BLOCK22/SES223/SA223S11	SES143	-0.81717	-8.65489	-7.83772
BLOCK22/SES223/SA223S11	SES144	-1.57399	-9.41171	-7.83772
BLOCK22/SES223/SA223S11	SES175	-0.348043	-8.18576	-7.83772
BLOCK22/SES223/SA223S11	SES187	-1.11256	-8.95028	-7.83772
BLOCK22/SES223/SA223S13	SES068	0.0122309	-7.86645	-7.87868
BLOCK22/SES223/SA223S13	SES143	-1.33935	-9.21804	-7.87868
BLOCK22/SES223/SA223S13	SES146	-0.654308	-8.53299	-7.87868
BLOCK22/SES223/SA223S13	SES202	-0.699242	-8.57792	-7.87868
BLOCK22/SES223/SA223S22	SES143	-0.208294	-7.77725	-7.56896
BLOCK22/SES223/SA223S22	SES144	-1.64419	-9.21315	-7.56896
BLOCK22/SES223/SA223S22	SES175	-0.26897	-7.83793	-7.56896
BLOCK22/SES223/SA223S22	SES187	-0.961877	-8.53083	-7.56896
BLOCK22/SES223/SA223S25	SES068	-0.549624	-8.21299	-7.66337
BLOCK22/SES223/SA223S25	SES143	-1.30469	-8.96806	-7.66337
BLOCK22/SES223/SA223S25	SES175	-0.343632	-8.007	-7.66337
BLOCK22/SES223/SA223S25	SES187	-1.06834	-8.73171	-7.66337
BLOCK22/SES223/SA223S27	SES143	-0.579962	-8.69141	-8.11145
BLOCK22/SES223/SA223S27	SES146	-1.32813	-9.43958	-8.11145
BLOCK22/SES223/SA223S27	SES187	-1.16138	-9.27283	-8.11145
BLOCK22/SES223/SA223S27	SES292	-0.458898	-8.57034	-8.11145
BLOCK27/SES273/SA273S12	SES099	0.248199	-7.57788	-7.82608
BLOCK27/SES273/SA273S12	SES104	0.530559	-7.29552	-7.82608
BLOCK27/SES273/SA273S12	SES125	0.00244093	-7.82364	-7.82608
BLOCK27/SES273/SA273S12	SES206	0.236612	-7.58947	-7.82608
BLOCK27/SES273/SA273S13	SES099	-0.429357	-7.71975	-7.29039
BLOCK27/SES273/SA273S13	SES104	0.227386	-7.06301	-7.29039
BLOCK27/SES273/SA273S13	SES206	-1.02967	-8.32006	-7.29039
BLOCK27/SES273/SA273S13	SES292	-0.658215	-7.94861	-7.29039
BLOCK27/SES273/SA273S21	SES099	-0.540036	-8.50805	-7.96801
BLOCK27/SES273/SA273S21	SES148	-1.89048	-9.85849	-7.96801
BLOCK27/SES273/SA273S21	SES149	-1.44351	-9.41152	-7.96801
BLOCK27/SES273/SA273S21	SES177	-1.65562	-9.62363	-7.96801
BLOCK27/SES273/SA273S25	SES104	0.388068	-8.17306	-8.56113
BLOCK27/SES273/SA273S25	SES125	-0.181973	-8.7431	-8.56113
BLOCK27/SES273/SA273S25	SES158	0.50918	-8.05195	-8.56113
BLOCK27/SES273/SA273S25	SES206	-0.173196	-8.73433	-8.56113
BLOCK27/SES273/SA273S27	SES099	-0.358291	-7.12457	-6.76628
BLOCK27/SES273/SA273S27	SES104	-0.257586	-7.02387	-6.76628
BLOCK27/SES273/SA273S27	SES149	-0.753695	-7.51997	-6.76628
BLOCK27/SES273/SA273S27	SES275	-0.937991	-7.70427	-6.76628
BLOCK27/SES274/SA274S10	SES105	-1.37856	-8.05296	-6.6744
BLOCK27/SES274/SA274S10	SES125	-1.18901	-7.86341	-6.6744
BLOCK27/SES274/SA274S10	SES129	-0.18715	-6.86155	-6.6744
BLOCK27/SES274/SA274S10	SES158	-3.47613	-10.1505	-6.6744
BLOCK27/SES274/SA274S11	SES105	-0.370672	-7.26431	-6.89364
BLOCK27/SES274/SA274S11	SES149	-0.145828	-7.03947	-6.89364
BLOCK27/SES274/SA274S11	SES158	-1.12014	-8.01378	-6.89364
BLOCK27/SES274/SA274S11	SES275	-0.182349	-7.07599	-6.89364
BLOCK27/SES274/SA274S21	SES105	-1.02689	-7.99663	-6.96974
BLOCK27/SES274/SA274S21	SES129	0.0126085	-6.95713	-6.96974
BLOCK27/SES274/SA274S21	SES149	-1.45932	-8.42906	-6.96974
BLOCK27/SES274/SA274S21	SES158	-2.89927	-9.86901	-6.96974
BLOCK27/SES274/SA274S24	SES105	-1.36568	-9.29234	-7.92665
BLOCK27/SES274/SA274S24	SES129	0.323222	-7.60343	-7.92665
BLOCK27/SES274/SA274S24	SES149	-1.67167	-9.59833	-7.92665
BLOCK27/SES274/SA274S24	SES158	-3.88287	-11.8095	-7.92665
BLOCK27/SES274/SA274S29	SES105	-0.988749	-8.46531	-7.47656
BLOCK27/SES274/SA274S29	SES106	-1.58743	-9.06399	-7.47656
BLOCK27/SES274/SA274S29	SES120	-0.623034	-8.09959	-7.47656
BLOCK27/SES274/SA274S29	SES275	-0.644327	-8.12089	-7.47656
BLOCK27/SES276/SA276S16	SES148	-0.163883	-7.36797	-7.20409
BLOCK27/SES276/SA276S16	SES172	0.277058	-6.92703	-7.20409
BLOCK27/SES276/SA276S16	SES180	-0.561586	-7.76567	-7.20409
BLOCK27/SES276/SA276S16	SES292	-0.602496	-7.80658	-7.20409
BLOCK27/SES276/SA276S17	SES101	-0.828452	-8.53475	-7.7063
BLOCK27/SES276/SA276S17	SES177	-0.99523	-8.70153	-7.7063
BLOCK27/SES276/SA276S17	SES180	-0.909967	-8.61627	-7.7063
BLOCK27/SES276/SA276S17	SES292	-0.91702	-8.62332	-7.7063
BLOCK27/SES276/SA276S24	SES101	-0.0241547	-7.12832	-7.10417
BLOCK27/SES276/SA276S24	SES177	-0.477937	-7.5821	-7.10417
BLOCK27/SES276/SA276S24	SES180	-0.568535	-7.6727	-7.10417
BLOCK27/SES276/SA276S24	SES292	-0.913802	-8.01797	-7.10417
BLOCK27/SES276/SA276S26	SES101	-0.84074	-7.64302	-6.80228
BLOCK27/SES276/SA276S26	SES177	-0.848714	-7.651	-6.80228
BLOCK27/SES276/SA276S26	SES180	-0.817071	-7.61936	-6.80228
BLOCK27/SES276/SA276S26	SES292	-0.153125	-6.95541	-6.80228
BLOCK27/SES276/SA276S28	SES101	-0.148825	-7.26874	-7.11992
BLOCK27/SES276/SA276S28	SES177	-0.900823	-8.02074	-7.11992
BLOCK27/SES276/SA276S28	SES180	-0.0734568	-7.19337	-7.11992
BLOCK27/SES276/SA276S28	SES292	-0.270301	-7.39022	-7.11992
BLOCK27/SES277/SA277S12	SES101	-0.225121	-8.90579	-8.68067
BLOCK27/SES277/SA277S12	SES177	-1.66723	-10.3479	-8.68067
BLOCK27/SES277/SA277S12	SES180	-1.47234	-10.153	-8.68067
BLOCK27/SES277/SA277S12	SES292	-1.56762	-10.2483	-8.68067
BLOCK27/SES277/SA277S14	SES177	-0.720894	-9.77051	-9.04962
BLOCK27/SES277/SA277S14	SES180	-1.85809	-10.9077	-9.04962
BLOCK27/SES277/SA277S14	SES189	0.399612	-8.65001	-9.04962
BLOCK27/SES277/SA277S14	SES292	-1.79803	-10.8477	-9.04962
BLOCK27/SES277/SA277S21	SES177	-0.517829	-9.27322	-8.75539
BLOCK27/SES277/SA277S21	SES180	-0.916102	-9.67149	-8.75539
BLOCK27/SES277/SA277S21	SES189	0.315375	-8.44001	-8.75539
BLOCK27/SES277/SA277S21	SES292	-2.71552	-11.4709	-8.75539
BLOCK27/SES277/SA277S24	SES144	-0.0946531	-9.28816	-9.19351
BLOCK27/SES277/SA277S24	SES177	-0.750835	-9.94434	-9.19351
BLOCK27/SES277/SA277S24	SES180	-1.90675	-11.1003	-9.19351
BLOCK27/SES277/SA277S24	SES189	0.242854	-8.95065	-9.19351
BLOCK27/SES277/SA277S29	SES177	-0.776126	-7.32543	-6.5493
BLOCK27/SES277/SA277S29	SES180	-0.547313	-7.09662	-6.5493
BLOCK27/SES277/SA277S29	SES202	-0.324416	-6.87372	-6.5493
BLOCK27/SES277/SA277S29	SES292	-1.48926	-8.03856	-6.5493
BLOCK27/SES279/SA279S09	SES120	-0.608796	-7.7167	-7.1079
BLOCK27/SES279/SA279S09	SES146	-0.789316	-7.89722	-7.1079
BLOCK27/SES279/SA279S09	SES206	-0.161029	-7.26893	-7.1079
BLOCK27/SES279/SA279S09	SES226	-0.775359	-7.88326	-7.1079
BLOCK27/SES279/SA279S10	SES099	-0.748152	-8.46266	-7.71451
BLOCK27/SES279/SA279S10	SES206	-1.09325	-8.80775	-7.71451
BLOCK27/SES279/SA279S10	SES226	-1.74985	-9.46436	-7.71451
BLOCK27/SES279/SA279S10	SES292	-0.144018	-7.85852	-7.71451
BLOCK27/SES279/SA279S20	SES099	-1.20403	-9.28095	-8.07693
BLOCK27/SES279/SA279S20	SES206	-0.205792	-8.28272	-8.07693
BLOCK27/SES279/SA279S20	SES226	-1.65943	-9.73635	-8.07693
BLOCK27/SES279/SA279S20	SES292	-0.18779	-8.26472	-8.07693
BLOCK27/SES279/SA279S26	SES099	-0.342016	-8.99155	-8.64953
BLOCK27/SES279/SA279S26	SES206	-0.25604	-8.90557	-8.64953
BLOCK27/SES279/SA279S26	SES226	-0.817774	-9.46731	-8.64953
BLOCK27/SES279/SA279S26	SES292	0.254759	-8.39477	-8.64953
BLOCK27/SES279/SA279S28	SES099	-0.58078	-7.41004	-6.82926
BLOCK27/SES279/SA279S28	SES120	-0.498135	-7.32739	-6.82926
BLOCK27/SES279/SA279S28	SES177	-1.65313	-8.48238	-6.82926
BLOCK27/SES279/SA279S28	SES206	-0.560688	-7.38995	-6.82926
BLOCK29/SES290/SA290S12	SES162	0.11462	-6.10551	-6.22013
BLOCK29/SES290/SA290S12	SES177	-0.00130415	-6.22143	-6.22013
BLOCK29/SES290/SA290S12	SES180	-0.152983	-6.37311	-6.22013
BLOCK29/SES290/SA290S12	SES292	-0.773293	-6.99342	-6.22013
BLOCK29/SES290/SA290S13	SES007	0.163488	-6.66078	-6.82427
BLOCK29/SES290/SA290S13	SES162	-0.840425	-7.66469	-6.82427
BLOCK29/SES290/SA290S13	SES177	-0.602435	-7.42671	-6.82427
BLOCK29/SES290/SA290S13	SES180	-0.0286179	-6.85289	-6.82427
BLOCK29/SES290/SA290S22	SES177	-0.385556	-7.21358	-6.82803
BLOCK29/SES290/SA290S22	SES180	-0.693728	-7.52175	-6.82803
BLOCK29/SES290/SA290S22	SES202	-0.378412	-7.20644	-6.82803
BLOCK29/SES290/SA290S22	SES292	-0.306868	-7.13489	-6.82803
BLOCK29/SES290/SA290S25	SES162	-0.726617	-7.33337	-6.60675
BLOCK29/SES290/SA290S25	SES177	-0.573909	-7.18066	-6.60675
BLOCK29/SES290/SA290S25	SES180	-0.822143	-7.4289	-6.60675
BLOCK29/SES290/SA290S25	SES292	-0.514453	-7.12121	-6.60675
BLOCK29/SES290/SA290S29	SES177	-0.157834	-6.72698	-6.56915
BLOCK29/SES290/SA290S29	SES180	0.282003	-6.28714	-6.56915
BLOCK29/SES290/SA290S29	SES275	-0.152957	-6.7221	-6.56915
BLOCK29/SES290/SA290S29	SES292	-0.318851	-6.888	-6.56915
BLOCK29/SES291/SA291S11	SES105	-0.945449	-9.42385	-8.4784
BLOCK29/SES291/SA291S11	SES125	-0.507842	-8.98624	-8.4784
BLOCK29/SES291/SA291S11	SES158	0.0117893	-8.46661	-8.4784
BLOCK29/SES291/SA291S11	SES275	-0.644649	-9.12305	-8.4784
BLOCK29/SES291/SA291S12	SES158	0.804014	-7.15327	-7.95728
BLOCK29/SES291/SA291S12	SES226	-0.37701	-8.33429	-7.95728
BLOCK29/SES291/SA291S12	SES270	-0.532476	-8.48976	-7.95728
BLOCK29/SES291/SA291S12	SES275	-1.93539	-9.89267	-7.95728
BLOCK29/SES291/SA291S22	SES082	-0.149321	-8.19948	-8.05016
BLOCK29/SES291/SA291S22	SES158	0.143846	-7.90631	-8.05016
BLOCK29/SES291/SA291S22	SES259	-0.561077	-8.61124	-8.05016
BLOCK29/SES291/SA291S22	SES275	-1.47928	-9.52944	-8.05016
BLOCK29/SES291/SA291S24	SES104	0.417598	-7.0901	-7.5077
BLOCK29/SES291/SA291S24	SES125	-0.211439	-7.71914	-7.5077
BLOCK29/SES291/SA291S24	SES158	0.173731	-7.33397	-7.5077
BLOCK29/SES291/SA291S24	SES275	-1.26623	-8.77393	-7.5077
BLOCK29/SES291/SA291S27	SES158	0.546783	-6.93301	-7.47979
BLOCK29/SES291/SA291S27	SES172	-1.67086	-9.15065	-7.47979
BLOCK29/SES291/SA291S27	SES275	-1.22829	-8.70808	-7.47979
BLOCK29/SES291/SA291S27	SES292	-0.194403	-7.67419	-7.47979
